{"/home/runner/work/ast-v8-to-istanbul/ast-v8-to-istanbul/src/ast.ts": {"path":"/home/runner/work/ast-v8-to-istanbul/ast-v8-to-istanbul/src/ast.ts","statementMap":{"0":{"start":{"line":109,"column":33},"end":{"line":109,"column":null}},"1":{"start":{"line":111,"column":2},"end":{"line":315,"column":null}},"2":{"start":{"line":113,"column":6},"end":{"line":115,"column":null}},"3":{"start":{"line":114,"column":8},"end":{"line":114,"column":null}},"4":{"start":{"line":117,"column":19},"end":{"line":117,"column":null}},"5":{"start":{"line":119,"column":6},"end":{"line":122,"column":null}},"6":{"start":{"line":120,"column":8},"end":{"line":120,"column":null}},"7":{"start":{"line":121,"column":8},"end":{"line":121,"column":null}},"8":{"start":{"line":124,"column":6},"end":{"line":126,"column":null}},"9":{"start":{"line":125,"column":8},"end":{"line":125,"column":null}},"10":{"start":{"line":128,"column":6},"end":{"line":308,"column":null}},"11":{"start":{"line":131,"column":10},"end":{"line":131,"column":null}},"12":{"start":{"line":134,"column":10},"end":{"line":139,"column":null}},"13":{"start":{"line":135,"column":12},"end":{"line":138,"column":null}},"14":{"start":{"line":136,"column":14},"end":{"line":136,"column":null}},"15":{"start":{"line":137,"column":14},"end":{"line":137,"column":null}},"16":{"start":{"line":140,"column":10},"end":{"line":140,"column":null}},"17":{"start":{"line":143,"column":10},"end":{"line":143,"column":null}},"18":{"start":{"line":146,"column":10},"end":{"line":146,"column":null}},"19":{"start":{"line":150,"column":10},"end":{"line":157,"column":null}},"20":{"start":{"line":154,"column":12},"end":{"line":156,"column":null}},"21":{"start":{"line":159,"column":10},"end":{"line":159,"column":null}},"22":{"start":{"line":164,"column":10},"end":{"line":164,"column":null}},"23":{"start":{"line":167,"column":10},"end":{"line":167,"column":null}},"24":{"start":{"line":170,"column":10},"end":{"line":170,"column":null}},"25":{"start":{"line":173,"column":10},"end":{"line":173,"column":null}},"26":{"start":{"line":176,"column":10},"end":{"line":176,"column":null}},"27":{"start":{"line":179,"column":10},"end":{"line":179,"column":null}},"28":{"start":{"line":182,"column":10},"end":{"line":182,"column":null}},"29":{"start":{"line":185,"column":10},"end":{"line":185,"column":null}},"30":{"start":{"line":188,"column":10},"end":{"line":188,"column":null}},"31":{"start":{"line":191,"column":10},"end":{"line":191,"column":null}},"32":{"start":{"line":194,"column":10},"end":{"line":194,"column":null}},"33":{"start":{"line":197,"column":10},"end":{"line":197,"column":null}},"34":{"start":{"line":200,"column":10},"end":{"line":200,"column":null}},"35":{"start":{"line":203,"column":10},"end":{"line":203,"column":null}},"36":{"start":{"line":206,"column":10},"end":{"line":206,"column":null}},"37":{"start":{"line":209,"column":28},"end":{"line":209,"column":null}},"38":{"start":{"line":211,"column":10},"end":{"line":228,"column":null}},"39":{"start":{"line":212,"column":12},"end":{"line":223,"column":null}},"40":{"start":{"line":213,"column":14},"end":{"line":222,"column":null}},"41":{"start":{"line":217,"column":29},"end":{"line":217,"column":null}},"42":{"start":{"line":219,"column":16},"end":{"line":221,"column":null}},"43":{"start":{"line":220,"column":18},"end":{"line":220,"column":null}},"44":{"start":{"line":225,"column":12},"end":{"line":227,"column":null}},"45":{"start":{"line":226,"column":25},"end":{"line":226,"column":null}},"46":{"start":{"line":230,"column":10},"end":{"line":230,"column":null}},"47":{"start":{"line":235,"column":27},"end":{"line":235,"column":null}},"48":{"start":{"line":237,"column":10},"end":{"line":244,"column":null}},"49":{"start":{"line":238,"column":12},"end":{"line":243,"column":null}},"50":{"start":{"line":246,"column":10},"end":{"line":253,"column":null}},"51":{"start":{"line":247,"column":12},"end":{"line":252,"column":null}},"52":{"start":{"line":255,"column":10},"end":{"line":259,"column":null}},"53":{"start":{"line":256,"column":12},"end":{"line":256,"column":null}},"54":{"start":{"line":258,"column":12},"end":{"line":258,"column":null}},"55":{"start":{"line":261,"column":10},"end":{"line":265,"column":null}},"56":{"start":{"line":262,"column":12},"end":{"line":262,"column":null}},"57":{"start":{"line":263,"column":10},"end":{"line":265,"column":null}},"58":{"start":{"line":264,"column":12},"end":{"line":264,"column":null}},"59":{"start":{"line":267,"column":10},"end":{"line":267,"column":null}},"60":{"start":{"line":270,"column":10},"end":{"line":270,"column":null}},"61":{"start":{"line":273,"column":10},"end":{"line":273,"column":null}},"62":{"start":{"line":280,"column":10},"end":{"line":290,"column":null}},"63":{"start":{"line":281,"column":12},"end":{"line":288,"column":null}},"64":{"start":{"line":282,"column":14},"end":{"line":282,"column":null}},"65":{"start":{"line":284,"column":14},"end":{"line":287,"column":null}},"66":{"start":{"line":285,"column":16},"end":{"line":285,"column":null}},"67":{"start":{"line":286,"column":16},"end":{"line":286,"column":null}},"68":{"start":{"line":289,"column":12},"end":{"line":289,"column":null}},"69":{"start":{"line":276,"column":10},"end":{"line":276,"column":null}},"70":{"start":{"line":276,"column":31},"end":{"line":276,"column":null}},"71":{"start":{"line":278,"column":35},"end":{"line":278,"column":null}},"72":{"start":{"line":292,"column":10},"end":{"line":292,"column":null}},"73":{"start":{"line":293,"column":10},"end":{"line":293,"column":null}},"74":{"start":{"line":296,"column":10},"end":{"line":296,"column":null}},"75":{"start":{"line":301,"column":10},"end":{"line":301,"column":null}},"76":{"start":{"line":306,"column":10},"end":{"line":306,"column":null}},"77":{"start":{"line":311,"column":6},"end":{"line":313,"column":null}},"78":{"start":{"line":312,"column":8},"end":{"line":312,"column":null}},"79":{"start":{"line":318,"column":4},"end":{"line":322,"column":null}},"80":{"start":{"line":319,"column":6},"end":{"line":321,"column":null}},"81":{"start":{"line":320,"column":8},"end":{"line":320,"column":null}},"82":{"start":{"line":324,"column":4},"end":{"line":324,"column":null}},"83":{"start":{"line":329,"column":2},"end":{"line":331,"column":null}},"84":{"start":{"line":330,"column":4},"end":{"line":330,"column":null}},"85":{"start":{"line":333,"column":2},"end":{"line":335,"column":null}},"86":{"start":{"line":334,"column":4},"end":{"line":334,"column":null}},"87":{"start":{"line":340,"column":2},"end":{"line":340,"column":null}},"88":{"start":{"line":345,"column":2},"end":{"line":345,"column":null}}},"fnMap":{"0":{"name":"walk","decl":{"start":{"line":103,"column":22},"end":{"line":103,"column":null}},"loc":{"start":{"line":108,"column":2},"end":{"line":326,"column":null}},"line":108},"1":{"name":"(anonymous_1)","decl":{"start":{"line":112,"column":10},"end":{"line":112,"column":16}},"loc":{"start":{"line":112,"column":22},"end":{"line":309,"column":null}},"line":112},"2":{"name":"(anonymous_2)","decl":{"start":{"line":226,"column":14},"end":{"line":226,"column":15}},"loc":{"start":{"line":226,"column":25},"end":{"line":226,"column":null}},"line":226},"3":{"name":"(anonymous_3)","decl":{"start":{"line":280,"column":10},"end":{"line":280,"column":19}},"loc":{"start":{"line":280,"column":38},"end":{"line":290,"column":null}},"line":280},"4":{"name":"(anonymous_4)","decl":{"start":{"line":310,"column":10},"end":{"line":310,"column":16}},"loc":{"start":{"line":310,"column":22},"end":{"line":314,"column":null}},"line":310},"5":{"name":"getIgnoreHint","decl":{"start":{"line":317,"column":11},"end":{"line":317,"column":25}},"loc":{"start":{"line":317,"column":37},"end":{"line":325,"column":null}},"line":317},"6":{"name":"getFunctionName","decl":{"start":{"line":328,"column":16},"end":{"line":328,"column":32}},"loc":{"start":{"line":328,"column":56},"end":{"line":336,"column":null}},"line":328},"7":{"name":"setSkipped","decl":{"start":{"line":338,"column":9},"end":{"line":338,"column":20}},"loc":{"start":{"line":338,"column":44},"end":{"line":341,"column":null}},"line":338},"8":{"name":"isSkipped","decl":{"start":{"line":343,"column":9},"end":{"line":343,"column":19}},"loc":{"start":{"line":343,"column":43},"end":{"line":346,"column":null}},"line":343}},"branchMap":{"0":{"loc":{"start":{"line":113,"column":6},"end":{"line":115,"column":null}},"type":"if","locations":[{"start":{"line":113,"column":6},"end":{"line":115,"column":null}},{"start":{},"end":{}}],"line":113},"1":{"loc":{"start":{"line":119,"column":6},"end":{"line":122,"column":null}},"type":"if","locations":[{"start":{"line":119,"column":6},"end":{"line":122,"column":null}},{"start":{},"end":{}}],"line":119},"2":{"loc":{"start":{"line":124,"column":6},"end":{"line":126,"column":null}},"type":"if","locations":[{"start":{"line":124,"column":6},"end":{"line":126,"column":null}},{"start":{},"end":{}}],"line":124},"3":{"loc":{"start":{"line":128,"column":6},"end":{"line":308,"column":null}},"type":"switch","locations":[{"start":{"line":130,"column":8},"end":{"line":132,"column":null}},{"start":{"line":133,"column":8},"end":{"line":141,"column":null}},{"start":{"line":142,"column":8},"end":{"line":144,"column":null}},{"start":{"line":145,"column":8},"end":{"line":147,"column":null}},{"start":{"line":148,"column":8},"end":{"line":160,"column":null}},{"start":{"line":163,"column":8},"end":{"line":165,"column":null}},{"start":{"line":166,"column":8},"end":{"line":168,"column":null}},{"start":{"line":169,"column":8},"end":{"line":171,"column":null}},{"start":{"line":172,"column":8},"end":{"line":174,"column":null}},{"start":{"line":175,"column":8},"end":{"line":177,"column":null}},{"start":{"line":178,"column":8},"end":{"line":180,"column":null}},{"start":{"line":181,"column":8},"end":{"line":183,"column":null}},{"start":{"line":184,"column":8},"end":{"line":186,"column":null}},{"start":{"line":187,"column":8},"end":{"line":189,"column":null}},{"start":{"line":190,"column":8},"end":{"line":192,"column":null}},{"start":{"line":193,"column":8},"end":{"line":195,"column":null}},{"start":{"line":196,"column":8},"end":{"line":198,"column":null}},{"start":{"line":199,"column":8},"end":{"line":201,"column":null}},{"start":{"line":202,"column":8},"end":{"line":204,"column":null}},{"start":{"line":205,"column":8},"end":{"line":207,"column":null}},{"start":{"line":208,"column":8},"end":{"line":231,"column":null}},{"start":{"line":234,"column":8},"end":{"line":268,"column":null}},{"start":{"line":269,"column":8},"end":{"line":271,"column":null}},{"start":{"line":272,"column":8},"end":{"line":274,"column":null}},{"start":{"line":275,"column":8},"end":{"line":294,"column":null}},{"start":{"line":295,"column":8},"end":{"line":297,"column":null}},{"start":{"line":300,"column":8},"end":{"line":302,"column":null}},{"start":{"line":305,"column":8},"end":{"line":307,"column":null}}],"line":128},"4":{"loc":{"start":{"line":134,"column":10},"end":{"line":139,"column":null}},"type":"if","locations":[{"start":{"line":134,"column":10},"end":{"line":139,"column":null}},{"start":{},"end":{}}],"line":134},"5":{"loc":{"start":{"line":134,"column":14},"end":{"line":134,"column":51}},"type":"binary-expr","locations":[{"start":{"line":134,"column":14},"end":{"line":134,"column":36}},{"start":{"line":134,"column":36},"end":{"line":134,"column":51}}],"line":134},"6":{"loc":{"start":{"line":135,"column":12},"end":{"line":138,"column":null}},"type":"if","locations":[{"start":{"line":135,"column":12},"end":{"line":138,"column":null}},{"start":{},"end":{}}],"line":135},"7":{"loc":{"start":{"line":150,"column":10},"end":{"line":157,"column":null}},"type":"if","locations":[{"start":{"line":150,"column":10},"end":{"line":157,"column":null}},{"start":{},"end":{}}],"line":150},"8":{"loc":{"start":{"line":211,"column":10},"end":{"line":228,"column":null}},"type":"if","locations":[{"start":{"line":211,"column":10},"end":{"line":228,"column":null}},{"start":{},"end":{}}],"line":211},"9":{"loc":{"start":{"line":213,"column":14},"end":{"line":222,"column":null}},"type":"if","locations":[{"start":{"line":213,"column":14},"end":{"line":222,"column":null}},{"start":{},"end":{}}],"line":213},"10":{"loc":{"start":{"line":214,"column":16},"end":{"line":215,"column":null}},"type":"binary-expr","locations":[{"start":{"line":214,"column":16},"end":{"line":214,"column":null}},{"start":{"line":215,"column":16},"end":{"line":215,"column":null}}],"line":214},"11":{"loc":{"start":{"line":217,"column":29},"end":{"line":217,"column":null}},"type":"binary-expr","locations":[{"start":{"line":217,"column":29},"end":{"line":217,"column":64}},{"start":{"line":217,"column":64},"end":{"line":217,"column":null}}],"line":217},"12":{"loc":{"start":{"line":219,"column":16},"end":{"line":221,"column":null}},"type":"if","locations":[{"start":{"line":219,"column":16},"end":{"line":221,"column":null}},{"start":{},"end":{}}],"line":219},"13":{"loc":{"start":{"line":219,"column":20},"end":{"line":219,"column":63}},"type":"binary-expr","locations":[{"start":{"line":219,"column":20},"end":{"line":219,"column":28}},{"start":{"line":219,"column":28},"end":{"line":219,"column":63}}],"line":219},"14":{"loc":{"start":{"line":237,"column":10},"end":{"line":244,"column":null}},"type":"if","locations":[{"start":{"line":237,"column":10},"end":{"line":244,"column":null}},{"start":{},"end":{}}],"line":237},"15":{"loc":{"start":{"line":246,"column":10},"end":{"line":253,"column":null}},"type":"if","locations":[{"start":{"line":246,"column":10},"end":{"line":253,"column":null}},{"start":{},"end":{}}],"line":246},"16":{"loc":{"start":{"line":246,"column":14},"end":{"line":246,"column":74}},"type":"binary-expr","locations":[{"start":{"line":246,"column":14},"end":{"line":246,"column":32}},{"start":{"line":246,"column":32},"end":{"line":246,"column":74}}],"line":246},"17":{"loc":{"start":{"line":255,"column":10},"end":{"line":259,"column":null}},"type":"if","locations":[{"start":{"line":255,"column":10},"end":{"line":259,"column":null}},{"start":{"line":257,"column":17},"end":{"line":259,"column":null}}],"line":255},"18":{"loc":{"start":{"line":261,"column":10},"end":{"line":265,"column":null}},"type":"if","locations":[{"start":{"line":261,"column":10},"end":{"line":265,"column":null}},{"start":{"line":263,"column":10},"end":{"line":265,"column":null}}],"line":261},"19":{"loc":{"start":{"line":261,"column":14},"end":{"line":261,"column":49}},"type":"binary-expr","locations":[{"start":{"line":261,"column":14},"end":{"line":261,"column":33}},{"start":{"line":261,"column":33},"end":{"line":261,"column":49}}],"line":261},"20":{"loc":{"start":{"line":263,"column":10},"end":{"line":265,"column":null}},"type":"if","locations":[{"start":{"line":263,"column":10},"end":{"line":265,"column":null}},{"start":{},"end":{}}],"line":263},"21":{"loc":{"start":{"line":281,"column":12},"end":{"line":288,"column":null}},"type":"if","locations":[{"start":{"line":281,"column":12},"end":{"line":288,"column":null}},{"start":{},"end":{}}],"line":281},"22":{"loc":{"start":{"line":284,"column":14},"end":{"line":287,"column":null}},"type":"if","locations":[{"start":{"line":284,"column":14},"end":{"line":287,"column":null}},{"start":{},"end":{}}],"line":284},"23":{"loc":{"start":{"line":276,"column":10},"end":{"line":276,"column":null}},"type":"if","locations":[{"start":{"line":276,"column":10},"end":{"line":276,"column":null}},{"start":{},"end":{}}],"line":276},"24":{"loc":{"start":{"line":311,"column":6},"end":{"line":313,"column":null}},"type":"if","locations":[{"start":{"line":311,"column":6},"end":{"line":313,"column":null}},{"start":{},"end":{}}],"line":311},"25":{"loc":{"start":{"line":319,"column":6},"end":{"line":321,"column":null}},"type":"if","locations":[{"start":{"line":319,"column":6},"end":{"line":321,"column":null}},{"start":{},"end":{}}],"line":319},"26":{"loc":{"start":{"line":329,"column":2},"end":{"line":331,"column":null}},"type":"if","locations":[{"start":{"line":329,"column":2},"end":{"line":331,"column":null}},{"start":{},"end":{}}],"line":329},"27":{"loc":{"start":{"line":333,"column":2},"end":{"line":335,"column":null}},"type":"if","locations":[{"start":{"line":333,"column":2},"end":{"line":335,"column":null}},{"start":{},"end":{}}],"line":333},"28":{"loc":{"start":{"line":333,"column":6},"end":{"line":333,"column":31}},"type":"binary-expr","locations":[{"start":{"line":333,"column":6},"end":{"line":333,"column":22}},{"start":{"line":333,"column":22},"end":{"line":333,"column":31}}],"line":333}},"s":{"0":884,"1":884,"2":29004,"3":1799,"4":27205,"5":27205,"6":80,"7":80,"8":27125,"9":79,"10":27125,"11":216,"12":128,"13":16,"14":8,"15":8,"16":120,"17":24,"18":249,"19":132,"20":3,"21":132,"22":1872,"23":92,"24":24,"25":0,"26":308,"27":20,"28":24,"29":60,"30":8,"31":12,"32":36,"33":20,"34":0,"35":20,"36":756,"37":48,"38":48,"39":16,"40":36,"41":28,"42":28,"43":8,"44":16,"45":36,"46":48,"47":592,"48":592,"49":292,"50":592,"51":276,"52":592,"53":36,"54":556,"55":592,"56":24,"57":568,"58":532,"59":592,"60":80,"61":84,"62":140,"63":401,"64":147,"65":147,"66":140,"67":140,"68":261,"69":140,"70":19,"71":121,"72":121,"73":121,"74":88,"75":8,"76":12,"77":29004,"78":167,"79":27352,"80":2786,"81":191,"82":27161,"83":620,"84":208,"85":412,"86":208,"87":215,"88":27301},"f":{"0":884,"1":29004,"2":36,"3":401,"4":29004,"5":27352,"6":620,"7":215,"8":27301},"b":{"0":[1799,27205],"1":[80,27125],"2":[79,27046],"3":[27125,128,24,249,132,1872,92,24,0,308,20,24,60,8,12,36,20,0,20,756,48,592,80,84,140,88,8,12],"4":[16,112],"5":[128,51],"6":[8,8],"7":[3,129],"8":[16,32],"9":[28,8],"10":[36,15],"11":[28,28],"12":[8,20],"13":[28,28],"14":[292,300],"15":[276,316],"16":[592,356],"17":[36,556],"18":[24,568],"19":[592,40],"20":[532,36],"21":[147,254],"22":[140,7],"23":[19,121],"24":[167,28837],"25":[191,2595],"26":[208,412],"27":[208,204],"28":[412,364]},"meta":{"lastBranch":29,"lastFunction":9,"lastStatement":89,"seen":{"f:103:22:103:Infinity":0,"s:109:33:109:Infinity":0,"s:111:2:315:Infinity":1,"f:112:10:112:16":1,"b:113:6:115:Infinity:undefined:undefined:undefined:undefined":0,"s:113:6:115:Infinity":2,"s:114:8:114:Infinity":3,"s:117:19:117:Infinity":4,"b:119:6:122:Infinity:undefined:undefined:undefined:undefined":1,"s:119:6:122:Infinity":5,"s:120:8:120:Infinity":6,"s:121:8:121:Infinity":7,"b:124:6:126:Infinity:undefined:undefined:undefined:undefined":2,"s:124:6:126:Infinity":8,"s:125:8:125:Infinity":9,"b:130:8:132:Infinity:133:8:141:Infinity:142:8:144:Infinity:145:8:147:Infinity:148:8:160:Infinity:163:8:165:Infinity:166:8:168:Infinity:169:8:171:Infinity:172:8:174:Infinity:175:8:177:Infinity:178:8:180:Infinity:181:8:183:Infinity:184:8:186:Infinity:187:8:189:Infinity:190:8:192:Infinity:193:8:195:Infinity:196:8:198:Infinity:199:8:201:Infinity:202:8:204:Infinity:205:8:207:Infinity:208:8:231:Infinity:234:8:268:Infinity:269:8:271:Infinity:272:8:274:Infinity:275:8:294:Infinity:295:8:297:Infinity:300:8:302:Infinity:305:8:307:Infinity":3,"s:128:6:308:Infinity":10,"s:131:10:131:Infinity":11,"b:134:10:139:Infinity:undefined:undefined:undefined:undefined":4,"s:134:10:139:Infinity":12,"b:134:14:134:36:134:36:134:51":5,"b:135:12:138:Infinity:undefined:undefined:undefined:undefined":6,"s:135:12:138:Infinity":13,"s:136:14:136:Infinity":14,"s:137:14:137:Infinity":15,"s:140:10:140:Infinity":16,"s:143:10:143:Infinity":17,"s:146:10:146:Infinity":18,"b:150:10:157:Infinity:undefined:undefined:undefined:undefined":7,"s:150:10:157:Infinity":19,"s:154:12:156:Infinity":20,"s:159:10:159:Infinity":21,"s:164:10:164:Infinity":22,"s:167:10:167:Infinity":23,"s:170:10:170:Infinity":24,"s:173:10:173:Infinity":25,"s:176:10:176:Infinity":26,"s:179:10:179:Infinity":27,"s:182:10:182:Infinity":28,"s:185:10:185:Infinity":29,"s:188:10:188:Infinity":30,"s:191:10:191:Infinity":31,"s:194:10:194:Infinity":32,"s:197:10:197:Infinity":33,"s:200:10:200:Infinity":34,"s:203:10:203:Infinity":35,"s:206:10:206:Infinity":36,"s:209:28:209:Infinity":37,"b:211:10:228:Infinity:undefined:undefined:undefined:undefined":8,"s:211:10:228:Infinity":38,"s:212:12:223:Infinity":39,"b:213:14:222:Infinity:undefined:undefined:undefined:undefined":9,"s:213:14:222:Infinity":40,"b:214:16:214:Infinity:215:16:215:Infinity":10,"s:217:29:217:Infinity":41,"b:217:29:217:64:217:64:217:Infinity":11,"b:219:16:221:Infinity:undefined:undefined:undefined:undefined":12,"s:219:16:221:Infinity":42,"b:219:20:219:28:219:28:219:63":13,"s:220:18:220:Infinity":43,"s:225:12:227:Infinity":44,"f:226:14:226:15":2,"s:226:25:226:Infinity":45,"s:230:10:230:Infinity":46,"s:235:27:235:Infinity":47,"b:237:10:244:Infinity:undefined:undefined:undefined:undefined":14,"s:237:10:244:Infinity":48,"s:238:12:243:Infinity":49,"b:246:10:253:Infinity:undefined:undefined:undefined:undefined":15,"s:246:10:253:Infinity":50,"b:246:14:246:32:246:32:246:74":16,"s:247:12:252:Infinity":51,"b:255:10:259:Infinity:257:17:259:Infinity":17,"s:255:10:259:Infinity":52,"s:256:12:256:Infinity":53,"s:258:12:258:Infinity":54,"b:261:10:265:Infinity:263:10:265:Infinity":18,"s:261:10:265:Infinity":55,"b:261:14:261:33:261:33:261:49":19,"s:262:12:262:Infinity":56,"b:263:10:265:Infinity:undefined:undefined:undefined:undefined":20,"s:263:10:265:Infinity":57,"s:264:12:264:Infinity":58,"s:267:10:267:Infinity":59,"s:270:10:270:Infinity":60,"s:273:10:273:Infinity":61,"s:280:10:290:Infinity":62,"f:280:10:280:19":3,"b:281:12:288:Infinity:undefined:undefined:undefined:undefined":21,"s:281:12:288:Infinity":63,"s:282:14:282:Infinity":64,"b:284:14:287:Infinity:undefined:undefined:undefined:undefined":22,"s:284:14:287:Infinity":65,"s:285:16:285:Infinity":66,"s:286:16:286:Infinity":67,"s:289:12:289:Infinity":68,"b:276:10:276:Infinity:undefined:undefined:undefined:undefined":23,"s:276:10:276:Infinity":69,"s:276:31:276:Infinity":70,"s:278:35:278:Infinity":71,"s:292:10:292:Infinity":72,"s:293:10:293:Infinity":73,"s:296:10:296:Infinity":74,"s:301:10:301:Infinity":75,"s:306:10:306:Infinity":76,"f:310:10:310:16":4,"b:311:6:313:Infinity:undefined:undefined:undefined:undefined":24,"s:311:6:313:Infinity":77,"s:312:8:312:Infinity":78,"f:317:11:317:25":5,"s:318:4:322:Infinity":79,"b:319:6:321:Infinity:undefined:undefined:undefined:undefined":25,"s:319:6:321:Infinity":80,"s:320:8:320:Infinity":81,"s:324:4:324:Infinity":82,"f:328:16:328:32":6,"b:329:2:331:Infinity:undefined:undefined:undefined:undefined":26,"s:329:2:331:Infinity":83,"s:330:4:330:Infinity":84,"b:333:2:335:Infinity:undefined:undefined:undefined:undefined":27,"s:333:2:335:Infinity":85,"b:333:6:333:22:333:22:333:31":28,"s:334:4:334:Infinity":86,"f:338:9:338:20":7,"s:340:2:340:Infinity":87,"f:343:9:343:19":8,"s:345:2:345:Infinity":88}}}
,"/home/runner/work/ast-v8-to-istanbul/ast-v8-to-istanbul/src/coverage-map.ts": {"path":"/home/runner/work/ast-v8-to-istanbul/ast-v8-to-istanbul/src/coverage-map.ts","statementMap":{"0":{"start":{"line":31,"column":32},"end":{"line":31,"column":null}},"1":{"start":{"line":32,"column":8},"end":{"line":32,"column":null}},"2":{"start":{"line":34,"column":2},"end":{"line":64,"column":null}},"3":{"start":{"line":35,"column":15},"end":{"line":35,"column":null}},"4":{"start":{"line":37,"column":4},"end":{"line":43,"column":null}},"5":{"start":{"line":38,"column":6},"end":{"line":42,"column":null}},"6":{"start":{"line":39,"column":8},"end":{"line":39,"column":null}},"7":{"start":{"line":41,"column":8},"end":{"line":41,"column":null}},"8":{"start":{"line":45,"column":23},"end":{"line":50,"column":null}},"9":{"start":{"line":52,"column":4},"end":{"line":63,"column":null}},"10":{"start":{"line":66,"column":2},"end":{"line":66,"column":null}},"11":{"start":{"line":77,"column":23},"end":{"line":77,"column":null}},"12":{"start":{"line":78,"column":16},"end":{"line":78,"column":null}},"13":{"start":{"line":80,"column":14},"end":{"line":80,"column":null}},"14":{"start":{"line":81,"column":14},"end":{"line":81,"column":null}},"15":{"start":{"line":83,"column":2},"end":{"line":94,"column":null}},"16":{"start":{"line":84,"column":4},"end":{"line":84,"column":null}},"17":{"start":{"line":85,"column":4},"end":{"line":85,"column":null}},"18":{"start":{"line":86,"column":4},"end":{"line":86,"column":null}},"19":{"start":{"line":88,"column":4},"end":{"line":93,"column":null}},"20":{"start":{"line":96,"column":2},"end":{"line":96,"column":null}},"21":{"start":{"line":97,"column":2},"end":{"line":97,"column":null}},"22":{"start":{"line":106,"column":23},"end":{"line":106,"column":null}},"23":{"start":{"line":107,"column":16},"end":{"line":107,"column":null}},"24":{"start":{"line":109,"column":14},"end":{"line":109,"column":null}},"25":{"start":{"line":110,"column":14},"end":{"line":110,"column":null}},"26":{"start":{"line":112,"column":2},"end":{"line":117,"column":null}},"27":{"start":{"line":113,"column":4},"end":{"line":113,"column":null}},"28":{"start":{"line":114,"column":4},"end":{"line":114,"column":null}},"29":{"start":{"line":115,"column":4},"end":{"line":115,"column":null}},"30":{"start":{"line":116,"column":4},"end":{"line":116,"column":null}},"31":{"start":{"line":119,"column":2},"end":{"line":119,"column":null}},"32":{"start":{"line":130,"column":23},"end":{"line":130,"column":null}},"33":{"start":{"line":131,"column":16},"end":{"line":131,"column":null}},"34":{"start":{"line":133,"column":14},"end":{"line":133,"column":null}},"35":{"start":{"line":134,"column":14},"end":{"line":134,"column":null}},"36":{"start":{"line":136,"column":2},"end":{"line":148,"column":null}},"37":{"start":{"line":137,"column":4},"end":{"line":137,"column":null}},"38":{"start":{"line":138,"column":4},"end":{"line":138,"column":null}},"39":{"start":{"line":139,"column":4},"end":{"line":139,"column":null}},"40":{"start":{"line":141,"column":4},"end":{"line":147,"column":null}},"41":{"start":{"line":145,"column":48},"end":{"line":145,"column":65}},"42":{"start":{"line":150,"column":2},"end":{"line":152,"column":null}},"43":{"start":{"line":151,"column":4},"end":{"line":151,"column":null}},"44":{"start":{"line":154,"column":2},"end":{"line":156,"column":null}},"45":{"start":{"line":155,"column":4},"end":{"line":155,"column":null}},"46":{"start":{"line":160,"column":2},"end":{"line":163,"column":null}},"47":{"start":{"line":167,"column":2},"end":{"line":167,"column":null}}},"fnMap":{"0":{"name":"createCoverageMapData","decl":{"start":{"line":30,"column":16},"end":{"line":30,"column":38}},"loc":{"start":{"line":30,"column":77},"end":{"line":67,"column":null}},"line":30},"1":{"name":"addFunction","decl":{"start":{"line":69,"column":16},"end":{"line":69,"column":28}},"loc":{"start":{"line":76,"column":3},"end":{"line":98,"column":null}},"line":76},"2":{"name":"addStatement","decl":{"start":{"line":100,"column":16},"end":{"line":100,"column":29}},"loc":{"start":{"line":105,"column":3},"end":{"line":120,"column":null}},"line":105},"3":{"name":"addBranch","decl":{"start":{"line":122,"column":16},"end":{"line":122,"column":26}},"loc":{"start":{"line":129,"column":3},"end":{"line":157,"column":null}},"line":129},"4":{"name":"(anonymous_4)","decl":{"start":{"line":145,"column":39},"end":{"line":145,"column":40}},"loc":{"start":{"line":145,"column":48},"end":{"line":145,"column":65}},"line":145},"5":{"name":"(anonymous_5)","decl":{"start":{"line":154,"column":27},"end":{"line":154,"column":28}},"loc":{"start":{"line":154,"column":39},"end":{"line":156,"column":3}},"line":154},"6":{"name":"pickLocation","decl":{"start":{"line":159,"column":9},"end":{"line":159,"column":22}},"loc":{"start":{"line":159,"column":59},"end":{"line":164,"column":null}},"line":159},"7":{"name":"cacheKey","decl":{"start":{"line":166,"column":9},"end":{"line":166,"column":18}},"loc":{"start":{"line":166,"column":73},"end":{"line":168,"column":null}},"line":166}},"branchMap":{"0":{"loc":{"start":{"line":37,"column":4},"end":{"line":43,"column":null}},"type":"if","locations":[{"start":{"line":37,"column":4},"end":{"line":43,"column":null}},{"start":{},"end":{}}],"line":37},"1":{"loc":{"start":{"line":38,"column":6},"end":{"line":42,"column":null}},"type":"if","locations":[{"start":{"line":38,"column":6},"end":{"line":42,"column":null}},{"start":{"line":40,"column":13},"end":{"line":42,"column":null}}],"line":38},"2":{"loc":{"start":{"line":83,"column":2},"end":{"line":94,"column":null}},"type":"if","locations":[{"start":{"line":83,"column":2},"end":{"line":94,"column":null}},{"start":{},"end":{}}],"line":83},"3":{"loc":{"start":{"line":89,"column":12},"end":{"line":89,"column":null}},"type":"binary-expr","locations":[{"start":{"line":89,"column":12},"end":{"line":89,"column":28}},{"start":{"line":89,"column":28},"end":{"line":89,"column":null}}],"line":89},"4":{"loc":{"start":{"line":97,"column":27},"end":{"line":97,"column":null}},"type":"binary-expr","locations":[{"start":{"line":97,"column":27},"end":{"line":97,"column":46}},{"start":{"line":97,"column":46},"end":{"line":97,"column":null}}],"line":97},"5":{"loc":{"start":{"line":112,"column":2},"end":{"line":117,"column":null}},"type":"if","locations":[{"start":{"line":112,"column":2},"end":{"line":117,"column":null}},{"start":{},"end":{}}],"line":112},"6":{"loc":{"start":{"line":119,"column":26},"end":{"line":119,"column":null}},"type":"binary-expr","locations":[{"start":{"line":119,"column":26},"end":{"line":119,"column":45}},{"start":{"line":119,"column":45},"end":{"line":119,"column":null}}],"line":119},"7":{"loc":{"start":{"line":136,"column":2},"end":{"line":148,"column":null}},"type":"if","locations":[{"start":{"line":136,"column":2},"end":{"line":148,"column":null}},{"start":{},"end":{}}],"line":136},"8":{"loc":{"start":{"line":150,"column":2},"end":{"line":152,"column":null}},"type":"if","locations":[{"start":{"line":150,"column":2},"end":{"line":152,"column":null}},{"start":{},"end":{}}],"line":150}},"s":{"0":884,"1":884,"2":884,"3":884,"4":884,"5":884,"6":4,"7":880,"8":884,"9":884,"10":884,"11":412,"12":412,"13":412,"14":412,"15":412,"16":404,"17":404,"18":404,"19":404,"20":412,"21":412,"22":3696,"23":3696,"24":3696,"25":3696,"26":3696,"27":3676,"28":3676,"29":3676,"30":3676,"31":3696,"32":925,"33":925,"34":925,"35":925,"36":925,"37":925,"38":925,"39":925,"40":925,"41":1817,"42":925,"43":925,"44":925,"45":1817,"46":7226,"47":5925},"f":{"0":884,"1":412,"2":3696,"3":925,"4":1817,"5":1817,"6":7226,"7":5925},"b":{"0":[884,0],"1":[4,880],"2":[404,8],"3":[404,196],"4":[412,176],"5":[3676,20],"6":[3696,924],"7":[925,0],"8":[925,0]},"meta":{"lastBranch":9,"lastFunction":8,"lastStatement":48,"seen":{"f:30:16:30:38":0,"s:31:32:31:Infinity":0,"s:32:8:32:Infinity":1,"s:34:2:64:Infinity":2,"s:35:15:35:Infinity":3,"b:37:4:43:Infinity:undefined:undefined:undefined:undefined":0,"s:37:4:43:Infinity":4,"b:38:6:42:Infinity:40:13:42:Infinity":1,"s:38:6:42:Infinity":5,"s:39:8:39:Infinity":6,"s:41:8:41:Infinity":7,"s:45:23:50:Infinity":8,"s:52:4:63:Infinity":9,"s:66:2:66:Infinity":10,"f:69:16:69:28":1,"s:77:23:77:Infinity":11,"s:78:16:78:Infinity":12,"s:80:14:80:Infinity":13,"s:81:14:81:Infinity":14,"b:83:2:94:Infinity:undefined:undefined:undefined:undefined":2,"s:83:2:94:Infinity":15,"s:84:4:84:Infinity":16,"s:85:4:85:Infinity":17,"s:86:4:86:Infinity":18,"s:88:4:93:Infinity":19,"b:89:12:89:28:89:28:89:Infinity":3,"s:96:2:96:Infinity":20,"s:97:2:97:Infinity":21,"b:97:27:97:46:97:46:97:Infinity":4,"f:100:16:100:29":2,"s:106:23:106:Infinity":22,"s:107:16:107:Infinity":23,"s:109:14:109:Infinity":24,"s:110:14:110:Infinity":25,"b:112:2:117:Infinity:undefined:undefined:undefined:undefined":5,"s:112:2:117:Infinity":26,"s:113:4:113:Infinity":27,"s:114:4:114:Infinity":28,"s:115:4:115:Infinity":29,"s:116:4:116:Infinity":30,"s:119:2:119:Infinity":31,"b:119:26:119:45:119:45:119:Infinity":6,"f:122:16:122:26":3,"s:130:23:130:Infinity":32,"s:131:16:131:Infinity":33,"s:133:14:133:Infinity":34,"s:134:14:134:Infinity":35,"b:136:2:148:Infinity:undefined:undefined:undefined:undefined":7,"s:136:2:148:Infinity":36,"s:137:4:137:Infinity":37,"s:138:4:138:Infinity":38,"s:139:4:139:Infinity":39,"s:141:4:147:Infinity":40,"f:145:39:145:40":4,"s:145:48:145:65":41,"b:150:2:152:Infinity:undefined:undefined:undefined:undefined":8,"s:150:2:152:Infinity":42,"s:151:4:151:Infinity":43,"s:154:2:156:Infinity":44,"f:154:27:154:28":5,"s:155:4:155:Infinity":45,"f:159:9:159:22":6,"s:160:2:163:Infinity":46,"f:166:9:166:18":7,"s:167:2:167:Infinity":47}}}
,"/home/runner/work/ast-v8-to-istanbul/ast-v8-to-istanbul/src/ignore-hints.ts": {"path":"/home/runner/work/ast-v8-to-istanbul/ast-v8-to-istanbul/src/ignore-hints.ts","statementMap":{"0":{"start":{"line":14,"column":2},"end":{"line":14,"column":null}},"1":{"start":{"line":17,"column":36},"end":{"line":17,"column":null}},"2":{"start":{"line":18,"column":8},"end":{"line":18,"column":null}},"3":{"start":{"line":20,"column":16},"end":{"line":20,"column":null}},"4":{"start":{"line":21,"column":35},"end":{"line":21,"column":null}},"5":{"start":{"line":23,"column":2},"end":{"line":68,"column":null}},"6":{"start":{"line":24,"column":4},"end":{"line":37,"column":null}},"7":{"start":{"line":32,"column":23},"end":{"line":32,"column":null}},"8":{"start":{"line":33,"column":6},"end":{"line":35,"column":null}},"9":{"start":{"line":34,"column":8},"end":{"line":34,"column":null}},"10":{"start":{"line":36,"column":6},"end":{"line":36,"column":null}},"11":{"start":{"line":39,"column":4},"end":{"line":65,"column":null}},"12":{"start":{"line":43,"column":18},"end":{"line":43,"column":null}},"13":{"start":{"line":44,"column":22},"end":{"line":52,"column":null}},"14":{"start":{"line":54,"column":21},"end":{"line":54,"column":null}},"15":{"start":{"line":55,"column":19},"end":{"line":55,"column":null}},"16":{"start":{"line":57,"column":6},"end":{"line":59,"column":null}},"17":{"start":{"line":58,"column":8},"end":{"line":58,"column":null}},"18":{"start":{"line":61,"column":6},"end":{"line":64,"column":null}},"19":{"start":{"line":62,"column":8},"end":{"line":62,"column":null}},"20":{"start":{"line":63,"column":8},"end":{"line":63,"column":null}},"21":{"start":{"line":67,"column":4},"end":{"line":67,"column":null}},"22":{"start":{"line":70,"column":2},"end":{"line":70,"column":null}}},"fnMap":{"0":{"name":"getIgnoreHints","decl":{"start":{"line":16,"column":16},"end":{"line":16,"column":31}},"loc":{"start":{"line":16,"column":59},"end":{"line":71,"column":null}},"line":16}},"branchMap":{"0":{"loc":{"start":{"line":24,"column":4},"end":{"line":37,"column":null}},"type":"if","locations":[{"start":{"line":24,"column":4},"end":{"line":37,"column":null}},{"start":{},"end":{}}],"line":24},"1":{"loc":{"start":{"line":25,"column":6},"end":{"line":27,"column":null}},"type":"binary-expr","locations":[{"start":{"line":25,"column":6},"end":{"line":25,"column":null}},{"start":{"line":26,"column":6},"end":{"line":26,"column":null}},{"start":{"line":27,"column":6},"end":{"line":27,"column":null}}],"line":25},"2":{"loc":{"start":{"line":33,"column":6},"end":{"line":35,"column":null}},"type":"if","locations":[{"start":{"line":33,"column":6},"end":{"line":35,"column":null}},{"start":{},"end":{}}],"line":33},"3":{"loc":{"start":{"line":39,"column":4},"end":{"line":65,"column":null}},"type":"if","locations":[{"start":{"line":39,"column":4},"end":{"line":65,"column":null}},{"start":{},"end":{}}],"line":39},"4":{"loc":{"start":{"line":40,"column":6},"end":{"line":41,"column":null}},"type":"binary-expr","locations":[{"start":{"line":40,"column":6},"end":{"line":40,"column":null}},{"start":{"line":41,"column":6},"end":{"line":41,"column":null}}],"line":40},"5":{"loc":{"start":{"line":57,"column":6},"end":{"line":59,"column":null}},"type":"if","locations":[{"start":{"line":57,"column":6},"end":{"line":59,"column":null}},{"start":{},"end":{}}],"line":57},"6":{"loc":{"start":{"line":61,"column":6},"end":{"line":64,"column":null}},"type":"if","locations":[{"start":{"line":61,"column":6},"end":{"line":64,"column":null}},{"start":{},"end":{}}],"line":61},"7":{"loc":{"start":{"line":61,"column":10},"end":{"line":61,"column":63}},"type":"binary-expr","locations":[{"start":{"line":61,"column":10},"end":{"line":61,"column":27}},{"start":{"line":61,"column":27},"end":{"line":61,"column":46}},{"start":{"line":61,"column":46},"end":{"line":61,"column":63}}],"line":61}},"s":{"0":48,"1":972,"2":972,"3":972,"4":972,"5":972,"6":61184,"7":220,"8":220,"9":220,"10":220,"11":61184,"12":332,"13":332,"14":332,"15":332,"16":332,"17":24,"18":308,"19":236,"20":236,"21":61160,"22":948},"f":{"0":972},"b":{"0":[220,60964],"1":[61184,476,392],"2":[220,0],"3":[332,60852],"4":[61184,61076],"5":[24,308],"6":[236,72],"7":[308,256,200]},"meta":{"lastBranch":8,"lastFunction":1,"lastStatement":23,"seen":{"s:14:2:14:Infinity":0,"f:16:16:16:31":0,"s:17:36:17:Infinity":1,"s:18:8:18:Infinity":2,"s:20:16:20:Infinity":3,"s:21:35:21:Infinity":4,"s:23:2:68:Infinity":5,"b:24:4:37:Infinity:undefined:undefined:undefined:undefined":0,"s:24:4:37:Infinity":6,"b:25:6:25:Infinity:26:6:26:Infinity:27:6:27:Infinity":1,"s:32:23:32:Infinity":7,"b:33:6:35:Infinity:undefined:undefined:undefined:undefined":2,"s:33:6:35:Infinity":8,"s:34:8:34:Infinity":9,"s:36:6:36:Infinity":10,"b:39:4:65:Infinity:undefined:undefined:undefined:undefined":3,"s:39:4:65:Infinity":11,"b:40:6:40:Infinity:41:6:41:Infinity":4,"s:43:18:43:Infinity":12,"s:44:22:52:Infinity":13,"s:54:21:54:Infinity":14,"s:55:19:55:Infinity":15,"b:57:6:59:Infinity:undefined:undefined:undefined:undefined":5,"s:57:6:59:Infinity":16,"s:58:8:58:Infinity":17,"b:61:6:64:Infinity:undefined:undefined:undefined:undefined":6,"s:61:6:64:Infinity":18,"b:61:10:61:27:61:27:61:46:61:46:61:63":7,"s:62:8:62:Infinity":19,"s:63:8:63:Infinity":20,"s:67:4:67:Infinity":21,"s:70:2:70:Infinity":22}}}
,"/home/runner/work/ast-v8-to-istanbul/ast-v8-to-istanbul/src/index.ts": {"path":"/home/runner/work/ast-v8-to-istanbul/ast-v8-to-istanbul/src/index.ts","statementMap":{"0":{"start":{"line":64,"column":8},"end":{"line":64,"column":null}},"1":{"start":{"line":67,"column":2},"end":{"line":69,"column":null}},"2":{"start":{"line":68,"column":4},"end":{"line":68,"column":null}},"3":{"start":{"line":71,"column":24},"end":{"line":71,"column":null}},"4":{"start":{"line":72,"column":8},"end":{"line":72,"column":null}},"5":{"start":{"line":73,"column":8},"end":{"line":73,"column":null}},"6":{"start":{"line":75,"column":14},"end":{"line":79,"column":null}},"7":{"start":{"line":80,"column":18},"end":{"line":80,"column":null}},"8":{"start":{"line":82,"column":8},"end":{"line":82,"column":null}},"9":{"start":{"line":83,"column":8},"end":{"line":83,"column":null}},"10":{"start":{"line":84,"column":14},"end":{"line":84,"column":null}},"11":{"start":{"line":86,"column":2},"end":{"line":241,"column":null}},"12":{"start":{"line":89,"column":6},"end":{"line":92,"column":null}},"13":{"start":{"line":95,"column":6},"end":{"line":97,"column":null}},"14":{"start":{"line":96,"column":8},"end":{"line":96,"column":null}},"15":{"start":{"line":99,"column":6},"end":{"line":102,"column":null}},"16":{"start":{"line":105,"column":6},"end":{"line":108,"column":null}},"17":{"start":{"line":111,"column":6},"end":{"line":113,"column":null}},"18":{"start":{"line":112,"column":8},"end":{"line":112,"column":null}},"19":{"start":{"line":116,"column":6},"end":{"line":118,"column":null}},"20":{"start":{"line":117,"column":8},"end":{"line":117,"column":null}},"21":{"start":{"line":120,"column":6},"end":{"line":123,"column":null}},"22":{"start":{"line":126,"column":6},"end":{"line":133,"column":null}},"23":{"start":{"line":127,"column":8},"end":{"line":127,"column":null}},"24":{"start":{"line":129,"column":8},"end":{"line":132,"column":null}},"25":{"start":{"line":136,"column":25},"end":{"line":147,"column":null}},"26":{"start":{"line":149,"column":6},"end":{"line":155,"column":null}},"27":{"start":{"line":159,"column":25},"end":{"line":170,"column":null}},"28":{"start":{"line":172,"column":6},"end":{"line":178,"column":null}},"29":{"start":{"line":196,"column":6},"end":{"line":201,"column":null}},"30":{"start":{"line":200,"column":8},"end":{"line":200,"column":null}},"31":{"start":{"line":203,"column":6},"end":{"line":203,"column":null}},"32":{"start":{"line":206,"column":6},"end":{"line":208,"column":null}},"33":{"start":{"line":207,"column":8},"end":{"line":207,"column":null}},"34":{"start":{"line":211,"column":6},"end":{"line":220,"column":null}},"35":{"start":{"line":212,"column":8},"end":{"line":219,"column":null}},"36":{"start":{"line":218,"column":10},"end":{"line":218,"column":null}},"37":{"start":{"line":225,"column":6},"end":{"line":225,"column":null}},"38":{"start":{"line":226,"column":6},"end":{"line":226,"column":null}},"39":{"start":{"line":229,"column":6},"end":{"line":229,"column":null}},"40":{"start":{"line":232,"column":6},"end":{"line":232,"column":null}},"41":{"start":{"line":235,"column":6},"end":{"line":235,"column":null}},"42":{"start":{"line":236,"column":6},"end":{"line":236,"column":null}},"43":{"start":{"line":239,"column":6},"end":{"line":239,"column":null}},"44":{"start":{"line":243,"column":2},"end":{"line":243,"column":null}},"45":{"start":{"line":245,"column":2},"end":{"line":245,"column":null}},"46":{"start":{"line":254,"column":4},"end":{"line":256,"column":null}},"47":{"start":{"line":255,"column":6},"end":{"line":255,"column":null}},"48":{"start":{"line":258,"column":16},"end":{"line":258,"column":null}},"49":{"start":{"line":259,"column":4},"end":{"line":259,"column":null}},"50":{"start":{"line":259,"column":22},"end":{"line":259,"column":null}},"51":{"start":{"line":261,"column":17},"end":{"line":261,"column":null}},"52":{"start":{"line":262,"column":4},"end":{"line":262,"column":null}},"53":{"start":{"line":262,"column":23},"end":{"line":262,"column":null}},"54":{"start":{"line":264,"column":10},"end":{"line":270,"column":null}},"55":{"start":{"line":272,"column":4},"end":{"line":288,"column":null}},"56":{"start":{"line":273,"column":22},"end":{"line":273,"column":null}},"57":{"start":{"line":274,"column":22},"end":{"line":277,"column":null}},"58":{"start":{"line":279,"column":6},"end":{"line":287,"column":null}},"59":{"start":{"line":286,"column":8},"end":{"line":286,"column":null}},"60":{"start":{"line":290,"column":4},"end":{"line":297,"column":null}},"61":{"start":{"line":301,"column":4},"end":{"line":303,"column":null}},"62":{"start":{"line":302,"column":6},"end":{"line":302,"column":null}},"63":{"start":{"line":305,"column":16},"end":{"line":305,"column":null}},"64":{"start":{"line":306,"column":4},"end":{"line":306,"column":null}},"65":{"start":{"line":306,"column":22},"end":{"line":306,"column":null}},"66":{"start":{"line":308,"column":10},"end":{"line":314,"column":null}},"67":{"start":{"line":316,"column":4},"end":{"line":332,"column":null}},"68":{"start":{"line":317,"column":23},"end":{"line":317,"column":null}},"69":{"start":{"line":318,"column":22},"end":{"line":321,"column":null}},"70":{"start":{"line":323,"column":6},"end":{"line":331,"column":null}},"71":{"start":{"line":330,"column":8},"end":{"line":330,"column":null}},"72":{"start":{"line":334,"column":4},"end":{"line":339,"column":null}},"73":{"start":{"line":347,"column":4},"end":{"line":349,"column":null}},"74":{"start":{"line":348,"column":6},"end":{"line":348,"column":null}},"75":{"start":{"line":351,"column":16},"end":{"line":351,"column":null}},"76":{"start":{"line":352,"column":4},"end":{"line":352,"column":null}},"77":{"start":{"line":352,"column":22},"end":{"line":352,"column":null}},"78":{"start":{"line":354,"column":22},"end":{"line":354,"column":null}},"79":{"start":{"line":355,"column":30},"end":{"line":355,"column":null}},"80":{"start":{"line":357,"column":4},"end":{"line":393,"column":null}},"81":{"start":{"line":358,"column":6},"end":{"line":375,"column":null}},"82":{"start":{"line":359,"column":8},"end":{"line":362,"column":null}},"83":{"start":{"line":364,"column":14},"end":{"line":370,"column":null}},"84":{"start":{"line":371,"column":25},"end":{"line":371,"column":null}},"85":{"start":{"line":372,"column":8},"end":{"line":372,"column":null}},"86":{"start":{"line":374,"column":8},"end":{"line":374,"column":null}},"87":{"start":{"line":377,"column":23},"end":{"line":377,"column":null}},"88":{"start":{"line":378,"column":6},"end":{"line":380,"column":null}},"89":{"start":{"line":379,"column":8},"end":{"line":379,"column":null}},"90":{"start":{"line":382,"column":19},"end":{"line":382,"column":null}},"91":{"start":{"line":384,"column":6},"end":{"line":392,"column":null}},"92":{"start":{"line":395,"column":4},"end":{"line":399,"column":null}},"93":{"start":{"line":396,"column":6},"end":{"line":398,"column":null}},"94":{"start":{"line":397,"column":8},"end":{"line":397,"column":null}},"95":{"start":{"line":401,"column":4},"end":{"line":403,"column":null}},"96":{"start":{"line":402,"column":6},"end":{"line":402,"column":null}},"97":{"start":{"line":405,"column":4},"end":{"line":417,"column":null}},"98":{"start":{"line":406,"column":22},"end":{"line":406,"column":null}},"99":{"start":{"line":408,"column":6},"end":{"line":416,"column":null}},"100":{"start":{"line":415,"column":8},"end":{"line":415,"column":null}},"101":{"start":{"line":419,"column":4},"end":{"line":426,"column":null}},"102":{"start":{"line":433,"column":27},"end":{"line":433,"column":null}},"103":{"start":{"line":435,"column":4},"end":{"line":439,"column":null}},"104":{"start":{"line":436,"column":6},"end":{"line":438,"column":null}},"105":{"start":{"line":441,"column":4},"end":{"line":443,"column":null}},"106":{"start":{"line":442,"column":6},"end":{"line":442,"column":null}},"107":{"start":{"line":445,"column":4},"end":{"line":445,"column":null}},"108":{"start":{"line":451,"column":2},"end":{"line":451,"column":null}},"109":{"start":{"line":456,"column":2},"end":{"line":456,"column":null}}},"fnMap":{"0":{"name":"convert","decl":{"start":{"line":26,"column":30},"end":{"line":26,"column":null}},"loc":{"start":{"line":63,"column":29},"end":{"line":447,"column":null}},"line":63},"1":{"name":"(anonymous_1)","decl":{"start":{"line":88,"column":4},"end":{"line":88,"column":26}},"loc":{"start":{"line":88,"column":32},"end":{"line":93,"column":null}},"line":88},"2":{"name":"(anonymous_2)","decl":{"start":{"line":94,"column":4},"end":{"line":94,"column":25}},"loc":{"start":{"line":94,"column":31},"end":{"line":103,"column":null}},"line":94},"3":{"name":"(anonymous_3)","decl":{"start":{"line":104,"column":4},"end":{"line":104,"column":30}},"loc":{"start":{"line":104,"column":36},"end":{"line":114,"column":null}},"line":104},"4":{"name":"(anonymous_4)","decl":{"start":{"line":115,"column":4},"end":{"line":115,"column":23}},"loc":{"start":{"line":115,"column":29},"end":{"line":124,"column":null}},"line":115},"5":{"name":"(anonymous_5)","decl":{"start":{"line":125,"column":4},"end":{"line":125,"column":15}},"loc":{"start":{"line":125,"column":21},"end":{"line":134,"column":null}},"line":125},"6":{"name":"(anonymous_6)","decl":{"start":{"line":135,"column":4},"end":{"line":135,"column":18}},"loc":{"start":{"line":135,"column":29},"end":{"line":156,"column":null}},"line":135},"7":{"name":"(anonymous_7)","decl":{"start":{"line":158,"column":4},"end":{"line":158,"column":19}},"loc":{"start":{"line":158,"column":30},"end":{"line":179,"column":null}},"line":158},"8":{"name":"(anonymous_8)","decl":{"start":{"line":195,"column":4},"end":{"line":195,"column":26}},"loc":{"start":{"line":195,"column":32},"end":{"line":204,"column":null}},"line":195},"9":{"name":"(anonymous_9)","decl":{"start":{"line":205,"column":4},"end":{"line":205,"column":25}},"loc":{"start":{"line":205,"column":31},"end":{"line":209,"column":null}},"line":205},"10":{"name":"(anonymous_10)","decl":{"start":{"line":210,"column":4},"end":{"line":210,"column":16}},"loc":{"start":{"line":210,"column":22},"end":{"line":221,"column":null}},"line":210},"11":{"name":"(anonymous_11)","decl":{"start":{"line":224,"column":4},"end":{"line":224,"column":18}},"loc":{"start":{"line":224,"column":34},"end":{"line":227,"column":null}},"line":224},"12":{"name":"(anonymous_12)","decl":{"start":{"line":228,"column":4},"end":{"line":228,"column":28}},"loc":{"start":{"line":228,"column":34},"end":{"line":230,"column":null}},"line":228},"13":{"name":"(anonymous_13)","decl":{"start":{"line":231,"column":4},"end":{"line":231,"column":24}},"loc":{"start":{"line":231,"column":40},"end":{"line":233,"column":null}},"line":231},"14":{"name":"(anonymous_14)","decl":{"start":{"line":234,"column":4},"end":{"line":234,"column":22}},"loc":{"start":{"line":234,"column":28},"end":{"line":237,"column":null}},"line":234},"15":{"name":"(anonymous_15)","decl":{"start":{"line":238,"column":4},"end":{"line":238,"column":24}},"loc":{"start":{"line":238,"column":30},"end":{"line":240,"column":null}},"line":238},"16":{"name":"onFunction","decl":{"start":{"line":247,"column":11},"end":{"line":247,"column":null}},"loc":{"start":{"line":253,"column":4},"end":{"line":298,"column":null}},"line":253},"17":{"name":"onStatement","decl":{"start":{"line":300,"column":11},"end":{"line":300,"column":23}},"loc":{"start":{"line":300,"column":50},"end":{"line":340,"column":null}},"line":300},"18":{"name":"onBranch","decl":{"start":{"line":342,"column":11},"end":{"line":342,"column":null}},"loc":{"start":{"line":346,"column":4},"end":{"line":427,"column":null}},"line":346},"19":{"name":"getSourceFilename","decl":{"start":{"line":429,"column":11},"end":{"line":429,"column":29}},"loc":{"start":{"line":432,"column":5},"end":{"line":446,"column":null}},"line":432},"20":{"name":"setCovered","decl":{"start":{"line":449,"column":9},"end":{"line":449,"column":20}},"loc":{"start":{"line":449,"column":32},"end":{"line":452,"column":null}},"line":449},"21":{"name":"isCovered","decl":{"start":{"line":454,"column":9},"end":{"line":454,"column":19}},"loc":{"start":{"line":454,"column":31},"end":{"line":457,"column":null}},"line":454}},"branchMap":{"0":{"loc":{"start":{"line":67,"column":2},"end":{"line":69,"column":null}},"type":"if","locations":[{"start":{"line":67,"column":2},"end":{"line":69,"column":null}},{"start":{},"end":{}}],"line":67},"1":{"loc":{"start":{"line":67,"column":6},"end":{"line":67,"column":66}},"type":"binary-expr","locations":[{"start":{"line":67,"column":6},"end":{"line":67,"column":34}},{"start":{"line":67,"column":34},"end":{"line":67,"column":66}}],"line":67},"2":{"loc":{"start":{"line":71,"column":24},"end":{"line":71,"column":null}},"type":"binary-expr","locations":[{"start":{"line":71,"column":24},"end":{"line":71,"column":49}},{"start":{"line":71,"column":49},"end":{"line":71,"column":null}}],"line":71},"3":{"loc":{"start":{"line":76,"column":5},"end":{"line":78,"column":null}},"type":"binary-expr","locations":[{"start":{"line":76,"column":5},"end":{"line":76,"column":null}},{"start":{"line":77,"column":7},"end":{"line":77,"column":null}},{"start":{"line":77,"column":54},"end":{"line":78,"column":null}}],"line":76},"4":{"loc":{"start":{"line":95,"column":6},"end":{"line":97,"column":null}},"type":"if","locations":[{"start":{"line":95,"column":6},"end":{"line":97,"column":null}},{"start":{},"end":{}}],"line":95},"5":{"loc":{"start":{"line":101,"column":14},"end":{"line":101,"column":null}},"type":"binary-expr","locations":[{"start":{"line":101,"column":14},"end":{"line":101,"column":25}},{"start":{"line":101,"column":25},"end":{"line":101,"column":null}}],"line":101},"6":{"loc":{"start":{"line":111,"column":6},"end":{"line":113,"column":null}},"type":"if","locations":[{"start":{"line":111,"column":6},"end":{"line":113,"column":null}},{"start":{},"end":{}}],"line":111},"7":{"loc":{"start":{"line":116,"column":6},"end":{"line":118,"column":null}},"type":"if","locations":[{"start":{"line":116,"column":6},"end":{"line":118,"column":null}},{"start":{},"end":{}}],"line":116},"8":{"loc":{"start":{"line":126,"column":6},"end":{"line":133,"column":null}},"type":"if","locations":[{"start":{"line":126,"column":6},"end":{"line":133,"column":null}},{"start":{},"end":{}}],"line":126},"9":{"loc":{"start":{"line":196,"column":6},"end":{"line":201,"column":null}},"type":"if","locations":[{"start":{"line":196,"column":6},"end":{"line":201,"column":null}},{"start":{},"end":{}}],"line":196},"10":{"loc":{"start":{"line":197,"column":8},"end":{"line":198,"column":null}},"type":"binary-expr","locations":[{"start":{"line":197,"column":8},"end":{"line":197,"column":null}},{"start":{"line":198,"column":8},"end":{"line":198,"column":null}}],"line":197},"11":{"loc":{"start":{"line":206,"column":6},"end":{"line":208,"column":null}},"type":"if","locations":[{"start":{"line":206,"column":6},"end":{"line":208,"column":null}},{"start":{},"end":{}}],"line":206},"12":{"loc":{"start":{"line":212,"column":8},"end":{"line":219,"column":null}},"type":"if","locations":[{"start":{"line":212,"column":8},"end":{"line":219,"column":null}},{"start":{},"end":{}}],"line":212},"13":{"loc":{"start":{"line":212,"column":8},"end":{"line":216,"column":null}},"type":"binary-expr","locations":[{"start":{"line":213,"column":11},"end":{"line":213,"column":null}},{"start":{"line":214,"column":12},"end":{"line":214,"column":null}},{"start":{"line":215,"column":12},"end":{"line":215,"column":null}},{"start":{"line":216,"column":10},"end":{"line":216,"column":null}}],"line":212},"14":{"loc":{"start":{"line":254,"column":4},"end":{"line":256,"column":null}},"type":"if","locations":[{"start":{"line":254,"column":4},"end":{"line":256,"column":null}},{"start":{},"end":{}}],"line":254},"15":{"loc":{"start":{"line":259,"column":4},"end":{"line":259,"column":null}},"type":"if","locations":[{"start":{"line":259,"column":4},"end":{"line":259,"column":null}},{"start":{},"end":{}}],"line":259},"16":{"loc":{"start":{"line":262,"column":4},"end":{"line":262,"column":null}},"type":"if","locations":[{"start":{"line":262,"column":4},"end":{"line":262,"column":null}},{"start":{},"end":{}}],"line":262},"17":{"loc":{"start":{"line":272,"column":4},"end":{"line":288,"column":null}},"type":"if","locations":[{"start":{"line":272,"column":4},"end":{"line":288,"column":null}},{"start":{},"end":{}}],"line":272},"18":{"loc":{"start":{"line":273,"column":22},"end":{"line":273,"column":null}},"type":"binary-expr","locations":[{"start":{"line":273,"column":22},"end":{"line":273,"column":46}},{"start":{"line":273,"column":46},"end":{"line":273,"column":null}}],"line":273},"19":{"loc":{"start":{"line":279,"column":6},"end":{"line":287,"column":null}},"type":"if","locations":[{"start":{"line":279,"column":6},"end":{"line":287,"column":null}},{"start":{},"end":{}}],"line":279},"20":{"loc":{"start":{"line":280,"column":8},"end":{"line":284,"column":null}},"type":"binary-expr","locations":[{"start":{"line":280,"column":8},"end":{"line":280,"column":null}},{"start":{"line":281,"column":8},"end":{"line":284,"column":null}}],"line":280},"21":{"loc":{"start":{"line":301,"column":4},"end":{"line":303,"column":null}},"type":"if","locations":[{"start":{"line":301,"column":4},"end":{"line":303,"column":null}},{"start":{},"end":{}}],"line":301},"22":{"loc":{"start":{"line":306,"column":4},"end":{"line":306,"column":null}},"type":"if","locations":[{"start":{"line":306,"column":4},"end":{"line":306,"column":null}},{"start":{},"end":{}}],"line":306},"23":{"loc":{"start":{"line":310,"column":22},"end":{"line":310,"column":38}},"type":"binary-expr","locations":[{"start":{"line":310,"column":22},"end":{"line":310,"column":32}},{"start":{"line":310,"column":32},"end":{"line":310,"column":38}}],"line":310},"24":{"loc":{"start":{"line":311,"column":20},"end":{"line":311,"column":36}},"type":"binary-expr","locations":[{"start":{"line":311,"column":20},"end":{"line":311,"column":30}},{"start":{"line":311,"column":30},"end":{"line":311,"column":36}}],"line":311},"25":{"loc":{"start":{"line":316,"column":4},"end":{"line":332,"column":null}},"type":"if","locations":[{"start":{"line":316,"column":4},"end":{"line":332,"column":null}},{"start":{},"end":{}}],"line":316},"26":{"loc":{"start":{"line":317,"column":23},"end":{"line":317,"column":null}},"type":"binary-expr","locations":[{"start":{"line":317,"column":23},"end":{"line":317,"column":33}},{"start":{"line":317,"column":33},"end":{"line":317,"column":58}},{"start":{"line":317,"column":58},"end":{"line":317,"column":null}}],"line":317},"27":{"loc":{"start":{"line":323,"column":6},"end":{"line":331,"column":null}},"type":"if","locations":[{"start":{"line":323,"column":6},"end":{"line":331,"column":null}},{"start":{},"end":{}}],"line":323},"28":{"loc":{"start":{"line":324,"column":8},"end":{"line":328,"column":null}},"type":"binary-expr","locations":[{"start":{"line":324,"column":8},"end":{"line":324,"column":null}},{"start":{"line":325,"column":8},"end":{"line":328,"column":null}}],"line":324},"29":{"loc":{"start":{"line":347,"column":4},"end":{"line":349,"column":null}},"type":"if","locations":[{"start":{"line":347,"column":4},"end":{"line":349,"column":null}},{"start":{},"end":{}}],"line":347},"30":{"loc":{"start":{"line":352,"column":4},"end":{"line":352,"column":null}},"type":"if","locations":[{"start":{"line":352,"column":4},"end":{"line":352,"column":null}},{"start":{},"end":{}}],"line":352},"31":{"loc":{"start":{"line":358,"column":6},"end":{"line":375,"column":null}},"type":"if","locations":[{"start":{"line":358,"column":6},"end":{"line":375,"column":null}},{"start":{},"end":{}}],"line":358},"32":{"loc":{"start":{"line":371,"column":25},"end":{"line":371,"column":null}},"type":"binary-expr","locations":[{"start":{"line":371,"column":25},"end":{"line":371,"column":43}},{"start":{"line":371,"column":43},"end":{"line":371,"column":null}}],"line":371},"33":{"loc":{"start":{"line":378,"column":6},"end":{"line":380,"column":null}},"type":"if","locations":[{"start":{"line":378,"column":6},"end":{"line":380,"column":null}},{"start":{},"end":{}}],"line":378},"34":{"loc":{"start":{"line":382,"column":19},"end":{"line":382,"column":null}},"type":"cond-expr","locations":[{"start":{"line":382,"column":54},"end":{"line":382,"column":58}},{"start":{"line":382,"column":58},"end":{"line":382,"column":null}}],"line":382},"35":{"loc":{"start":{"line":395,"column":4},"end":{"line":399,"column":null}},"type":"if","locations":[{"start":{"line":395,"column":4},"end":{"line":399,"column":null}},{"start":{},"end":{}}],"line":395},"36":{"loc":{"start":{"line":396,"column":6},"end":{"line":398,"column":null}},"type":"if","locations":[{"start":{"line":396,"column":6},"end":{"line":398,"column":null}},{"start":{},"end":{}}],"line":396},"37":{"loc":{"start":{"line":401,"column":4},"end":{"line":403,"column":null}},"type":"if","locations":[{"start":{"line":401,"column":4},"end":{"line":403,"column":null}},{"start":{},"end":{}}],"line":401},"38":{"loc":{"start":{"line":405,"column":4},"end":{"line":417,"column":null}},"type":"if","locations":[{"start":{"line":405,"column":4},"end":{"line":417,"column":null}},{"start":{},"end":{}}],"line":405},"39":{"loc":{"start":{"line":408,"column":6},"end":{"line":416,"column":null}},"type":"if","locations":[{"start":{"line":408,"column":6},"end":{"line":416,"column":null}},{"start":{},"end":{}}],"line":408},"40":{"loc":{"start":{"line":409,"column":8},"end":{"line":413,"column":null}},"type":"binary-expr","locations":[{"start":{"line":409,"column":8},"end":{"line":409,"column":null}},{"start":{"line":410,"column":8},"end":{"line":413,"column":null}}],"line":409},"41":{"loc":{"start":{"line":433,"column":27},"end":{"line":433,"column":null}},"type":"binary-expr","locations":[{"start":{"line":433,"column":27},"end":{"line":433,"column":54}},{"start":{"line":433,"column":54},"end":{"line":433,"column":null}}],"line":433},"42":{"loc":{"start":{"line":435,"column":4},"end":{"line":439,"column":null}},"type":"if","locations":[{"start":{"line":435,"column":4},"end":{"line":439,"column":null}},{"start":{},"end":{}}],"line":435},"43":{"loc":{"start":{"line":441,"column":4},"end":{"line":443,"column":null}},"type":"if","locations":[{"start":{"line":441,"column":4},"end":{"line":443,"column":null}},{"start":{},"end":{}}],"line":441}},"s":{"0":892,"1":892,"2":8,"3":884,"4":892,"5":892,"6":892,"7":892,"8":892,"9":892,"10":892,"11":884,"12":216,"13":120,"14":60,"15":60,"16":132,"17":132,"18":68,"19":24,"20":24,"21":24,"22":249,"23":36,"24":36,"25":8,"26":8,"27":12,"28":12,"29":1872,"30":12,"31":1860,"32":756,"33":684,"34":48,"35":72,"36":20,"37":592,"38":592,"39":84,"40":121,"41":80,"42":80,"43":88,"44":884,"45":884,"46":488,"47":0,"48":488,"49":488,"50":72,"51":416,"52":416,"53":0,"54":416,"55":416,"56":16,"57":16,"58":16,"59":4,"60":412,"61":3928,"62":4,"63":3924,"64":3924,"65":224,"66":3700,"67":3928,"68":32,"69":32,"70":32,"71":4,"72":3696,"73":965,"74":0,"75":965,"76":965,"77":0,"78":965,"79":965,"80":965,"81":1817,"82":216,"83":216,"84":216,"85":216,"86":216,"87":1601,"88":1601,"89":1601,"90":1601,"91":1817,"92":965,"93":592,"94":556,"95":965,"96":40,"97":925,"98":0,"99":0,"100":0,"101":925,"102":5081,"103":5081,"104":0,"105":5081,"106":8,"107":5073,"108":60,"109":120},"f":{"0":892,"1":216,"2":120,"3":132,"4":24,"5":249,"6":8,"7":12,"8":1872,"9":756,"10":48,"11":592,"12":84,"13":121,"14":80,"15":88,"16":488,"17":3928,"18":965,"19":5081,"20":60,"21":120},"b":{"0":[8,884],"1":[892,148],"2":[884,884],"3":[892,788,780],"4":[60,60],"5":[60,44],"6":[68,64],"7":[24,0],"8":[36,213],"9":[12,1860],"10":[1872,12],"11":[684,72],"12":[20,52],"13":[72,42,36,40],"14":[0,488],"15":[72,416],"16":[0,416],"17":[16,400],"18":[16,0],"19":[4,12],"20":[16,16],"21":[4,3924],"22":[224,3700],"23":[3700,3024],"24":[3928,3024],"25":[32,3896],"26":[32,8,24],"27":[4,28],"28":[32,32],"29":[0,965],"30":[0,965],"31":[216,1601],"32":[216,92],"33":[1601,0],"34":[872,729],"35":[592,373],"36":[556,36],"37":[40,925],"38":[0,925],"39":[0,0],"40":[0,0],"41":[5081,0],"42":[0,5081],"43":[8,5073]},"meta":{"lastBranch":44,"lastFunction":22,"lastStatement":110,"seen":{"f:26:30:26:Infinity":0,"s:64:8:64:Infinity":0,"b:67:2:69:Infinity:undefined:undefined:undefined:undefined":0,"s:67:2:69:Infinity":1,"b:67:6:67:34:67:34:67:66":1,"s:68:4:68:Infinity":2,"s:71:24:71:Infinity":3,"b:71:24:71:49:71:49:71:Infinity":2,"s:72:8:72:Infinity":4,"s:73:8:73:Infinity":5,"s:75:14:79:Infinity":6,"b:76:5:76:Infinity:77:7:77:Infinity:77:54:78:Infinity":3,"s:80:18:80:Infinity":7,"s:82:8:82:Infinity":8,"s:83:8:83:Infinity":9,"s:84:14:84:Infinity":10,"s:86:2:241:Infinity":11,"f:88:4:88:26":1,"s:89:6:92:Infinity":12,"f:94:4:94:25":2,"b:95:6:97:Infinity:undefined:undefined:undefined:undefined":4,"s:95:6:97:Infinity":13,"s:96:8:96:Infinity":14,"s:99:6:102:Infinity":15,"b:101:14:101:25:101:25:101:Infinity":5,"f:104:4:104:30":3,"s:105:6:108:Infinity":16,"b:111:6:113:Infinity:undefined:undefined:undefined:undefined":6,"s:111:6:113:Infinity":17,"s:112:8:112:Infinity":18,"f:115:4:115:23":4,"b:116:6:118:Infinity:undefined:undefined:undefined:undefined":7,"s:116:6:118:Infinity":19,"s:117:8:117:Infinity":20,"s:120:6:123:Infinity":21,"f:125:4:125:15":5,"b:126:6:133:Infinity:undefined:undefined:undefined:undefined":8,"s:126:6:133:Infinity":22,"s:127:8:127:Infinity":23,"s:129:8:132:Infinity":24,"f:135:4:135:18":6,"s:136:25:147:Infinity":25,"s:149:6:155:Infinity":26,"f:158:4:158:19":7,"s:159:25:170:Infinity":27,"s:172:6:178:Infinity":28,"f:195:4:195:26":8,"b:196:6:201:Infinity:undefined:undefined:undefined:undefined":9,"s:196:6:201:Infinity":29,"b:197:8:197:Infinity:198:8:198:Infinity":10,"s:200:8:200:Infinity":30,"s:203:6:203:Infinity":31,"f:205:4:205:25":9,"b:206:6:208:Infinity:undefined:undefined:undefined:undefined":11,"s:206:6:208:Infinity":32,"s:207:8:207:Infinity":33,"f:210:4:210:16":10,"s:211:6:220:Infinity":34,"b:212:8:219:Infinity:undefined:undefined:undefined:undefined":12,"s:212:8:219:Infinity":35,"b:213:11:213:Infinity:214:12:214:Infinity:215:12:215:Infinity:216:10:216:Infinity":13,"s:218:10:218:Infinity":36,"f:224:4:224:18":11,"s:225:6:225:Infinity":37,"s:226:6:226:Infinity":38,"f:228:4:228:28":12,"s:229:6:229:Infinity":39,"f:231:4:231:24":13,"s:232:6:232:Infinity":40,"f:234:4:234:22":14,"s:235:6:235:Infinity":41,"s:236:6:236:Infinity":42,"f:238:4:238:24":15,"s:239:6:239:Infinity":43,"s:243:2:243:Infinity":44,"s:245:2:245:Infinity":45,"f:247:11:247:Infinity":16,"b:254:4:256:Infinity:undefined:undefined:undefined:undefined":14,"s:254:4:256:Infinity":46,"s:255:6:255:Infinity":47,"s:258:16:258:Infinity":48,"b:259:4:259:Infinity:undefined:undefined:undefined:undefined":15,"s:259:4:259:Infinity":49,"s:259:22:259:Infinity":50,"s:261:17:261:Infinity":51,"b:262:4:262:Infinity:undefined:undefined:undefined:undefined":16,"s:262:4:262:Infinity":52,"s:262:23:262:Infinity":53,"s:264:10:270:Infinity":54,"b:272:4:288:Infinity:undefined:undefined:undefined:undefined":17,"s:272:4:288:Infinity":55,"s:273:22:273:Infinity":56,"b:273:22:273:46:273:46:273:Infinity":18,"s:274:22:277:Infinity":57,"b:279:6:287:Infinity:undefined:undefined:undefined:undefined":19,"s:279:6:287:Infinity":58,"b:280:8:280:Infinity:281:8:284:Infinity":20,"s:286:8:286:Infinity":59,"s:290:4:297:Infinity":60,"f:300:11:300:23":17,"b:301:4:303:Infinity:undefined:undefined:undefined:undefined":21,"s:301:4:303:Infinity":61,"s:302:6:302:Infinity":62,"s:305:16:305:Infinity":63,"b:306:4:306:Infinity:undefined:undefined:undefined:undefined":22,"s:306:4:306:Infinity":64,"s:306:22:306:Infinity":65,"s:308:10:314:Infinity":66,"b:310:22:310:32:310:32:310:38":23,"b:311:20:311:30:311:30:311:36":24,"b:316:4:332:Infinity:undefined:undefined:undefined:undefined":25,"s:316:4:332:Infinity":67,"s:317:23:317:Infinity":68,"b:317:23:317:33:317:33:317:58:317:58:317:Infinity":26,"s:318:22:321:Infinity":69,"b:323:6:331:Infinity:undefined:undefined:undefined:undefined":27,"s:323:6:331:Infinity":70,"b:324:8:324:Infinity:325:8:328:Infinity":28,"s:330:8:330:Infinity":71,"s:334:4:339:Infinity":72,"f:342:11:342:Infinity":18,"b:347:4:349:Infinity:undefined:undefined:undefined:undefined":29,"s:347:4:349:Infinity":73,"s:348:6:348:Infinity":74,"s:351:16:351:Infinity":75,"b:352:4:352:Infinity:undefined:undefined:undefined:undefined":30,"s:352:4:352:Infinity":76,"s:352:22:352:Infinity":77,"s:354:22:354:Infinity":78,"s:355:30:355:Infinity":79,"s:357:4:393:Infinity":80,"b:358:6:375:Infinity:undefined:undefined:undefined:undefined":31,"s:358:6:375:Infinity":81,"s:359:8:362:Infinity":82,"s:364:14:370:Infinity":83,"s:371:25:371:Infinity":84,"b:371:25:371:43:371:43:371:Infinity":32,"s:372:8:372:Infinity":85,"s:374:8:374:Infinity":86,"s:377:23:377:Infinity":87,"b:378:6:380:Infinity:undefined:undefined:undefined:undefined":33,"s:378:6:380:Infinity":88,"s:379:8:379:Infinity":89,"s:382:19:382:Infinity":90,"b:382:54:382:58:382:58:382:Infinity":34,"s:384:6:392:Infinity":91,"b:395:4:399:Infinity:undefined:undefined:undefined:undefined":35,"s:395:4:399:Infinity":92,"b:396:6:398:Infinity:undefined:undefined:undefined:undefined":36,"s:396:6:398:Infinity":93,"s:397:8:397:Infinity":94,"b:401:4:403:Infinity:undefined:undefined:undefined:undefined":37,"s:401:4:403:Infinity":95,"s:402:6:402:Infinity":96,"b:405:4:417:Infinity:undefined:undefined:undefined:undefined":38,"s:405:4:417:Infinity":97,"s:406:22:406:Infinity":98,"b:408:6:416:Infinity:undefined:undefined:undefined:undefined":39,"s:408:6:416:Infinity":99,"b:409:8:409:Infinity:410:8:413:Infinity":40,"s:415:8:415:Infinity":100,"s:419:4:426:Infinity":101,"f:429:11:429:29":19,"s:433:27:433:Infinity":102,"b:433:27:433:54:433:54:433:Infinity":41,"b:435:4:439:Infinity:undefined:undefined:undefined:undefined":42,"s:435:4:439:Infinity":103,"s:436:6:438:Infinity":104,"b:441:4:443:Infinity:undefined:undefined:undefined:undefined":43,"s:441:4:443:Infinity":105,"s:442:6:442:Infinity":106,"s:445:4:445:Infinity":107,"f:449:9:449:20":20,"s:451:2:451:Infinity":108,"f:454:9:454:19":21,"s:456:2:456:Infinity":109}}}
,"/home/runner/work/ast-v8-to-istanbul/ast-v8-to-istanbul/src/location.ts": {"path":"/home/runner/work/ast-v8-to-istanbul/ast-v8-to-istanbul/src/location.ts","statementMap":{"0":{"start":{"line":15,"column":21},"end":{"line":15,"column":null}},"1":{"start":{"line":16,"column":27},"end":{"line":16,"column":null}},"2":{"start":{"line":17,"column":23},"end":{"line":17,"column":null}},"3":{"start":{"line":20,"column":24},"end":{"line":20,"column":null}},"4":{"start":{"line":23,"column":11},"end":{"line":23,"column":null}},"5":{"start":{"line":29,"column":4},"end":{"line":29,"column":null}},"6":{"start":{"line":30,"column":4},"end":{"line":30,"column":null}},"7":{"start":{"line":31,"column":4},"end":{"line":31,"column":null}},"8":{"start":{"line":35,"column":4},"end":{"line":35,"column":null}},"9":{"start":{"line":36,"column":4},"end":{"line":36,"column":null}},"10":{"start":{"line":41,"column":6},"end":{"line":41,"column":null}},"11":{"start":{"line":42,"column":21},"end":{"line":42,"column":null}},"12":{"start":{"line":44,"column":18},"end":{"line":44,"column":null}},"13":{"start":{"line":45,"column":15},"end":{"line":45,"column":null}},"14":{"start":{"line":46,"column":17},"end":{"line":46,"column":null}},"15":{"start":{"line":48,"column":4},"end":{"line":72,"column":null}},"16":{"start":{"line":48,"column":17},"end":{"line":48,"column":26}},"17":{"start":{"line":49,"column":19},"end":{"line":49,"column":null}},"18":{"start":{"line":51,"column":6},"end":{"line":53,"column":null}},"19":{"start":{"line":52,"column":8},"end":{"line":52,"column":null}},"20":{"start":{"line":56,"column":6},"end":{"line":58,"column":null}},"21":{"start":{"line":57,"column":8},"end":{"line":57,"column":null}},"22":{"start":{"line":60,"column":6},"end":{"line":62,"column":null}},"23":{"start":{"line":61,"column":8},"end":{"line":61,"column":null}},"24":{"start":{"line":64,"column":6},"end":{"line":69,"column":null}},"25":{"start":{"line":65,"column":8},"end":{"line":65,"column":null}},"26":{"start":{"line":66,"column":8},"end":{"line":66,"column":null}},"27":{"start":{"line":68,"column":8},"end":{"line":68,"column":null}},"28":{"start":{"line":71,"column":6},"end":{"line":71,"column":null}},"29":{"start":{"line":74,"column":4},"end":{"line":74,"column":null}},"30":{"start":{"line":78,"column":24},"end":{"line":78,"column":null}},"31":{"start":{"line":79,"column":18},"end":{"line":79,"column":null}},"32":{"start":{"line":81,"column":4},"end":{"line":84,"column":null}},"33":{"start":{"line":83,"column":6},"end":{"line":83,"column":null}},"34":{"start":{"line":87,"column":22},"end":{"line":87,"column":null}},"35":{"start":{"line":88,"column":4},"end":{"line":88,"column":null}},"36":{"start":{"line":90,"column":14},"end":{"line":90,"column":null}},"37":{"start":{"line":93,"column":4},"end":{"line":96,"column":null}},"38":{"start":{"line":94,"column":6},"end":{"line":94,"column":null}},"39":{"start":{"line":95,"column":6},"end":{"line":95,"column":null}},"40":{"start":{"line":98,"column":4},"end":{"line":101,"column":null}},"41":{"start":{"line":100,"column":6},"end":{"line":100,"column":null}},"42":{"start":{"line":103,"column":16},"end":{"line":103,"column":null}},"43":{"start":{"line":105,"column":10},"end":{"line":110,"column":null}},"44":{"start":{"line":112,"column":4},"end":{"line":124,"column":null}},"45":{"start":{"line":113,"column":6},"end":{"line":113,"column":null}},"46":{"start":{"line":115,"column":6},"end":{"line":123,"column":null}},"47":{"start":{"line":116,"column":8},"end":{"line":116,"column":null}},"48":{"start":{"line":116,"column":35},"end":{"line":116,"column":null}},"49":{"start":{"line":118,"column":14},"end":{"line":118,"column":null}},"50":{"start":{"line":119,"column":8},"end":{"line":122,"column":null}},"51":{"start":{"line":120,"column":10},"end":{"line":120,"column":null}},"52":{"start":{"line":121,"column":10},"end":{"line":121,"column":null}},"53":{"start":{"line":126,"column":4},"end":{"line":126,"column":null}},"54":{"start":{"line":130,"column":18},"end":{"line":132,"column":null}},"55":{"start":{"line":131,"column":18},"end":{"line":131,"column":null}},"56":{"start":{"line":133,"column":27},"end":{"line":133,"column":null}},"57":{"start":{"line":135,"column":4},"end":{"line":137,"column":null}},"58":{"start":{"line":136,"column":6},"end":{"line":136,"column":null}},"59":{"start":{"line":139,"column":18},"end":{"line":141,"column":null}},"60":{"start":{"line":143,"column":4},"end":{"line":143,"column":null}},"61":{"start":{"line":144,"column":4},"end":{"line":144,"column":null}},"62":{"start":{"line":146,"column":4},"end":{"line":146,"column":null}},"63":{"start":{"line":151,"column":6},"end":{"line":151,"column":null}},"64":{"start":{"line":153,"column":2},"end":{"line":159,"column":null}},"65":{"start":{"line":154,"column":4},"end":{"line":158,"column":null}},"66":{"start":{"line":161,"column":2},"end":{"line":163,"column":null}},"67":{"start":{"line":162,"column":4},"end":{"line":162,"column":null}},"68":{"start":{"line":165,"column":2},"end":{"line":169,"column":null}},"69":{"start":{"line":176,"column":41},"end":{"line":176,"column":null}},"70":{"start":{"line":179,"column":2},"end":{"line":190,"column":null}},"71":{"start":{"line":180,"column":18},"end":{"line":180,"column":null}},"72":{"start":{"line":181,"column":41},"end":{"line":181,"column":null}},"73":{"start":{"line":182,"column":17},"end":{"line":182,"column":null}},"74":{"start":{"line":184,"column":4},"end":{"line":187,"column":null}},"75":{"start":{"line":185,"column":6},"end":{"line":185,"column":null}},"76":{"start":{"line":186,"column":6},"end":{"line":186,"column":null}},"77":{"start":{"line":189,"column":4},"end":{"line":189,"column":null}},"78":{"start":{"line":192,"column":2},"end":{"line":199,"column":null}},"79":{"start":{"line":203,"column":18},"end":{"line":203,"column":null}},"80":{"start":{"line":204,"column":16},"end":{"line":204,"column":null}},"81":{"start":{"line":206,"column":2},"end":{"line":206,"column":null}},"82":{"start":{"line":206,"column":14},"end":{"line":206,"column":null}},"83":{"start":{"line":208,"column":2},"end":{"line":220,"column":null}},"84":{"start":{"line":209,"column":4},"end":{"line":213,"column":null}},"85":{"start":{"line":210,"column":22},"end":{"line":210,"column":null}},"86":{"start":{"line":211,"column":22},"end":{"line":211,"column":null}},"87":{"start":{"line":212,"column":6},"end":{"line":212,"column":null}},"88":{"start":{"line":215,"column":10},"end":{"line":215,"column":null}},"89":{"start":{"line":216,"column":20},"end":{"line":216,"column":null}},"90":{"start":{"line":217,"column":4},"end":{"line":217,"column":null}},"91":{"start":{"line":219,"column":4},"end":{"line":219,"column":null}}},"fnMap":{"0":{"name":"(anonymous_0)","decl":{"start":{"line":28,"column":2},"end":{"line":28,"column":14}},"loc":{"start":{"line":28,"column":62},"end":{"line":32,"column":null}},"line":28},"1":{"name":"(anonymous_1)","decl":{"start":{"line":34,"column":2},"end":{"line":34,"column":10}},"loc":{"start":{"line":34,"column":10},"end":{"line":37,"column":null}},"line":34},"2":{"name":"(anonymous_2)","decl":{"start":{"line":39,"column":2},"end":{"line":39,"column":17}},"loc":{"start":{"line":39,"column":41},"end":{"line":75,"column":null}},"line":39},"3":{"name":"(anonymous_3)","decl":{"start":{"line":77,"column":2},"end":{"line":77,"column":9}},"loc":{"start":{"line":77,"column":44},"end":{"line":127,"column":null}},"line":77},"4":{"name":"(anonymous_4)","decl":{"start":{"line":129,"column":2},"end":{"line":129,"column":17}},"loc":{"start":{"line":129,"column":72},"end":{"line":147,"column":null}},"line":129},"5":{"name":"(anonymous_5)","decl":{"start":{"line":131,"column":6},"end":{"line":131,"column":7}},"loc":{"start":{"line":131,"column":18},"end":{"line":131,"column":null}},"line":131},"6":{"name":"getPosition","decl":{"start":{"line":150,"column":9},"end":{"line":150,"column":21}},"loc":{"start":{"line":150,"column":52},"end":{"line":170,"column":null}},"line":150},"7":{"name":"createEmptySourceMap","decl":{"start":{"line":172,"column":16},"end":{"line":172,"column":null}},"loc":{"start":{"line":175,"column":20},"end":{"line":200,"column":null}},"line":175},"8":{"name":"getInlineSourceMap","decl":{"start":{"line":202,"column":22},"end":{"line":202,"column":41}},"loc":{"start":{"line":202,"column":73},"end":{"line":221,"column":null}},"line":202}},"branchMap":{"0":{"loc":{"start":{"line":44,"column":18},"end":{"line":44,"column":null}},"type":"cond-expr","locations":[{"start":{"line":44,"column":29},"end":{"line":44,"column":48}},{"start":{"line":44,"column":48},"end":{"line":44,"column":null}}],"line":44},"1":{"loc":{"start":{"line":45,"column":15},"end":{"line":45,"column":null}},"type":"binary-expr","locations":[{"start":{"line":45,"column":15},"end":{"line":45,"column":33}},{"start":{"line":45,"column":33},"end":{"line":45,"column":null}}],"line":45},"2":{"loc":{"start":{"line":46,"column":17},"end":{"line":46,"column":null}},"type":"binary-expr","locations":[{"start":{"line":46,"column":17},"end":{"line":46,"column":37}},{"start":{"line":46,"column":37},"end":{"line":46,"column":null}}],"line":46},"3":{"loc":{"start":{"line":51,"column":6},"end":{"line":53,"column":null}},"type":"if","locations":[{"start":{"line":51,"column":6},"end":{"line":53,"column":null}},{"start":{},"end":{}}],"line":51},"4":{"loc":{"start":{"line":56,"column":6},"end":{"line":58,"column":null}},"type":"if","locations":[{"start":{"line":56,"column":6},"end":{"line":58,"column":null}},{"start":{},"end":{}}],"line":56},"5":{"loc":{"start":{"line":60,"column":6},"end":{"line":62,"column":null}},"type":"if","locations":[{"start":{"line":60,"column":6},"end":{"line":62,"column":null}},{"start":{},"end":{}}],"line":60},"6":{"loc":{"start":{"line":64,"column":6},"end":{"line":69,"column":null}},"type":"if","locations":[{"start":{"line":64,"column":6},"end":{"line":69,"column":null}},{"start":{"line":67,"column":13},"end":{"line":69,"column":null}}],"line":64},"7":{"loc":{"start":{"line":81,"column":4},"end":{"line":84,"column":null}},"type":"if","locations":[{"start":{"line":81,"column":4},"end":{"line":84,"column":null}},{"start":{},"end":{}}],"line":81},"8":{"loc":{"start":{"line":93,"column":4},"end":{"line":96,"column":null}},"type":"if","locations":[{"start":{"line":93,"column":4},"end":{"line":96,"column":null}},{"start":{},"end":{}}],"line":93},"9":{"loc":{"start":{"line":98,"column":4},"end":{"line":101,"column":null}},"type":"if","locations":[{"start":{"line":98,"column":4},"end":{"line":101,"column":null}},{"start":{},"end":{}}],"line":98},"10":{"loc":{"start":{"line":112,"column":4},"end":{"line":124,"column":null}},"type":"if","locations":[{"start":{"line":112,"column":4},"end":{"line":124,"column":null}},{"start":{"line":114,"column":11},"end":{"line":124,"column":null}}],"line":112},"11":{"loc":{"start":{"line":116,"column":8},"end":{"line":116,"column":null}},"type":"if","locations":[{"start":{"line":116,"column":8},"end":{"line":116,"column":null}},{"start":{},"end":{}}],"line":116},"12":{"loc":{"start":{"line":119,"column":8},"end":{"line":122,"column":null}},"type":"if","locations":[{"start":{"line":119,"column":8},"end":{"line":122,"column":null}},{"start":{},"end":{}}],"line":119},"13":{"loc":{"start":{"line":131,"column":18},"end":{"line":131,"column":null}},"type":"binary-expr","locations":[{"start":{"line":131,"column":18},"end":{"line":131,"column":41}},{"start":{"line":131,"column":29},"end":{"line":131,"column":null}}],"line":131},"14":{"loc":{"start":{"line":135,"column":4},"end":{"line":137,"column":null}},"type":"if","locations":[{"start":{"line":135,"column":4},"end":{"line":137,"column":null}},{"start":{},"end":{}}],"line":135},"15":{"loc":{"start":{"line":153,"column":2},"end":{"line":159,"column":null}},"type":"if","locations":[{"start":{"line":153,"column":2},"end":{"line":159,"column":null}},{"start":{},"end":{}}],"line":153},"16":{"loc":{"start":{"line":161,"column":2},"end":{"line":163,"column":null}},"type":"if","locations":[{"start":{"line":161,"column":2},"end":{"line":163,"column":null}},{"start":{},"end":{}}],"line":161},"17":{"loc":{"start":{"line":180,"column":18},"end":{"line":180,"column":null}},"type":"binary-expr","locations":[{"start":{"line":180,"column":18},"end":{"line":180,"column":49}},{"start":{"line":180,"column":49},"end":{"line":180,"column":null}}],"line":180},"18":{"loc":{"start":{"line":206,"column":2},"end":{"line":206,"column":null}},"type":"if","locations":[{"start":{"line":206,"column":2},"end":{"line":206,"column":null}},{"start":{},"end":{}}],"line":206},"19":{"loc":{"start":{"line":209,"column":4},"end":{"line":213,"column":null}},"type":"if","locations":[{"start":{"line":209,"column":4},"end":{"line":213,"column":null}},{"start":{},"end":{}}],"line":209},"20":{"loc":{"start":{"line":210,"column":22},"end":{"line":210,"column":null}},"type":"binary-expr","locations":[{"start":{"line":210,"column":22},"end":{"line":210,"column":60}},{"start":{"line":210,"column":60},"end":{"line":210,"column":null}}],"line":210}},"s":{"0":48,"1":48,"2":48,"3":48,"4":896,"5":896,"6":896,"7":896,"8":884,"9":884,"10":14604,"11":14604,"12":14604,"13":14604,"14":14604,"15":14604,"16":14604,"17":1179023,"18":1179023,"19":14604,"20":1164419,"21":8,"22":1164411,"23":14252,"24":1164411,"25":42380,"26":42380,"27":1122031,"28":1164411,"29":0,"30":7418,"31":7418,"32":7418,"33":280,"34":7138,"35":7138,"36":7138,"37":7138,"38":16,"39":16,"40":7138,"41":16,"42":7122,"43":7122,"44":7122,"45":4714,"46":2408,"47":2408,"48":0,"49":2408,"50":2408,"51":2408,"52":2408,"53":7122,"54":48,"55":48,"56":48,"57":48,"58":0,"59":48,"60":48,"61":48,"62":48,"63":14572,"64":14572,"65":384,"66":14572,"67":312,"68":14260,"69":796,"70":796,"71":4164,"72":4164,"73":4164,"74":4164,"75":47496,"76":47496,"77":4164,"78":796,"79":788,"80":788,"81":788,"82":780,"83":8,"84":8,"85":4,"86":4,"87":4,"88":4,"89":4,"90":4,"91":0},"f":{"0":896,"1":884,"2":14604,"3":7418,"4":48,"5":48,"6":14572,"7":796,"8":788},"b":{"0":[13196,1408],"1":[14604,1408],"2":[14604,1408],"3":[14604,1164419],"4":[8,1164411],"5":[14252,1150159],"6":[42380,1122031],"7":[280,7138],"8":[16,7122],"9":[16,7122],"10":[4714,2408],"11":[0,2408],"12":[2408,0],"13":[48,0],"14":[0,48],"15":[384,14188],"16":[312,14260],"17":[4164,796],"18":[780,8],"19":[4,4],"20":[4,0]},"meta":{"lastBranch":21,"lastFunction":9,"lastStatement":92,"seen":{"s:15:21:15:Infinity":0,"s:16:27:16:Infinity":1,"s:17:23:17:Infinity":2,"s:20:24:20:Infinity":3,"s:23:11:23:Infinity":4,"f:28:2:28:14":0,"s:29:4:29:Infinity":5,"s:30:4:30:Infinity":6,"s:31:4:31:Infinity":7,"f:34:2:34:10":1,"s:35:4:35:Infinity":8,"s:36:4:36:Infinity":9,"f:39:2:39:17":2,"s:41:6:41:Infinity":10,"s:42:21:42:Infinity":11,"s:44:18:44:Infinity":12,"b:44:29:44:48:44:48:44:Infinity":0,"s:45:15:45:Infinity":13,"b:45:15:45:33:45:33:45:Infinity":1,"s:46:17:46:Infinity":14,"b:46:17:46:37:46:37:46:Infinity":2,"s:48:4:72:Infinity":15,"s:48:17:48:26":16,"s:49:19:49:Infinity":17,"b:51:6:53:Infinity:undefined:undefined:undefined:undefined":3,"s:51:6:53:Infinity":18,"s:52:8:52:Infinity":19,"b:56:6:58:Infinity:undefined:undefined:undefined:undefined":4,"s:56:6:58:Infinity":20,"s:57:8:57:Infinity":21,"b:60:6:62:Infinity:undefined:undefined:undefined:undefined":5,"s:60:6:62:Infinity":22,"s:61:8:61:Infinity":23,"b:64:6:69:Infinity:67:13:69:Infinity":6,"s:64:6:69:Infinity":24,"s:65:8:65:Infinity":25,"s:66:8:66:Infinity":26,"s:68:8:68:Infinity":27,"s:71:6:71:Infinity":28,"s:74:4:74:Infinity":29,"f:77:2:77:9":3,"s:78:24:78:Infinity":30,"s:79:18:79:Infinity":31,"b:81:4:84:Infinity:undefined:undefined:undefined:undefined":7,"s:81:4:84:Infinity":32,"s:83:6:83:Infinity":33,"s:87:22:87:Infinity":34,"s:88:4:88:Infinity":35,"s:90:14:90:Infinity":36,"b:93:4:96:Infinity:undefined:undefined:undefined:undefined":8,"s:93:4:96:Infinity":37,"s:94:6:94:Infinity":38,"s:95:6:95:Infinity":39,"b:98:4:101:Infinity:undefined:undefined:undefined:undefined":9,"s:98:4:101:Infinity":40,"s:100:6:100:Infinity":41,"s:103:16:103:Infinity":42,"s:105:10:110:Infinity":43,"b:112:4:124:Infinity:114:11:124:Infinity":10,"s:112:4:124:Infinity":44,"s:113:6:113:Infinity":45,"s:115:6:123:Infinity":46,"b:116:8:116:Infinity:undefined:undefined:undefined:undefined":11,"s:116:8:116:Infinity":47,"s:116:35:116:Infinity":48,"s:118:14:118:Infinity":49,"b:119:8:122:Infinity:undefined:undefined:undefined:undefined":12,"s:119:8:122:Infinity":50,"s:120:10:120:Infinity":51,"s:121:10:121:Infinity":52,"s:126:4:126:Infinity":53,"f:129:2:129:17":4,"s:130:18:132:Infinity":54,"f:131:6:131:7":5,"s:131:18:131:Infinity":55,"b:131:18:131:41:131:29:131:Infinity":13,"s:133:27:133:Infinity":56,"b:135:4:137:Infinity:undefined:undefined:undefined:undefined":14,"s:135:4:137:Infinity":57,"s:136:6:136:Infinity":58,"s:139:18:141:Infinity":59,"s:143:4:143:Infinity":60,"s:144:4:144:Infinity":61,"s:146:4:146:Infinity":62,"f:150:9:150:21":6,"s:151:6:151:Infinity":63,"b:153:2:159:Infinity:undefined:undefined:undefined:undefined":15,"s:153:2:159:Infinity":64,"s:154:4:158:Infinity":65,"b:161:2:163:Infinity:undefined:undefined:undefined:undefined":16,"s:161:2:163:Infinity":66,"s:162:4:162:Infinity":67,"s:165:2:169:Infinity":68,"f:172:16:172:Infinity":7,"s:176:41:176:Infinity":69,"s:179:2:190:Infinity":70,"s:180:18:180:Infinity":71,"b:180:18:180:49:180:49:180:Infinity":17,"s:181:41:181:Infinity":72,"s:182:17:182:Infinity":73,"s:184:4:187:Infinity":74,"s:185:6:185:Infinity":75,"s:186:6:186:Infinity":76,"s:189:4:189:Infinity":77,"s:192:2:199:Infinity":78,"f:202:22:202:41":8,"s:203:18:203:Infinity":79,"s:204:16:204:Infinity":80,"b:206:2:206:Infinity:undefined:undefined:undefined:undefined":18,"s:206:2:206:Infinity":81,"s:206:14:206:Infinity":82,"s:208:2:220:Infinity":83,"b:209:4:213:Infinity:undefined:undefined:undefined:undefined":19,"s:209:4:213:Infinity":84,"s:210:22:210:Infinity":85,"b:210:22:210:60:210:60:210:Infinity":20,"s:211:22:211:Infinity":86,"s:212:6:212:Infinity":87,"s:215:10:215:Infinity":88,"s:216:20:216:Infinity":89,"s:217:4:217:Infinity":90,"s:219:4:219:Infinity":91}}}
,"/home/runner/work/ast-v8-to-istanbul/ast-v8-to-istanbul/src/script-coverage.ts": {"path":"/home/runner/work/ast-v8-to-istanbul/ast-v8-to-istanbul/src/script-coverage.ts","statementMap":{"0":{"start":{"line":8,"column":2},"end":{"line":10,"column":null}},"1":{"start":{"line":9,"column":4},"end":{"line":9,"column":null}},"2":{"start":{"line":12,"column":52},"end":{"line":26,"column":null}},"3":{"start":{"line":14,"column":6},"end":{"line":19,"column":null}},"4":{"start":{"line":14,"column":32},"end":{"line":19,"column":8}},"5":{"start":{"line":22,"column":19},"end":{"line":22,"column":null}},"6":{"start":{"line":23,"column":6},"end":{"line":23,"column":null}},"7":{"start":{"line":23,"column":22},"end":{"line":23,"column":null}},"8":{"start":{"line":25,"column":6},"end":{"line":25,"column":null}},"9":{"start":{"line":28,"column":15},"end":{"line":28,"column":null}},"10":{"start":{"line":29,"column":2},"end":{"line":33,"column":null}},"11":{"start":{"line":30,"column":4},"end":{"line":32,"column":null}},"12":{"start":{"line":31,"column":6},"end":{"line":31,"column":null}},"13":{"start":{"line":35,"column":15},"end":{"line":35,"column":null}},"14":{"start":{"line":37,"column":2},"end":{"line":39,"column":null}},"15":{"start":{"line":38,"column":4},"end":{"line":38,"column":null}},"16":{"start":{"line":41,"column":35},"end":{"line":41,"column":null}},"17":{"start":{"line":43,"column":14},"end":{"line":43,"column":null}},"18":{"start":{"line":45,"column":2},"end":{"line":58,"column":null}},"19":{"start":{"line":45,"column":17},"end":{"line":45,"column":20}},"20":{"start":{"line":46,"column":19},"end":{"line":46,"column":null}},"21":{"start":{"line":47,"column":20},"end":{"line":47,"column":null}},"22":{"start":{"line":48,"column":21},"end":{"line":48,"column":null}},"23":{"start":{"line":50,"column":4},"end":{"line":57,"column":null}},"24":{"start":{"line":51,"column":6},"end":{"line":55,"column":null}},"25":{"start":{"line":56,"column":6},"end":{"line":56,"column":null}},"26":{"start":{"line":60,"column":2},"end":{"line":60,"column":null}},"27":{"start":{"line":67,"column":12},"end":{"line":67,"column":null}},"28":{"start":{"line":68,"column":13},"end":{"line":68,"column":null}},"29":{"start":{"line":70,"column":2},"end":{"line":84,"column":null}},"30":{"start":{"line":71,"column":16},"end":{"line":71,"column":null}},"31":{"start":{"line":72,"column":21},"end":{"line":72,"column":null}},"32":{"start":{"line":74,"column":4},"end":{"line":83,"column":null}},"33":{"start":{"line":78,"column":6},"end":{"line":78,"column":null}},"34":{"start":{"line":79,"column":4},"end":{"line":83,"column":null}},"35":{"start":{"line":80,"column":6},"end":{"line":80,"column":null}},"36":{"start":{"line":82,"column":6},"end":{"line":82,"column":null}},"37":{"start":{"line":86,"column":2},"end":{"line":86,"column":null}}},"fnMap":{"0":{"name":"normalize","decl":{"start":{"line":5,"column":16},"end":{"line":5,"column":null}},"loc":{"start":{"line":7,"column":2},"end":{"line":61,"column":null}},"line":7},"1":{"name":"(anonymous_1)","decl":{"start":{"line":13,"column":13},"end":{"line":13,"column":14}},"loc":{"start":{"line":14,"column":6},"end":{"line":19,"column":null}},"line":14},"2":{"name":"(anonymous_2)","decl":{"start":{"line":14,"column":20},"end":{"line":14,"column":21}},"loc":{"start":{"line":14,"column":32},"end":{"line":19,"column":8}},"line":14},"3":{"name":"(anonymous_3)","decl":{"start":{"line":21,"column":10},"end":{"line":21,"column":11}},"loc":{"start":{"line":21,"column":20},"end":{"line":26,"column":5}},"line":21},"4":{"name":"getCount","decl":{"start":{"line":63,"column":16},"end":{"line":63,"column":null}},"loc":{"start":{"line":66,"column":2},"end":{"line":87,"column":null}},"line":66}},"branchMap":{"0":{"loc":{"start":{"line":8,"column":2},"end":{"line":10,"column":null}},"type":"if","locations":[{"start":{"line":8,"column":2},"end":{"line":10,"column":null}},{"start":{},"end":{}}],"line":8},"1":{"loc":{"start":{"line":23,"column":6},"end":{"line":23,"column":null}},"type":"if","locations":[{"start":{"line":23,"column":6},"end":{"line":23,"column":null}},{"start":{},"end":{}}],"line":23},"2":{"loc":{"start":{"line":30,"column":4},"end":{"line":32,"column":null}},"type":"if","locations":[{"start":{"line":30,"column":4},"end":{"line":32,"column":null}},{"start":{},"end":{}}],"line":30},"3":{"loc":{"start":{"line":47,"column":20},"end":{"line":47,"column":null}},"type":"cond-expr","locations":[{"start":{"line":47,"column":29},"end":{"line":47,"column":36}},{"start":{"line":47,"column":36},"end":{"line":47,"column":null}}],"line":47},"4":{"loc":{"start":{"line":50,"column":4},"end":{"line":57,"column":null}},"type":"if","locations":[{"start":{"line":50,"column":4},"end":{"line":57,"column":null}},{"start":{},"end":{}}],"line":50},"5":{"loc":{"start":{"line":50,"column":8},"end":{"line":50,"column":40}},"type":"binary-expr","locations":[{"start":{"line":50,"column":8},"end":{"line":50,"column":32}},{"start":{"line":50,"column":32},"end":{"line":50,"column":40}}],"line":50},"6":{"loc":{"start":{"line":74,"column":4},"end":{"line":83,"column":null}},"type":"if","locations":[{"start":{"line":74,"column":4},"end":{"line":83,"column":null}},{"start":{"line":79,"column":4},"end":{"line":83,"column":null}}],"line":74},"7":{"loc":{"start":{"line":75,"column":6},"end":{"line":76,"column":null}},"type":"binary-expr","locations":[{"start":{"line":75,"column":6},"end":{"line":75,"column":null}},{"start":{"line":76,"column":6},"end":{"line":76,"column":null}}],"line":75},"8":{"loc":{"start":{"line":79,"column":4},"end":{"line":83,"column":null}},"type":"if","locations":[{"start":{"line":79,"column":4},"end":{"line":83,"column":null}},{"start":{"line":81,"column":11},"end":{"line":83,"column":null}}],"line":79}},"s":{"0":908,"1":36,"2":872,"3":9288,"4":10208,"5":40440,"6":40440,"7":11456,"8":28984,"9":872,"10":872,"11":10208,"12":872,"13":872,"14":872,"15":10208,"16":872,"17":872,"18":872,"19":872,"20":4255620,"21":4255620,"22":4255620,"23":4255620,"24":18868,"25":18868,"26":872,"27":5941,"28":5941,"29":5941,"30":10622,"31":10622,"32":10622,"33":5749,"34":4873,"35":2757,"36":2116,"37":192},"f":{"0":908,"1":9288,"2":10208,"3":40440,"4":5941},"b":{"0":[36,872],"1":[11456,28984],"2":[872,9336],"3":[872,4254748],"4":[18868,4236752],"5":[4255620,4236752],"6":[5749,4873],"7":[10622,7865],"8":[2757,2116]},"meta":{"lastBranch":9,"lastFunction":5,"lastStatement":38,"seen":{"f:5:16:5:Infinity":0,"b:8:2:10:Infinity:undefined:undefined:undefined:undefined":0,"s:8:2:10:Infinity":0,"s:9:4:9:Infinity":1,"s:12:52:26:Infinity":2,"f:13:13:13:14":1,"s:14:6:19:Infinity":3,"f:14:20:14:21":2,"s:14:32:19:8":4,"f:21:10:21:11":3,"s:22:19:22:Infinity":5,"b:23:6:23:Infinity:undefined:undefined:undefined:undefined":1,"s:23:6:23:Infinity":6,"s:23:22:23:Infinity":7,"s:25:6:25:Infinity":8,"s:28:15:28:Infinity":9,"s:29:2:33:Infinity":10,"b:30:4:32:Infinity:undefined:undefined:undefined:undefined":2,"s:30:4:32:Infinity":11,"s:31:6:31:Infinity":12,"s:35:15:35:Infinity":13,"s:37:2:39:Infinity":14,"s:38:4:38:Infinity":15,"s:41:35:41:Infinity":16,"s:43:14:43:Infinity":17,"s:45:2:58:Infinity":18,"s:45:17:45:20":19,"s:46:19:46:Infinity":20,"s:47:20:47:Infinity":21,"b:47:29:47:36:47:36:47:Infinity":3,"s:48:21:48:Infinity":22,"b:50:4:57:Infinity:undefined:undefined:undefined:undefined":4,"s:50:4:57:Infinity":23,"b:50:8:50:32:50:32:50:40":5,"s:51:6:55:Infinity":24,"s:56:6:56:Infinity":25,"s:60:2:60:Infinity":26,"f:63:16:63:Infinity":4,"s:67:12:67:Infinity":27,"s:68:13:68:Infinity":28,"s:70:2:84:Infinity":29,"s:71:16:71:Infinity":30,"s:72:21:72:Infinity":31,"b:74:4:83:Infinity:79:4:83:Infinity":6,"s:74:4:83:Infinity":32,"b:75:6:75:Infinity:76:6:76:Infinity":7,"s:78:6:78:Infinity":33,"b:79:4:83:Infinity:81:11:83:Infinity":8,"s:79:4:83:Infinity":34,"s:80:6:80:Infinity":35,"s:82:6:82:Infinity":36,"s:86:2:86:Infinity":37}}}
}
