{"/home/runner/work/ast-v8-to-istanbul/ast-v8-to-istanbul/src/ast.ts": {"path":"/home/runner/work/ast-v8-to-istanbul/ast-v8-to-istanbul/src/ast.ts","statementMap":{"0":{"start":{"line":106,"column":33},"end":{"line":106,"column":null}},"1":{"start":{"line":109,"column":4},"end":{"line":109,"column":null}},"2":{"start":{"line":118,"column":4},"end":{"line":341,"column":null}},"3":{"start":{"line":120,"column":8},"end":{"line":122,"column":null}},"4":{"start":{"line":121,"column":10},"end":{"line":121,"column":null}},"5":{"start":{"line":124,"column":21},"end":{"line":124,"column":null}},"6":{"start":{"line":126,"column":8},"end":{"line":128,"column":null}},"7":{"start":{"line":127,"column":10},"end":{"line":127,"column":null}},"8":{"start":{"line":130,"column":8},"end":{"line":132,"column":null}},"9":{"start":{"line":131,"column":10},"end":{"line":131,"column":null}},"10":{"start":{"line":134,"column":8},"end":{"line":334,"column":null}},"11":{"start":{"line":137,"column":12},"end":{"line":137,"column":null}},"12":{"start":{"line":140,"column":12},"end":{"line":144,"column":null}},"13":{"start":{"line":141,"column":14},"end":{"line":143,"column":null}},"14":{"start":{"line":142,"column":16},"end":{"line":142,"column":null}},"15":{"start":{"line":145,"column":12},"end":{"line":145,"column":null}},"16":{"start":{"line":148,"column":12},"end":{"line":148,"column":null}},"17":{"start":{"line":151,"column":12},"end":{"line":151,"column":null}},"18":{"start":{"line":155,"column":12},"end":{"line":157,"column":null}},"19":{"start":{"line":156,"column":14},"end":{"line":156,"column":null}},"20":{"start":{"line":159,"column":12},"end":{"line":159,"column":null}},"21":{"start":{"line":164,"column":12},"end":{"line":164,"column":null}},"22":{"start":{"line":167,"column":12},"end":{"line":167,"column":null}},"23":{"start":{"line":170,"column":12},"end":{"line":170,"column":null}},"24":{"start":{"line":173,"column":12},"end":{"line":173,"column":null}},"25":{"start":{"line":176,"column":12},"end":{"line":176,"column":null}},"26":{"start":{"line":179,"column":12},"end":{"line":179,"column":null}},"27":{"start":{"line":182,"column":12},"end":{"line":182,"column":null}},"28":{"start":{"line":185,"column":12},"end":{"line":185,"column":null}},"29":{"start":{"line":188,"column":12},"end":{"line":188,"column":null}},"30":{"start":{"line":191,"column":12},"end":{"line":191,"column":null}},"31":{"start":{"line":194,"column":12},"end":{"line":194,"column":null}},"32":{"start":{"line":197,"column":12},"end":{"line":197,"column":null}},"33":{"start":{"line":200,"column":12},"end":{"line":200,"column":null}},"34":{"start":{"line":203,"column":12},"end":{"line":203,"column":null}},"35":{"start":{"line":206,"column":12},"end":{"line":206,"column":null}},"36":{"start":{"line":209,"column":30},"end":{"line":209,"column":null}},"37":{"start":{"line":211,"column":12},"end":{"line":225,"column":null}},"38":{"start":{"line":212,"column":14},"end":{"line":220,"column":null}},"39":{"start":{"line":213,"column":16},"end":{"line":219,"column":null}},"40":{"start":{"line":214,"column":31},"end":{"line":214,"column":null}},"41":{"start":{"line":216,"column":18},"end":{"line":218,"column":null}},"42":{"start":{"line":217,"column":20},"end":{"line":217,"column":null}},"43":{"start":{"line":222,"column":14},"end":{"line":224,"column":null}},"44":{"start":{"line":223,"column":27},"end":{"line":223,"column":null}},"45":{"start":{"line":227,"column":12},"end":{"line":227,"column":null}},"46":{"start":{"line":232,"column":29},"end":{"line":232,"column":null}},"47":{"start":{"line":234,"column":12},"end":{"line":241,"column":null}},"48":{"start":{"line":235,"column":14},"end":{"line":240,"column":null}},"49":{"start":{"line":243,"column":12},"end":{"line":250,"column":null}},"50":{"start":{"line":244,"column":14},"end":{"line":249,"column":null}},"51":{"start":{"line":252,"column":12},"end":{"line":256,"column":null}},"52":{"start":{"line":253,"column":14},"end":{"line":253,"column":null}},"53":{"start":{"line":255,"column":14},"end":{"line":255,"column":null}},"54":{"start":{"line":258,"column":12},"end":{"line":262,"column":null}},"55":{"start":{"line":259,"column":14},"end":{"line":259,"column":null}},"56":{"start":{"line":260,"column":19},"end":{"line":262,"column":null}},"57":{"start":{"line":261,"column":14},"end":{"line":261,"column":null}},"58":{"start":{"line":264,"column":12},"end":{"line":264,"column":null}},"59":{"start":{"line":267,"column":26},"end":{"line":267,"column":null}},"60":{"start":{"line":269,"column":12},"end":{"line":273,"column":null}},"61":{"start":{"line":270,"column":14},"end":{"line":272,"column":null}},"62":{"start":{"line":271,"column":16},"end":{"line":271,"column":null}},"63":{"start":{"line":275,"column":12},"end":{"line":275,"column":null}},"64":{"start":{"line":278,"column":29},"end":{"line":278,"column":null}},"65":{"start":{"line":280,"column":12},"end":{"line":282,"column":null}},"66":{"start":{"line":281,"column":14},"end":{"line":281,"column":null}},"67":{"start":{"line":283,"column":12},"end":{"line":285,"column":null}},"68":{"start":{"line":284,"column":14},"end":{"line":284,"column":null}},"69":{"start":{"line":287,"column":12},"end":{"line":291,"column":null}},"70":{"start":{"line":288,"column":14},"end":{"line":288,"column":null}},"71":{"start":{"line":290,"column":14},"end":{"line":290,"column":null}},"72":{"start":{"line":293,"column":12},"end":{"line":297,"column":null}},"73":{"start":{"line":294,"column":14},"end":{"line":294,"column":null}},"74":{"start":{"line":296,"column":14},"end":{"line":296,"column":null}},"75":{"start":{"line":299,"column":12},"end":{"line":299,"column":null}},"76":{"start":{"line":302,"column":12},"end":{"line":302,"column":null}},"77":{"start":{"line":302,"column":33},"end":{"line":302,"column":null}},"78":{"start":{"line":304,"column":37},"end":{"line":304,"column":null}},"79":{"start":{"line":307,"column":14},"end":{"line":314,"column":null}},"80":{"start":{"line":308,"column":16},"end":{"line":308,"column":null}},"81":{"start":{"line":310,"column":16},"end":{"line":313,"column":null}},"82":{"start":{"line":311,"column":18},"end":{"line":311,"column":null}},"83":{"start":{"line":312,"column":18},"end":{"line":312,"column":null}},"84":{"start":{"line":315,"column":14},"end":{"line":315,"column":null}},"85":{"start":{"line":318,"column":12},"end":{"line":318,"column":null}},"86":{"start":{"line":319,"column":12},"end":{"line":319,"column":null}},"87":{"start":{"line":322,"column":12},"end":{"line":322,"column":null}},"88":{"start":{"line":327,"column":12},"end":{"line":327,"column":null}},"89":{"start":{"line":332,"column":12},"end":{"line":332,"column":null}},"90":{"start":{"line":337,"column":8},"end":{"line":339,"column":null}},"91":{"start":{"line":338,"column":10},"end":{"line":338,"column":null}},"92":{"start":{"line":344,"column":6},"end":{"line":348,"column":null}},"93":{"start":{"line":345,"column":8},"end":{"line":347,"column":null}},"94":{"start":{"line":346,"column":10},"end":{"line":346,"column":null}},"95":{"start":{"line":350,"column":6},"end":{"line":350,"column":null}},"96":{"start":{"line":354,"column":2},"end":{"line":354,"column":null}},"97":{"start":{"line":357,"column":21},"end":{"line":357,"column":null}},"98":{"start":{"line":360,"column":2},"end":{"line":362,"column":null}},"99":{"start":{"line":361,"column":4},"end":{"line":361,"column":null}},"100":{"start":{"line":364,"column":2},"end":{"line":366,"column":null}},"101":{"start":{"line":365,"column":4},"end":{"line":365,"column":null}},"102":{"start":{"line":368,"column":2},"end":{"line":370,"column":null}},"103":{"start":{"line":369,"column":4},"end":{"line":369,"column":null}},"104":{"start":{"line":374,"column":2},"end":{"line":374,"column":null}},"105":{"start":{"line":378,"column":2},"end":{"line":378,"column":null}}},"fnMap":{"0":{"name":"getWalker","decl":{"start":{"line":105,"column":16},"end":{"line":105,"column":28}},"loc":{"start":{"line":105,"column":28},"end":{"line":355,"column":null}},"line":105},"1":{"name":"onIgnore","decl":{"start":{"line":108,"column":11},"end":{"line":108,"column":20}},"loc":{"start":{"line":108,"column":32},"end":{"line":110,"column":null}},"line":108},"2":{"name":"walk","decl":{"start":{"line":112,"column":11},"end":{"line":112,"column":null}},"loc":{"start":{"line":117,"column":4},"end":{"line":352,"column":null}},"line":117},"3":{"name":"enter","decl":{"start":{"line":119,"column":6},"end":{"line":119,"column":12}},"loc":{"start":{"line":119,"column":18},"end":{"line":335,"column":null}},"line":119},"4":{"name":"(anonymous_4)","decl":{"start":{"line":222,"column":46},"end":{"line":222,"column":null}},"loc":{"start":{"line":223,"column":27},"end":{"line":223,"column":null}},"line":223},"5":{"name":"visit","decl":{"start":{"line":306,"column":21},"end":{"line":306,"column":27}},"loc":{"start":{"line":306,"column":40},"end":{"line":316,"column":null}},"line":306},"6":{"name":"leave","decl":{"start":{"line":336,"column":6},"end":{"line":336,"column":12}},"loc":{"start":{"line":336,"column":18},"end":{"line":340,"column":null}},"line":336},"7":{"name":"getIgnoreHint","decl":{"start":{"line":343,"column":13},"end":{"line":343,"column":27}},"loc":{"start":{"line":343,"column":39},"end":{"line":351,"column":null}},"line":343},"8":{"name":"getFunctionName","decl":{"start":{"line":359,"column":16},"end":{"line":359,"column":32}},"loc":{"start":{"line":359,"column":56},"end":{"line":371,"column":null}},"line":359},"9":{"name":"setSkipped","decl":{"start":{"line":373,"column":9},"end":{"line":373,"column":20}},"loc":{"start":{"line":373,"column":44},"end":{"line":375,"column":null}},"line":373},"10":{"name":"isSkipped","decl":{"start":{"line":377,"column":9},"end":{"line":377,"column":19}},"loc":{"start":{"line":377,"column":43},"end":{"line":379,"column":null}},"line":377}},"branchMap":{"0":{"loc":{"start":{"line":120,"column":8},"end":{"line":122,"column":null}},"type":"if","locations":[{"start":{"line":120,"column":8},"end":{"line":122,"column":null}},{"start":{},"end":{}}],"line":120},"1":{"loc":{"start":{"line":126,"column":8},"end":{"line":128,"column":null}},"type":"if","locations":[{"start":{"line":126,"column":8},"end":{"line":128,"column":null}},{"start":{},"end":{}}],"line":126},"2":{"loc":{"start":{"line":130,"column":8},"end":{"line":132,"column":null}},"type":"if","locations":[{"start":{"line":130,"column":8},"end":{"line":132,"column":null}},{"start":{},"end":{}}],"line":130},"3":{"loc":{"start":{"line":134,"column":8},"end":{"line":334,"column":null}},"type":"switch","locations":[{"start":{"line":136,"column":10},"end":{"line":138,"column":null}},{"start":{"line":139,"column":10},"end":{"line":146,"column":null}},{"start":{"line":147,"column":10},"end":{"line":149,"column":null}},{"start":{"line":150,"column":10},"end":{"line":152,"column":null}},{"start":{"line":153,"column":10},"end":{"line":160,"column":null}},{"start":{"line":163,"column":10},"end":{"line":165,"column":null}},{"start":{"line":166,"column":10},"end":{"line":168,"column":null}},{"start":{"line":169,"column":10},"end":{"line":171,"column":null}},{"start":{"line":172,"column":10},"end":{"line":174,"column":null}},{"start":{"line":175,"column":10},"end":{"line":177,"column":null}},{"start":{"line":178,"column":10},"end":{"line":180,"column":null}},{"start":{"line":181,"column":10},"end":{"line":183,"column":null}},{"start":{"line":184,"column":10},"end":{"line":186,"column":null}},{"start":{"line":187,"column":10},"end":{"line":189,"column":null}},{"start":{"line":190,"column":10},"end":{"line":192,"column":null}},{"start":{"line":193,"column":10},"end":{"line":195,"column":null}},{"start":{"line":196,"column":10},"end":{"line":198,"column":null}},{"start":{"line":199,"column":10},"end":{"line":201,"column":null}},{"start":{"line":202,"column":10},"end":{"line":204,"column":null}},{"start":{"line":205,"column":10},"end":{"line":207,"column":null}},{"start":{"line":208,"column":10},"end":{"line":228,"column":null}},{"start":{"line":231,"column":10},"end":{"line":265,"column":null}},{"start":{"line":266,"column":10},"end":{"line":276,"column":null}},{"start":{"line":277,"column":10},"end":{"line":300,"column":null}},{"start":{"line":301,"column":10},"end":{"line":320,"column":null}},{"start":{"line":321,"column":10},"end":{"line":323,"column":null}},{"start":{"line":326,"column":10},"end":{"line":328,"column":null}},{"start":{"line":331,"column":10},"end":{"line":333,"column":null}}],"line":134},"4":{"loc":{"start":{"line":140,"column":12},"end":{"line":144,"column":null}},"type":"if","locations":[{"start":{"line":140,"column":12},"end":{"line":144,"column":null}},{"start":{},"end":{}}],"line":140},"5":{"loc":{"start":{"line":140,"column":16},"end":{"line":140,"column":53}},"type":"binary-expr","locations":[{"start":{"line":140,"column":16},"end":{"line":140,"column":38}},{"start":{"line":140,"column":38},"end":{"line":140,"column":53}}],"line":140},"6":{"loc":{"start":{"line":141,"column":14},"end":{"line":143,"column":null}},"type":"if","locations":[{"start":{"line":141,"column":14},"end":{"line":143,"column":null}},{"start":{},"end":{}}],"line":141},"7":{"loc":{"start":{"line":155,"column":12},"end":{"line":157,"column":null}},"type":"if","locations":[{"start":{"line":155,"column":12},"end":{"line":157,"column":null}},{"start":{},"end":{}}],"line":155},"8":{"loc":{"start":{"line":211,"column":12},"end":{"line":225,"column":null}},"type":"if","locations":[{"start":{"line":211,"column":12},"end":{"line":225,"column":null}},{"start":{},"end":{}}],"line":211},"9":{"loc":{"start":{"line":213,"column":16},"end":{"line":219,"column":null}},"type":"if","locations":[{"start":{"line":213,"column":16},"end":{"line":219,"column":null}},{"start":{},"end":{}}],"line":213},"10":{"loc":{"start":{"line":213,"column":20},"end":{"line":213,"column":87}},"type":"binary-expr","locations":[{"start":{"line":213,"column":20},"end":{"line":213,"column":57}},{"start":{"line":213,"column":57},"end":{"line":213,"column":87}}],"line":213},"11":{"loc":{"start":{"line":214,"column":31},"end":{"line":214,"column":null}},"type":"binary-expr","locations":[{"start":{"line":214,"column":31},"end":{"line":214,"column":66}},{"start":{"line":214,"column":66},"end":{"line":214,"column":null}}],"line":214},"12":{"loc":{"start":{"line":216,"column":18},"end":{"line":218,"column":null}},"type":"if","locations":[{"start":{"line":216,"column":18},"end":{"line":218,"column":null}},{"start":{},"end":{}}],"line":216},"13":{"loc":{"start":{"line":216,"column":22},"end":{"line":216,"column":65}},"type":"binary-expr","locations":[{"start":{"line":216,"column":22},"end":{"line":216,"column":30}},{"start":{"line":216,"column":30},"end":{"line":216,"column":65}}],"line":216},"14":{"loc":{"start":{"line":234,"column":12},"end":{"line":241,"column":null}},"type":"if","locations":[{"start":{"line":234,"column":12},"end":{"line":241,"column":null}},{"start":{},"end":{}}],"line":234},"15":{"loc":{"start":{"line":243,"column":12},"end":{"line":250,"column":null}},"type":"if","locations":[{"start":{"line":243,"column":12},"end":{"line":250,"column":null}},{"start":{},"end":{}}],"line":243},"16":{"loc":{"start":{"line":243,"column":16},"end":{"line":243,"column":76}},"type":"binary-expr","locations":[{"start":{"line":243,"column":16},"end":{"line":243,"column":34}},{"start":{"line":243,"column":34},"end":{"line":243,"column":76}}],"line":243},"17":{"loc":{"start":{"line":252,"column":12},"end":{"line":256,"column":null}},"type":"if","locations":[{"start":{"line":252,"column":12},"end":{"line":256,"column":null}},{"start":{"line":254,"column":19},"end":{"line":256,"column":null}}],"line":252},"18":{"loc":{"start":{"line":258,"column":12},"end":{"line":262,"column":null}},"type":"if","locations":[{"start":{"line":258,"column":12},"end":{"line":262,"column":null}},{"start":{"line":260,"column":19},"end":{"line":262,"column":null}}],"line":258},"19":{"loc":{"start":{"line":258,"column":16},"end":{"line":258,"column":51}},"type":"binary-expr","locations":[{"start":{"line":258,"column":16},"end":{"line":258,"column":35}},{"start":{"line":258,"column":35},"end":{"line":258,"column":51}}],"line":258},"20":{"loc":{"start":{"line":260,"column":19},"end":{"line":262,"column":null}},"type":"if","locations":[{"start":{"line":260,"column":19},"end":{"line":262,"column":null}},{"start":{},"end":{}}],"line":260},"21":{"loc":{"start":{"line":260,"column":23},"end":{"line":260,"column":57}},"type":"binary-expr","locations":[{"start":{"line":260,"column":23},"end":{"line":260,"column":40}},{"start":{"line":260,"column":40},"end":{"line":260,"column":57}}],"line":260},"22":{"loc":{"start":{"line":270,"column":14},"end":{"line":272,"column":null}},"type":"if","locations":[{"start":{"line":270,"column":14},"end":{"line":272,"column":null}},{"start":{},"end":{}}],"line":270},"23":{"loc":{"start":{"line":280,"column":12},"end":{"line":282,"column":null}},"type":"if","locations":[{"start":{"line":280,"column":12},"end":{"line":282,"column":null}},{"start":{},"end":{}}],"line":280},"24":{"loc":{"start":{"line":283,"column":12},"end":{"line":285,"column":null}},"type":"if","locations":[{"start":{"line":283,"column":12},"end":{"line":285,"column":null}},{"start":{},"end":{}}],"line":283},"25":{"loc":{"start":{"line":287,"column":12},"end":{"line":291,"column":null}},"type":"if","locations":[{"start":{"line":287,"column":12},"end":{"line":291,"column":null}},{"start":{"line":289,"column":19},"end":{"line":291,"column":null}}],"line":287},"26":{"loc":{"start":{"line":293,"column":12},"end":{"line":297,"column":null}},"type":"if","locations":[{"start":{"line":293,"column":12},"end":{"line":297,"column":null}},{"start":{"line":295,"column":19},"end":{"line":297,"column":null}}],"line":293},"27":{"loc":{"start":{"line":302,"column":12},"end":{"line":302,"column":null}},"type":"if","locations":[{"start":{"line":302,"column":12},"end":{"line":302,"column":null}},{"start":{},"end":{}}],"line":302},"28":{"loc":{"start":{"line":307,"column":14},"end":{"line":314,"column":null}},"type":"if","locations":[{"start":{"line":307,"column":14},"end":{"line":314,"column":null}},{"start":{},"end":{}}],"line":307},"29":{"loc":{"start":{"line":310,"column":16},"end":{"line":313,"column":null}},"type":"if","locations":[{"start":{"line":310,"column":16},"end":{"line":313,"column":null}},{"start":{},"end":{}}],"line":310},"30":{"loc":{"start":{"line":337,"column":8},"end":{"line":339,"column":null}},"type":"if","locations":[{"start":{"line":337,"column":8},"end":{"line":339,"column":null}},{"start":{},"end":{}}],"line":337},"31":{"loc":{"start":{"line":345,"column":8},"end":{"line":347,"column":null}},"type":"if","locations":[{"start":{"line":345,"column":8},"end":{"line":347,"column":null}},{"start":{},"end":{}}],"line":345},"32":{"loc":{"start":{"line":360,"column":2},"end":{"line":362,"column":null}},"type":"if","locations":[{"start":{"line":360,"column":2},"end":{"line":362,"column":null}},{"start":{},"end":{}}],"line":360},"33":{"loc":{"start":{"line":364,"column":2},"end":{"line":366,"column":null}},"type":"if","locations":[{"start":{"line":364,"column":2},"end":{"line":366,"column":null}},{"start":{},"end":{}}],"line":364},"34":{"loc":{"start":{"line":364,"column":6},"end":{"line":364,"column":31}},"type":"binary-expr","locations":[{"start":{"line":364,"column":6},"end":{"line":364,"column":22}},{"start":{"line":364,"column":22},"end":{"line":364,"column":31}}],"line":364},"35":{"loc":{"start":{"line":368,"column":2},"end":{"line":370,"column":null}},"type":"if","locations":[{"start":{"line":368,"column":2},"end":{"line":370,"column":null}},{"start":{},"end":{}}],"line":368},"36":{"loc":{"start":{"line":368,"column":6},"end":{"line":368,"column":33}},"type":"binary-expr","locations":[{"start":{"line":368,"column":6},"end":{"line":368,"column":23}},{"start":{"line":368,"column":23},"end":{"line":368,"column":33}}],"line":368}},"s":{"0":916,"1":1661,"2":916,"3":350196,"4":22366,"5":327830,"6":327830,"7":126,"8":327704,"9":1519,"10":327704,"11":3863,"12":674,"13":16,"14":8,"15":666,"16":410,"17":2237,"18":1322,"19":6,"20":1322,"21":9563,"22":319,"23":247,"24":4,"25":8511,"26":108,"27":74,"28":185,"29":15,"30":363,"31":127,"32":28,"33":0,"34":23,"35":8670,"36":101,"37":101,"38":28,"39":72,"40":64,"41":64,"42":8,"43":28,"44":72,"45":101,"46":12917,"47":12917,"48":792,"49":12917,"50":843,"51":12917,"52":37,"53":12880,"54":12917,"55":25,"56":12892,"57":12833,"58":12917,"59":237,"60":237,"61":1677,"62":1659,"63":237,"64":2428,"65":2428,"66":5,"67":2428,"68":1,"69":2428,"70":4,"71":2424,"72":2428,"73":4,"74":2424,"75":2428,"76":5905,"77":1457,"78":4448,"79":18258,"80":6912,"81":6912,"82":6905,"83":6905,"84":11353,"85":4448,"86":4448,"87":240,"88":17,"89":14,"90":350196,"91":1657,"92":341275,"93":597897,"94":271,"95":341004,"96":916,"97":50,"98":10215,"99":4403,"100":5812,"101":3892,"102":1920,"103":513,"104":6990,"105":333681},"f":{"0":916,"1":1661,"2":916,"3":350196,"4":72,"5":18258,"6":350196,"7":341275,"8":10215,"9":6990,"10":333681},"b":{"0":[22366,327830],"1":[126,327704],"2":[1519,326185],"3":[3863,674,410,2237,1322,9563,319,247,4,8511,108,74,185,15,363,127,28,0,23,8670,101,12917,237,2428,5905,240,17,14],"4":[16,658],"5":[674,84],"6":[8,8],"7":[6,1316],"8":[28,73],"9":[64,8],"10":[72,24],"11":[64,64],"12":[8,56],"13":[64,64],"14":[792,12125],"15":[843,12074],"16":[12917,1493],"17":[37,12880],"18":[25,12892],"19":[12917,47],"20":[12833,59],"21":[12892,12855],"22":[1659,18],"23":[5,2423],"24":[1,2427],"25":[4,2424],"26":[4,2424],"27":[1457,4448],"28":[6912,11346],"29":[6905,7],"30":[1657,348539],"31":[271,597626],"32":[4403,5812],"33":[3892,1920],"34":[5812,5297],"35":[513,1407],"36":[1920,513]},"meta":{"lastBranch":37,"lastFunction":11,"lastStatement":106,"seen":{"f:105:16:105:28":0,"s:106:33:106:Infinity":0,"f:108:11:108:20":1,"s:109:4:109:Infinity":1,"f:112:11:112:Infinity":2,"s:118:4:341:Infinity":2,"f:119:6:119:12":3,"b:120:8:122:Infinity:undefined:undefined:undefined:undefined":0,"s:120:8:122:Infinity":3,"s:121:10:121:Infinity":4,"s:124:21:124:Infinity":5,"b:126:8:128:Infinity:undefined:undefined:undefined:undefined":1,"s:126:8:128:Infinity":6,"s:127:10:127:Infinity":7,"b:130:8:132:Infinity:undefined:undefined:undefined:undefined":2,"s:130:8:132:Infinity":8,"s:131:10:131:Infinity":9,"b:136:10:138:Infinity:139:10:146:Infinity:147:10:149:Infinity:150:10:152:Infinity:153:10:160:Infinity:163:10:165:Infinity:166:10:168:Infinity:169:10:171:Infinity:172:10:174:Infinity:175:10:177:Infinity:178:10:180:Infinity:181:10:183:Infinity:184:10:186:Infinity:187:10:189:Infinity:190:10:192:Infinity:193:10:195:Infinity:196:10:198:Infinity:199:10:201:Infinity:202:10:204:Infinity:205:10:207:Infinity:208:10:228:Infinity:231:10:265:Infinity:266:10:276:Infinity:277:10:300:Infinity:301:10:320:Infinity:321:10:323:Infinity:326:10:328:Infinity:331:10:333:Infinity":3,"s:134:8:334:Infinity":10,"s:137:12:137:Infinity":11,"b:140:12:144:Infinity:undefined:undefined:undefined:undefined":4,"s:140:12:144:Infinity":12,"b:140:16:140:38:140:38:140:53":5,"b:141:14:143:Infinity:undefined:undefined:undefined:undefined":6,"s:141:14:143:Infinity":13,"s:142:16:142:Infinity":14,"s:145:12:145:Infinity":15,"s:148:12:148:Infinity":16,"s:151:12:151:Infinity":17,"b:155:12:157:Infinity:undefined:undefined:undefined:undefined":7,"s:155:12:157:Infinity":18,"s:156:14:156:Infinity":19,"s:159:12:159:Infinity":20,"s:164:12:164:Infinity":21,"s:167:12:167:Infinity":22,"s:170:12:170:Infinity":23,"s:173:12:173:Infinity":24,"s:176:12:176:Infinity":25,"s:179:12:179:Infinity":26,"s:182:12:182:Infinity":27,"s:185:12:185:Infinity":28,"s:188:12:188:Infinity":29,"s:191:12:191:Infinity":30,"s:194:12:194:Infinity":31,"s:197:12:197:Infinity":32,"s:200:12:200:Infinity":33,"s:203:12:203:Infinity":34,"s:206:12:206:Infinity":35,"s:209:30:209:Infinity":36,"b:211:12:225:Infinity:undefined:undefined:undefined:undefined":8,"s:211:12:225:Infinity":37,"s:212:14:220:Infinity":38,"b:213:16:219:Infinity:undefined:undefined:undefined:undefined":9,"s:213:16:219:Infinity":39,"b:213:20:213:57:213:57:213:87":10,"s:214:31:214:Infinity":40,"b:214:31:214:66:214:66:214:Infinity":11,"b:216:18:218:Infinity:undefined:undefined:undefined:undefined":12,"s:216:18:218:Infinity":41,"b:216:22:216:30:216:30:216:65":13,"s:217:20:217:Infinity":42,"s:222:14:224:Infinity":43,"f:222:46:222:Infinity":4,"s:223:27:223:Infinity":44,"s:227:12:227:Infinity":45,"s:232:29:232:Infinity":46,"b:234:12:241:Infinity:undefined:undefined:undefined:undefined":14,"s:234:12:241:Infinity":47,"s:235:14:240:Infinity":48,"b:243:12:250:Infinity:undefined:undefined:undefined:undefined":15,"s:243:12:250:Infinity":49,"b:243:16:243:34:243:34:243:76":16,"s:244:14:249:Infinity":50,"b:252:12:256:Infinity:254:19:256:Infinity":17,"s:252:12:256:Infinity":51,"s:253:14:253:Infinity":52,"s:255:14:255:Infinity":53,"b:258:12:262:Infinity:260:19:262:Infinity":18,"s:258:12:262:Infinity":54,"b:258:16:258:35:258:35:258:51":19,"s:259:14:259:Infinity":55,"b:260:19:262:Infinity:undefined:undefined:undefined:undefined":20,"s:260:19:262:Infinity":56,"b:260:23:260:40:260:40:260:57":21,"s:261:14:261:Infinity":57,"s:264:12:264:Infinity":58,"s:267:26:267:Infinity":59,"s:269:12:273:Infinity":60,"b:270:14:272:Infinity:undefined:undefined:undefined:undefined":22,"s:270:14:272:Infinity":61,"s:271:16:271:Infinity":62,"s:275:12:275:Infinity":63,"s:278:29:278:Infinity":64,"b:280:12:282:Infinity:undefined:undefined:undefined:undefined":23,"s:280:12:282:Infinity":65,"s:281:14:281:Infinity":66,"b:283:12:285:Infinity:undefined:undefined:undefined:undefined":24,"s:283:12:285:Infinity":67,"s:284:14:284:Infinity":68,"b:287:12:291:Infinity:289:19:291:Infinity":25,"s:287:12:291:Infinity":69,"s:288:14:288:Infinity":70,"s:290:14:290:Infinity":71,"b:293:12:297:Infinity:295:19:297:Infinity":26,"s:293:12:297:Infinity":72,"s:294:14:294:Infinity":73,"s:296:14:296:Infinity":74,"s:299:12:299:Infinity":75,"b:302:12:302:Infinity:undefined:undefined:undefined:undefined":27,"s:302:12:302:Infinity":76,"s:302:33:302:Infinity":77,"s:304:37:304:Infinity":78,"f:306:21:306:27":5,"b:307:14:314:Infinity:undefined:undefined:undefined:undefined":28,"s:307:14:314:Infinity":79,"s:308:16:308:Infinity":80,"b:310:16:313:Infinity:undefined:undefined:undefined:undefined":29,"s:310:16:313:Infinity":81,"s:311:18:311:Infinity":82,"s:312:18:312:Infinity":83,"s:315:14:315:Infinity":84,"s:318:12:318:Infinity":85,"s:319:12:319:Infinity":86,"s:322:12:322:Infinity":87,"s:327:12:327:Infinity":88,"s:332:12:332:Infinity":89,"f:336:6:336:12":6,"b:337:8:339:Infinity:undefined:undefined:undefined:undefined":30,"s:337:8:339:Infinity":90,"s:338:10:338:Infinity":91,"f:343:13:343:27":7,"s:344:6:348:Infinity":92,"b:345:8:347:Infinity:undefined:undefined:undefined:undefined":31,"s:345:8:347:Infinity":93,"s:346:10:346:Infinity":94,"s:350:6:350:Infinity":95,"s:354:2:354:Infinity":96,"s:357:21:357:Infinity":97,"f:359:16:359:32":8,"b:360:2:362:Infinity:undefined:undefined:undefined:undefined":32,"s:360:2:362:Infinity":98,"s:361:4:361:Infinity":99,"b:364:2:366:Infinity:undefined:undefined:undefined:undefined":33,"s:364:2:366:Infinity":100,"b:364:6:364:22:364:22:364:31":34,"s:365:4:365:Infinity":101,"b:368:2:370:Infinity:undefined:undefined:undefined:undefined":35,"s:368:2:370:Infinity":102,"b:368:6:368:23:368:23:368:33":36,"s:369:4:369:Infinity":103,"f:373:9:373:20":9,"s:374:2:374:Infinity":104,"f:377:9:377:19":10,"s:378:2:378:Infinity":105},"fnNames":{}}}
,"/home/runner/work/ast-v8-to-istanbul/ast-v8-to-istanbul/src/coverage-map.ts": {"path":"/home/runner/work/ast-v8-to-istanbul/ast-v8-to-istanbul/src/coverage-map.ts","statementMap":{"0":{"start":{"line":27,"column":32},"end":{"line":27,"column":null}},"1":{"start":{"line":28,"column":20},"end":{"line":28,"column":null}},"2":{"start":{"line":30,"column":2},"end":{"line":61,"column":null}},"3":{"start":{"line":31,"column":15},"end":{"line":31,"column":null}},"4":{"start":{"line":33,"column":4},"end":{"line":39,"column":null}},"5":{"start":{"line":34,"column":6},"end":{"line":38,"column":null}},"6":{"start":{"line":35,"column":8},"end":{"line":35,"column":null}},"7":{"start":{"line":37,"column":8},"end":{"line":37,"column":null}},"8":{"start":{"line":41,"column":23},"end":{"line":47,"column":null}},"9":{"start":{"line":49,"column":4},"end":{"line":60,"column":null}},"10":{"start":{"line":63,"column":2},"end":{"line":63,"column":null}},"11":{"start":{"line":74,"column":23},"end":{"line":74,"column":null}},"12":{"start":{"line":75,"column":16},"end":{"line":75,"column":null}},"13":{"start":{"line":77,"column":14},"end":{"line":77,"column":null}},"14":{"start":{"line":78,"column":14},"end":{"line":78,"column":null}},"15":{"start":{"line":80,"column":2},"end":{"line":110,"column":null}},"16":{"start":{"line":81,"column":4},"end":{"line":81,"column":null}},"17":{"start":{"line":82,"column":4},"end":{"line":82,"column":null}},"18":{"start":{"line":83,"column":4},"end":{"line":83,"column":null}},"19":{"start":{"line":85,"column":15},"end":{"line":85,"column":null}},"20":{"start":{"line":87,"column":4},"end":{"line":102,"column":null}},"21":{"start":{"line":88,"column":19},"end":{"line":88,"column":null}},"22":{"start":{"line":89,"column":10},"end":{"line":89,"column":null}},"23":{"start":{"line":90,"column":6},"end":{"line":90,"column":null}},"24":{"start":{"line":92,"column":6},"end":{"line":95,"column":null}},"25":{"start":{"line":93,"column":8},"end":{"line":93,"column":null}},"26":{"start":{"line":94,"column":8},"end":{"line":94,"column":null}},"27":{"start":{"line":97,"column":6},"end":{"line":97,"column":null}},"28":{"start":{"line":99,"column":6},"end":{"line":101,"column":null}},"29":{"start":{"line":100,"column":8},"end":{"line":100,"column":null}},"30":{"start":{"line":104,"column":4},"end":{"line":109,"column":null}},"31":{"start":{"line":112,"column":2},"end":{"line":112,"column":null}},"32":{"start":{"line":113,"column":2},"end":{"line":113,"column":null}},"33":{"start":{"line":122,"column":23},"end":{"line":122,"column":null}},"34":{"start":{"line":123,"column":16},"end":{"line":123,"column":null}},"35":{"start":{"line":125,"column":14},"end":{"line":125,"column":null}},"36":{"start":{"line":126,"column":14},"end":{"line":126,"column":null}},"37":{"start":{"line":128,"column":2},"end":{"line":133,"column":null}},"38":{"start":{"line":129,"column":4},"end":{"line":129,"column":null}},"39":{"start":{"line":130,"column":4},"end":{"line":130,"column":null}},"40":{"start":{"line":131,"column":4},"end":{"line":131,"column":null}},"41":{"start":{"line":132,"column":4},"end":{"line":132,"column":null}},"42":{"start":{"line":135,"column":2},"end":{"line":135,"column":null}},"43":{"start":{"line":146,"column":23},"end":{"line":146,"column":null}},"44":{"start":{"line":147,"column":16},"end":{"line":147,"column":null}},"45":{"start":{"line":149,"column":14},"end":{"line":149,"column":null}},"46":{"start":{"line":150,"column":14},"end":{"line":150,"column":null}},"47":{"start":{"line":152,"column":2},"end":{"line":164,"column":null}},"48":{"start":{"line":153,"column":4},"end":{"line":153,"column":null}},"49":{"start":{"line":154,"column":4},"end":{"line":154,"column":null}},"50":{"start":{"line":155,"column":4},"end":{"line":155,"column":null}},"51":{"start":{"line":157,"column":4},"end":{"line":163,"column":null}},"52":{"start":{"line":161,"column":48},"end":{"line":161,"column":65}},"53":{"start":{"line":166,"column":2},"end":{"line":168,"column":null}},"54":{"start":{"line":167,"column":4},"end":{"line":167,"column":null}},"55":{"start":{"line":170,"column":2},"end":{"line":174,"column":null}},"56":{"start":{"line":171,"column":4},"end":{"line":173,"column":null}},"57":{"start":{"line":172,"column":6},"end":{"line":172,"column":null}},"58":{"start":{"line":178,"column":2},"end":{"line":181,"column":null}},"59":{"start":{"line":185,"column":2},"end":{"line":185,"column":null}}},"fnMap":{"0":{"name":"createCoverageMapData","decl":{"start":{"line":26,"column":16},"end":{"line":26,"column":38}},"loc":{"start":{"line":26,"column":77},"end":{"line":64,"column":null}},"line":26},"1":{"name":"addFunction","decl":{"start":{"line":66,"column":16},"end":{"line":66,"column":28}},"loc":{"start":{"line":73,"column":3},"end":{"line":114,"column":null}},"line":73},"2":{"name":"addStatement","decl":{"start":{"line":116,"column":16},"end":{"line":116,"column":29}},"loc":{"start":{"line":121,"column":3},"end":{"line":136,"column":null}},"line":121},"3":{"name":"addBranch","decl":{"start":{"line":138,"column":16},"end":{"line":138,"column":26}},"loc":{"start":{"line":145,"column":3},"end":{"line":175,"column":null}},"line":145},"4":{"name":"(anonymous_4)","decl":{"start":{"line":161,"column":35},"end":{"line":161,"column":40}},"loc":{"start":{"line":161,"column":48},"end":{"line":161,"column":65}},"line":161},"5":{"name":"(anonymous_5)","decl":{"start":{"line":170,"column":19},"end":{"line":170,"column":28}},"loc":{"start":{"line":170,"column":39},"end":{"line":174,"column":3}},"line":170},"6":{"name":"pickLocation","decl":{"start":{"line":177,"column":9},"end":{"line":177,"column":22}},"loc":{"start":{"line":177,"column":59},"end":{"line":182,"column":null}},"line":177},"7":{"name":"cacheKey","decl":{"start":{"line":184,"column":9},"end":{"line":184,"column":18}},"loc":{"start":{"line":184,"column":73},"end":{"line":186,"column":null}},"line":184}},"branchMap":{"0":{"loc":{"start":{"line":33,"column":4},"end":{"line":39,"column":null}},"type":"if","locations":[{"start":{"line":33,"column":4},"end":{"line":39,"column":null}},{"start":{},"end":{}}],"line":33},"1":{"loc":{"start":{"line":34,"column":6},"end":{"line":38,"column":null}},"type":"if","locations":[{"start":{"line":34,"column":6},"end":{"line":38,"column":null}},{"start":{"line":36,"column":13},"end":{"line":38,"column":null}}],"line":34},"2":{"loc":{"start":{"line":80,"column":2},"end":{"line":110,"column":null}},"type":"if","locations":[{"start":{"line":80,"column":2},"end":{"line":110,"column":null}},{"start":{},"end":{}}],"line":80},"3":{"loc":{"start":{"line":87,"column":4},"end":{"line":102,"column":null}},"type":"if","locations":[{"start":{"line":87,"column":4},"end":{"line":102,"column":null}},{"start":{},"end":{}}],"line":87},"4":{"loc":{"start":{"line":89,"column":19},"end":{"line":89,"column":50}},"type":"binary-expr","locations":[{"start":{"line":89,"column":19},"end":{"line":89,"column":45}},{"start":{"line":89,"column":45},"end":{"line":89,"column":50}}],"line":89},"5":{"loc":{"start":{"line":90,"column":13},"end":{"line":90,"column":null}},"type":"cond-expr","locations":[{"start":{"line":90,"column":25},"end":{"line":90,"column":46}},{"start":{"line":90,"column":46},"end":{"line":90,"column":null}}],"line":90},"6":{"loc":{"start":{"line":99,"column":6},"end":{"line":101,"column":null}},"type":"if","locations":[{"start":{"line":99,"column":6},"end":{"line":101,"column":null}},{"start":{},"end":{}}],"line":99},"7":{"loc":{"start":{"line":105,"column":12},"end":{"line":105,"column":null}},"type":"binary-expr","locations":[{"start":{"line":105,"column":12},"end":{"line":105,"column":20}},{"start":{"line":105,"column":20},"end":{"line":105,"column":null}}],"line":105},"8":{"loc":{"start":{"line":113,"column":27},"end":{"line":113,"column":null}},"type":"binary-expr","locations":[{"start":{"line":113,"column":27},"end":{"line":113,"column":46}},{"start":{"line":113,"column":46},"end":{"line":113,"column":null}}],"line":113},"9":{"loc":{"start":{"line":128,"column":2},"end":{"line":133,"column":null}},"type":"if","locations":[{"start":{"line":128,"column":2},"end":{"line":133,"column":null}},{"start":{},"end":{}}],"line":128},"10":{"loc":{"start":{"line":135,"column":26},"end":{"line":135,"column":null}},"type":"binary-expr","locations":[{"start":{"line":135,"column":26},"end":{"line":135,"column":45}},{"start":{"line":135,"column":45},"end":{"line":135,"column":null}}],"line":135},"11":{"loc":{"start":{"line":152,"column":2},"end":{"line":164,"column":null}},"type":"if","locations":[{"start":{"line":152,"column":2},"end":{"line":164,"column":null}},{"start":{},"end":{}}],"line":152},"12":{"loc":{"start":{"line":166,"column":2},"end":{"line":168,"column":null}},"type":"if","locations":[{"start":{"line":166,"column":2},"end":{"line":168,"column":null}},{"start":{},"end":{}}],"line":166},"13":{"loc":{"start":{"line":171,"column":4},"end":{"line":173,"column":null}},"type":"if","locations":[{"start":{"line":171,"column":4},"end":{"line":173,"column":null}},{"start":{},"end":{}}],"line":171}},"s":{"0":916,"1":916,"2":916,"3":916,"4":916,"5":916,"6":4,"7":912,"8":916,"9":916,"10":916,"11":5810,"12":5810,"13":5810,"14":5810,"15":5810,"16":5810,"17":5810,"18":5810,"19":5810,"20":5810,"21":4403,"22":4403,"23":4403,"24":4403,"25":16,"26":16,"27":4403,"28":4403,"29":170,"30":5810,"31":5810,"32":5810,"33":41149,"34":41149,"35":41149,"36":41149,"37":41149,"38":41121,"39":41121,"40":41121,"41":41121,"42":41149,"43":20217,"44":20217,"45":20217,"46":20217,"47":20217,"48":20217,"49":20217,"50":20217,"51":20217,"52":43785,"53":20217,"54":20217,"55":20217,"56":43789,"57":43785,"58":116743,"59":90744},"f":{"0":916,"1":5810,"2":41149,"3":20217,"4":43785,"5":43789,"6":116743,"7":90744},"b":{"0":[916,0],"1":[4,912],"2":[5810,0],"3":[4403,1407],"4":[4403,4237],"5":[166,4237],"6":[170,4233],"7":[5810,1407],"8":[5810,5247],"9":[41121,28],"10":[41149,36327],"11":[20217,0],"12":[20217,0],"13":[43785,4]},"meta":{"lastBranch":14,"lastFunction":8,"lastStatement":60,"seen":{"f:26:16:26:38":0,"s:27:32:27:Infinity":0,"s:28:20:28:Infinity":1,"s:30:2:61:Infinity":2,"s:31:15:31:Infinity":3,"b:33:4:39:Infinity:undefined:undefined:undefined:undefined":0,"s:33:4:39:Infinity":4,"b:34:6:38:Infinity:36:13:38:Infinity":1,"s:34:6:38:Infinity":5,"s:35:8:35:Infinity":6,"s:37:8:37:Infinity":7,"s:41:23:47:Infinity":8,"s:49:4:60:Infinity":9,"s:63:2:63:Infinity":10,"f:66:16:66:28":1,"s:74:23:74:Infinity":11,"s:75:16:75:Infinity":12,"s:77:14:77:Infinity":13,"s:78:14:78:Infinity":14,"b:80:2:110:Infinity:undefined:undefined:undefined:undefined":2,"s:80:2:110:Infinity":15,"s:81:4:81:Infinity":16,"s:82:4:82:Infinity":17,"s:83:4:83:Infinity":18,"s:85:15:85:Infinity":19,"b:87:4:102:Infinity:undefined:undefined:undefined:undefined":3,"s:87:4:102:Infinity":20,"s:88:19:88:Infinity":21,"s:89:10:89:Infinity":22,"b:89:19:89:45:89:45:89:50":4,"s:90:6:90:Infinity":23,"b:90:25:90:46:90:46:90:Infinity":5,"s:92:6:95:Infinity":24,"s:93:8:93:Infinity":25,"s:94:8:94:Infinity":26,"s:97:6:97:Infinity":27,"b:99:6:101:Infinity:undefined:undefined:undefined:undefined":6,"s:99:6:101:Infinity":28,"s:100:8:100:Infinity":29,"s:104:4:109:Infinity":30,"b:105:12:105:20:105:20:105:Infinity":7,"s:112:2:112:Infinity":31,"s:113:2:113:Infinity":32,"b:113:27:113:46:113:46:113:Infinity":8,"f:116:16:116:29":2,"s:122:23:122:Infinity":33,"s:123:16:123:Infinity":34,"s:125:14:125:Infinity":35,"s:126:14:126:Infinity":36,"b:128:2:133:Infinity:undefined:undefined:undefined:undefined":9,"s:128:2:133:Infinity":37,"s:129:4:129:Infinity":38,"s:130:4:130:Infinity":39,"s:131:4:131:Infinity":40,"s:132:4:132:Infinity":41,"s:135:2:135:Infinity":42,"b:135:26:135:45:135:45:135:Infinity":10,"f:138:16:138:26":3,"s:146:23:146:Infinity":43,"s:147:16:147:Infinity":44,"s:149:14:149:Infinity":45,"s:150:14:150:Infinity":46,"b:152:2:164:Infinity:undefined:undefined:undefined:undefined":11,"s:152:2:164:Infinity":47,"s:153:4:153:Infinity":48,"s:154:4:154:Infinity":49,"s:155:4:155:Infinity":50,"s:157:4:163:Infinity":51,"f:161:35:161:40":4,"s:161:48:161:65":52,"b:166:2:168:Infinity:undefined:undefined:undefined:undefined":12,"s:166:2:168:Infinity":53,"s:167:4:167:Infinity":54,"s:170:2:174:Infinity":55,"f:170:19:170:28":5,"b:171:4:173:Infinity:undefined:undefined:undefined:undefined":13,"s:171:4:173:Infinity":56,"s:172:6:172:Infinity":57,"f:177:9:177:22":6,"s:178:2:181:Infinity":58,"f:184:9:184:18":7,"s:185:2:185:Infinity":59},"fnNames":{}}}
,"/home/runner/work/ast-v8-to-istanbul/ast-v8-to-istanbul/src/coverage-mapper.ts": {"path":"/home/runner/work/ast-v8-to-istanbul/ast-v8-to-istanbul/src/coverage-mapper.ts","statementMap":{"0":{"start":{"line":23,"column":12},"end":{"line":23,"column":null}},"1":{"start":{"line":24,"column":12},"end":{"line":24,"column":null}},"2":{"start":{"line":25,"column":12},"end":{"line":25,"column":null}},"3":{"start":{"line":26,"column":12},"end":{"line":26,"column":null}},"4":{"start":{"line":27,"column":12},"end":{"line":27,"column":null}},"5":{"start":{"line":28,"column":12},"end":{"line":28,"column":null}},"6":{"start":{"line":29,"column":12},"end":{"line":29,"column":null}},"7":{"start":{"line":30,"column":12},"end":{"line":30,"column":null}},"8":{"start":{"line":37,"column":21},"end":{"line":37,"column":null}},"9":{"start":{"line":38,"column":22},"end":{"line":38,"column":null}},"10":{"start":{"line":40,"column":16},"end":{"line":44,"column":null}},"11":{"start":{"line":46,"column":4},"end":{"line":55,"column":null}},"12":{"start":{"line":65,"column":4},"end":{"line":67,"column":null}},"13":{"start":{"line":66,"column":6},"end":{"line":66,"column":null}},"14":{"start":{"line":69,"column":16},"end":{"line":69,"column":null}},"15":{"start":{"line":70,"column":4},"end":{"line":70,"column":null}},"16":{"start":{"line":70,"column":22},"end":{"line":70,"column":null}},"17":{"start":{"line":72,"column":17},"end":{"line":72,"column":null}},"18":{"start":{"line":73,"column":4},"end":{"line":73,"column":null}},"19":{"start":{"line":73,"column":23},"end":{"line":73,"column":null}},"20":{"start":{"line":75,"column":20},"end":{"line":81,"column":null}},"21":{"start":{"line":83,"column":4},"end":{"line":96,"column":null}},"22":{"start":{"line":84,"column":22},"end":{"line":84,"column":null}},"23":{"start":{"line":85,"column":22},"end":{"line":85,"column":null}},"24":{"start":{"line":87,"column":6},"end":{"line":95,"column":null}},"25":{"start":{"line":94,"column":8},"end":{"line":94,"column":null}},"26":{"start":{"line":98,"column":4},"end":{"line":105,"column":null}},"27":{"start":{"line":109,"column":4},"end":{"line":111,"column":null}},"28":{"start":{"line":110,"column":6},"end":{"line":110,"column":null}},"29":{"start":{"line":113,"column":16},"end":{"line":113,"column":null}},"30":{"start":{"line":114,"column":4},"end":{"line":114,"column":null}},"31":{"start":{"line":114,"column":22},"end":{"line":114,"column":null}},"32":{"start":{"line":116,"column":20},"end":{"line":122,"column":null}},"33":{"start":{"line":124,"column":4},"end":{"line":137,"column":null}},"34":{"start":{"line":125,"column":23},"end":{"line":125,"column":null}},"35":{"start":{"line":126,"column":22},"end":{"line":126,"column":null}},"36":{"start":{"line":128,"column":6},"end":{"line":136,"column":null}},"37":{"start":{"line":135,"column":8},"end":{"line":135,"column":null}},"38":{"start":{"line":139,"column":4},"end":{"line":144,"column":null}},"39":{"start":{"line":148,"column":4},"end":{"line":150,"column":null}},"40":{"start":{"line":149,"column":6},"end":{"line":149,"column":null}},"41":{"start":{"line":152,"column":16},"end":{"line":152,"column":null}},"42":{"start":{"line":153,"column":4},"end":{"line":153,"column":null}},"43":{"start":{"line":153,"column":22},"end":{"line":153,"column":null}},"44":{"start":{"line":155,"column":22},"end":{"line":155,"column":null}},"45":{"start":{"line":156,"column":30},"end":{"line":156,"column":null}},"46":{"start":{"line":158,"column":4},"end":{"line":194,"column":null}},"47":{"start":{"line":159,"column":6},"end":{"line":176,"column":null}},"48":{"start":{"line":160,"column":8},"end":{"line":163,"column":null}},"49":{"start":{"line":165,"column":22},"end":{"line":171,"column":null}},"50":{"start":{"line":172,"column":25},"end":{"line":172,"column":null}},"51":{"start":{"line":173,"column":8},"end":{"line":173,"column":null}},"52":{"start":{"line":175,"column":8},"end":{"line":175,"column":null}},"53":{"start":{"line":178,"column":23},"end":{"line":178,"column":null}},"54":{"start":{"line":179,"column":6},"end":{"line":181,"column":null}},"55":{"start":{"line":180,"column":8},"end":{"line":180,"column":null}},"56":{"start":{"line":183,"column":19},"end":{"line":183,"column":null}},"57":{"start":{"line":185,"column":6},"end":{"line":193,"column":null}},"58":{"start":{"line":196,"column":4},"end":{"line":200,"column":null}},"59":{"start":{"line":197,"column":6},"end":{"line":199,"column":null}},"60":{"start":{"line":198,"column":8},"end":{"line":198,"column":null}},"61":{"start":{"line":202,"column":4},"end":{"line":204,"column":null}},"62":{"start":{"line":203,"column":6},"end":{"line":203,"column":null}},"63":{"start":{"line":206,"column":4},"end":{"line":218,"column":null}},"64":{"start":{"line":207,"column":22},"end":{"line":207,"column":null}},"65":{"start":{"line":209,"column":6},"end":{"line":217,"column":null}},"66":{"start":{"line":216,"column":8},"end":{"line":216,"column":null}},"67":{"start":{"line":220,"column":4},"end":{"line":227,"column":null}},"68":{"start":{"line":231,"column":4},"end":{"line":231,"column":null}},"69":{"start":{"line":232,"column":4},"end":{"line":232,"column":null}},"70":{"start":{"line":239,"column":27},"end":{"line":239,"column":null}},"71":{"start":{"line":241,"column":4},"end":{"line":243,"column":null}},"72":{"start":{"line":242,"column":6},"end":{"line":242,"column":null}},"73":{"start":{"line":245,"column":4},"end":{"line":247,"column":null}},"74":{"start":{"line":246,"column":6},"end":{"line":246,"column":null}},"75":{"start":{"line":249,"column":4},"end":{"line":249,"column":null}},"76":{"start":{"line":253,"column":4},"end":{"line":255,"column":null}},"77":{"start":{"line":254,"column":6},"end":{"line":254,"column":null}},"78":{"start":{"line":257,"column":18},"end":{"line":257,"column":null}},"79":{"start":{"line":259,"column":4},"end":{"line":261,"column":null}},"80":{"start":{"line":260,"column":6},"end":{"line":260,"column":null}},"81":{"start":{"line":263,"column":4},"end":{"line":263,"column":null}}},"fnMap":{"0":{"name":"constructor","decl":{"start":{"line":22,"column":2},"end":{"line":22,"column":10}},"loc":{"start":{"line":31,"column":4},"end":{"line":31,"column":null}},"line":31},"1":{"name":"create","decl":{"start":{"line":33,"column":15},"end":{"line":33,"column":null}},"loc":{"start":{"line":36,"column":32},"end":{"line":56,"column":null}},"line":36},"2":{"name":"onFunction","decl":{"start":{"line":58,"column":2},"end":{"line":58,"column":null}},"loc":{"start":{"line":64,"column":4},"end":{"line":106,"column":null}},"line":64},"3":{"name":"onStatement","decl":{"start":{"line":108,"column":2},"end":{"line":108,"column":14}},"loc":{"start":{"line":108,"column":41},"end":{"line":145,"column":null}},"line":108},"4":{"name":"onBranch","decl":{"start":{"line":147,"column":2},"end":{"line":147,"column":11}},"loc":{"start":{"line":147,"column":76},"end":{"line":228,"column":null}},"line":147},"5":{"name":"generate","decl":{"start":{"line":230,"column":2},"end":{"line":230,"column":30}},"loc":{"start":{"line":230,"column":30},"end":{"line":233,"column":null}},"line":230},"6":{"name":"(anonymous_6)","decl":{"start":{"line":235,"column":2},"end":{"line":235,"column":21}},"loc":{"start":{"line":238,"column":5},"end":{"line":250,"column":null}},"line":238},"7":{"name":"(anonymous_7)","decl":{"start":{"line":252,"column":2},"end":{"line":252,"column":12}},"loc":{"start":{"line":252,"column":67},"end":{"line":264,"column":null}},"line":252}},"branchMap":{"0":{"loc":{"start":{"line":41,"column":7},"end":{"line":43,"column":null}},"type":"binary-expr","locations":[{"start":{"line":41,"column":7},"end":{"line":41,"column":null}},{"start":{"line":42,"column":9},"end":{"line":42,"column":null}},{"start":{"line":43,"column":8},"end":{"line":43,"column":null}}],"line":41},"1":{"loc":{"start":{"line":50,"column":6},"end":{"line":50,"column":null}},"type":"binary-expr","locations":[{"start":{"line":50,"column":6},"end":{"line":50,"column":31}},{"start":{"line":50,"column":31},"end":{"line":50,"column":null}}],"line":50},"2":{"loc":{"start":{"line":65,"column":4},"end":{"line":67,"column":null}},"type":"if","locations":[{"start":{"line":65,"column":4},"end":{"line":67,"column":null}},{"start":{},"end":{}}],"line":65},"3":{"loc":{"start":{"line":70,"column":4},"end":{"line":70,"column":null}},"type":"if","locations":[{"start":{"line":70,"column":4},"end":{"line":70,"column":null}},{"start":{},"end":{}}],"line":70},"4":{"loc":{"start":{"line":73,"column":4},"end":{"line":73,"column":null}},"type":"if","locations":[{"start":{"line":73,"column":4},"end":{"line":73,"column":null}},{"start":{},"end":{}}],"line":73},"5":{"loc":{"start":{"line":83,"column":4},"end":{"line":96,"column":null}},"type":"if","locations":[{"start":{"line":83,"column":4},"end":{"line":96,"column":null}},{"start":{},"end":{}}],"line":83},"6":{"loc":{"start":{"line":84,"column":22},"end":{"line":84,"column":null}},"type":"binary-expr","locations":[{"start":{"line":84,"column":22},"end":{"line":84,"column":51}},{"start":{"line":84,"column":51},"end":{"line":84,"column":null}}],"line":84},"7":{"loc":{"start":{"line":87,"column":6},"end":{"line":95,"column":null}},"type":"if","locations":[{"start":{"line":87,"column":6},"end":{"line":95,"column":null}},{"start":{},"end":{}}],"line":87},"8":{"loc":{"start":{"line":88,"column":8},"end":{"line":92,"column":null}},"type":"binary-expr","locations":[{"start":{"line":88,"column":8},"end":{"line":88,"column":null}},{"start":{"line":89,"column":8},"end":{"line":92,"column":null}}],"line":88},"9":{"loc":{"start":{"line":109,"column":4},"end":{"line":111,"column":null}},"type":"if","locations":[{"start":{"line":109,"column":4},"end":{"line":111,"column":null}},{"start":{},"end":{}}],"line":109},"10":{"loc":{"start":{"line":109,"column":23},"end":{"line":109,"column":39}},"type":"binary-expr","locations":[{"start":{"line":109,"column":23},"end":{"line":109,"column":33}},{"start":{"line":109,"column":33},"end":{"line":109,"column":39}}],"line":109},"11":{"loc":{"start":{"line":114,"column":4},"end":{"line":114,"column":null}},"type":"if","locations":[{"start":{"line":114,"column":4},"end":{"line":114,"column":null}},{"start":{},"end":{}}],"line":114},"12":{"loc":{"start":{"line":118,"column":22},"end":{"line":118,"column":36}},"type":"binary-expr","locations":[{"start":{"line":118,"column":22},"end":{"line":118,"column":32}},{"start":{"line":118,"column":32},"end":{"line":118,"column":36}}],"line":118},"13":{"loc":{"start":{"line":119,"column":20},"end":{"line":119,"column":34}},"type":"binary-expr","locations":[{"start":{"line":119,"column":20},"end":{"line":119,"column":30}},{"start":{"line":119,"column":30},"end":{"line":119,"column":34}}],"line":119},"14":{"loc":{"start":{"line":124,"column":4},"end":{"line":137,"column":null}},"type":"if","locations":[{"start":{"line":124,"column":4},"end":{"line":137,"column":null}},{"start":{},"end":{}}],"line":124},"15":{"loc":{"start":{"line":125,"column":23},"end":{"line":125,"column":null}},"type":"binary-expr","locations":[{"start":{"line":125,"column":23},"end":{"line":125,"column":33}},{"start":{"line":125,"column":33},"end":{"line":125,"column":65}},{"start":{"line":125,"column":65},"end":{"line":125,"column":null}}],"line":125},"16":{"loc":{"start":{"line":128,"column":6},"end":{"line":136,"column":null}},"type":"if","locations":[{"start":{"line":128,"column":6},"end":{"line":136,"column":null}},{"start":{},"end":{}}],"line":128},"17":{"loc":{"start":{"line":129,"column":8},"end":{"line":133,"column":null}},"type":"binary-expr","locations":[{"start":{"line":129,"column":8},"end":{"line":129,"column":null}},{"start":{"line":130,"column":8},"end":{"line":133,"column":null}}],"line":129},"18":{"loc":{"start":{"line":148,"column":4},"end":{"line":150,"column":null}},"type":"if","locations":[{"start":{"line":148,"column":4},"end":{"line":150,"column":null}},{"start":{},"end":{}}],"line":148},"19":{"loc":{"start":{"line":153,"column":4},"end":{"line":153,"column":null}},"type":"if","locations":[{"start":{"line":153,"column":4},"end":{"line":153,"column":null}},{"start":{},"end":{}}],"line":153},"20":{"loc":{"start":{"line":159,"column":6},"end":{"line":176,"column":null}},"type":"if","locations":[{"start":{"line":159,"column":6},"end":{"line":176,"column":null}},{"start":{},"end":{}}],"line":159},"21":{"loc":{"start":{"line":172,"column":25},"end":{"line":172,"column":null}},"type":"binary-expr","locations":[{"start":{"line":172,"column":25},"end":{"line":172,"column":43}},{"start":{"line":172,"column":43},"end":{"line":172,"column":null}}],"line":172},"22":{"loc":{"start":{"line":179,"column":6},"end":{"line":181,"column":null}},"type":"if","locations":[{"start":{"line":179,"column":6},"end":{"line":181,"column":null}},{"start":{},"end":{}}],"line":179},"23":{"loc":{"start":{"line":183,"column":19},"end":{"line":183,"column":null}},"type":"cond-expr","locations":[{"start":{"line":183,"column":54},"end":{"line":183,"column":58}},{"start":{"line":183,"column":58},"end":{"line":183,"column":null}}],"line":183},"24":{"loc":{"start":{"line":196,"column":4},"end":{"line":200,"column":null}},"type":"if","locations":[{"start":{"line":196,"column":4},"end":{"line":200,"column":null}},{"start":{},"end":{}}],"line":196},"25":{"loc":{"start":{"line":197,"column":6},"end":{"line":199,"column":null}},"type":"if","locations":[{"start":{"line":197,"column":6},"end":{"line":199,"column":null}},{"start":{},"end":{}}],"line":197},"26":{"loc":{"start":{"line":202,"column":4},"end":{"line":204,"column":null}},"type":"if","locations":[{"start":{"line":202,"column":4},"end":{"line":204,"column":null}},{"start":{},"end":{}}],"line":202},"27":{"loc":{"start":{"line":206,"column":4},"end":{"line":218,"column":null}},"type":"if","locations":[{"start":{"line":206,"column":4},"end":{"line":218,"column":null}},{"start":{},"end":{}}],"line":206},"28":{"loc":{"start":{"line":209,"column":6},"end":{"line":217,"column":null}},"type":"if","locations":[{"start":{"line":209,"column":6},"end":{"line":217,"column":null}},{"start":{},"end":{}}],"line":209},"29":{"loc":{"start":{"line":210,"column":8},"end":{"line":214,"column":null}},"type":"binary-expr","locations":[{"start":{"line":210,"column":8},"end":{"line":210,"column":null}},{"start":{"line":211,"column":8},"end":{"line":214,"column":null}}],"line":210},"30":{"loc":{"start":{"line":239,"column":27},"end":{"line":239,"column":null}},"type":"binary-expr","locations":[{"start":{"line":239,"column":27},"end":{"line":239,"column":54}},{"start":{"line":239,"column":54},"end":{"line":239,"column":null}}],"line":239},"31":{"loc":{"start":{"line":241,"column":4},"end":{"line":243,"column":null}},"type":"if","locations":[{"start":{"line":241,"column":4},"end":{"line":243,"column":null}},{"start":{},"end":{}}],"line":241},"32":{"loc":{"start":{"line":245,"column":4},"end":{"line":247,"column":null}},"type":"if","locations":[{"start":{"line":245,"column":4},"end":{"line":247,"column":null}},{"start":{},"end":{}}],"line":245},"33":{"loc":{"start":{"line":253,"column":4},"end":{"line":255,"column":null}},"type":"if","locations":[{"start":{"line":253,"column":4},"end":{"line":255,"column":null}},{"start":{},"end":{}}],"line":253},"34":{"loc":{"start":{"line":259,"column":4},"end":{"line":261,"column":null}},"type":"if","locations":[{"start":{"line":259,"column":4},"end":{"line":261,"column":null}},{"start":{},"end":{}}],"line":259}},"s":{"0":916,"1":916,"2":916,"3":916,"4":916,"5":916,"6":916,"7":916,"8":916,"9":916,"10":916,"11":916,"12":5882,"13":0,"14":5882,"15":5882,"16":68,"17":5814,"18":5814,"19":0,"20":5814,"21":5814,"22":16,"23":16,"24":16,"25":4,"26":5810,"27":41351,"28":8,"29":41343,"30":41343,"31":190,"32":41153,"33":41351,"34":32,"35":32,"36":32,"37":4,"38":41149,"39":20270,"40":4,"41":20266,"42":20266,"43":8,"44":20258,"45":20258,"46":20258,"47":43789,"48":11378,"49":11378,"50":11378,"51":11378,"52":11378,"53":32411,"54":32411,"55":32407,"56":32411,"57":43789,"58":20258,"59":12913,"60":12876,"61":20258,"62":41,"63":20217,"64":0,"65":0,"66":0,"67":20217,"68":916,"69":916,"70":67224,"71":67224,"72":0,"73":67224,"74":8,"75":67216,"76":67503,"77":67427,"78":76,"79":76,"80":8,"81":76},"f":{"0":916,"1":916,"2":5882,"3":41351,"4":20270,"5":916,"6":67224,"7":67503},"b":{"0":[916,796,788],"1":[916,916],"2":[0,5882],"3":[68,5814],"4":[0,5814],"5":[16,5798],"6":[16,0],"7":[4,12],"8":[16,16],"9":[8,41343],"10":[41351,32800],"11":[190,41153],"12":[41153,32670],"13":[41351,32670],"14":[32,41319],"15":[32,8,24],"16":[4,28],"17":[32,32],"18":[4,20266],"19":[8,20258],"20":[11378,32411],"21":[11378,9915],"22":[32407,4],"23":[14327,18084],"24":[12913,7345],"25":[12876,37],"26":[41,20217],"27":[0,20217],"28":[0,0],"29":[0,0],"30":[67224,0],"31":[0,67224],"32":[8,67216],"33":[67427,76],"34":[8,68]},"meta":{"lastBranch":35,"lastFunction":8,"lastStatement":82,"seen":{"f:22:2:22:10":0,"s:23:12:23:Infinity":0,"s:24:12:24:Infinity":1,"s:25:12:25:Infinity":2,"s:26:12:26:Infinity":3,"s:27:12:27:Infinity":4,"s:28:12:28:Infinity":5,"s:29:12:29:Infinity":6,"s:30:12:30:Infinity":7,"f:33:15:33:Infinity":1,"s:37:21:37:Infinity":8,"s:38:22:38:Infinity":9,"s:40:16:44:Infinity":10,"b:41:7:41:Infinity:42:9:42:Infinity:43:8:43:Infinity":0,"s:46:4:55:Infinity":11,"b:50:6:50:31:50:31:50:Infinity":1,"f:58:2:58:Infinity":2,"b:65:4:67:Infinity:undefined:undefined:undefined:undefined":2,"s:65:4:67:Infinity":12,"s:66:6:66:Infinity":13,"s:69:16:69:Infinity":14,"b:70:4:70:Infinity:undefined:undefined:undefined:undefined":3,"s:70:4:70:Infinity":15,"s:70:22:70:Infinity":16,"s:72:17:72:Infinity":17,"b:73:4:73:Infinity:undefined:undefined:undefined:undefined":4,"s:73:4:73:Infinity":18,"s:73:23:73:Infinity":19,"s:75:20:81:Infinity":20,"b:83:4:96:Infinity:undefined:undefined:undefined:undefined":5,"s:83:4:96:Infinity":21,"s:84:22:84:Infinity":22,"b:84:22:84:51:84:51:84:Infinity":6,"s:85:22:85:Infinity":23,"b:87:6:95:Infinity:undefined:undefined:undefined:undefined":7,"s:87:6:95:Infinity":24,"b:88:8:88:Infinity:89:8:92:Infinity":8,"s:94:8:94:Infinity":25,"s:98:4:105:Infinity":26,"f:108:2:108:14":3,"b:109:4:111:Infinity:undefined:undefined:undefined:undefined":9,"s:109:4:111:Infinity":27,"b:109:23:109:33:109:33:109:39":10,"s:110:6:110:Infinity":28,"s:113:16:113:Infinity":29,"b:114:4:114:Infinity:undefined:undefined:undefined:undefined":11,"s:114:4:114:Infinity":30,"s:114:22:114:Infinity":31,"s:116:20:122:Infinity":32,"b:118:22:118:32:118:32:118:36":12,"b:119:20:119:30:119:30:119:34":13,"b:124:4:137:Infinity:undefined:undefined:undefined:undefined":14,"s:124:4:137:Infinity":33,"s:125:23:125:Infinity":34,"b:125:23:125:33:125:33:125:65:125:65:125:Infinity":15,"s:126:22:126:Infinity":35,"b:128:6:136:Infinity:undefined:undefined:undefined:undefined":16,"s:128:6:136:Infinity":36,"b:129:8:129:Infinity:130:8:133:Infinity":17,"s:135:8:135:Infinity":37,"s:139:4:144:Infinity":38,"f:147:2:147:11":4,"b:148:4:150:Infinity:undefined:undefined:undefined:undefined":18,"s:148:4:150:Infinity":39,"s:149:6:149:Infinity":40,"s:152:16:152:Infinity":41,"b:153:4:153:Infinity:undefined:undefined:undefined:undefined":19,"s:153:4:153:Infinity":42,"s:153:22:153:Infinity":43,"s:155:22:155:Infinity":44,"s:156:30:156:Infinity":45,"s:158:4:194:Infinity":46,"b:159:6:176:Infinity:undefined:undefined:undefined:undefined":20,"s:159:6:176:Infinity":47,"s:160:8:163:Infinity":48,"s:165:22:171:Infinity":49,"s:172:25:172:Infinity":50,"b:172:25:172:43:172:43:172:Infinity":21,"s:173:8:173:Infinity":51,"s:175:8:175:Infinity":52,"s:178:23:178:Infinity":53,"b:179:6:181:Infinity:undefined:undefined:undefined:undefined":22,"s:179:6:181:Infinity":54,"s:180:8:180:Infinity":55,"s:183:19:183:Infinity":56,"b:183:54:183:58:183:58:183:Infinity":23,"s:185:6:193:Infinity":57,"b:196:4:200:Infinity:undefined:undefined:undefined:undefined":24,"s:196:4:200:Infinity":58,"b:197:6:199:Infinity:undefined:undefined:undefined:undefined":25,"s:197:6:199:Infinity":59,"s:198:8:198:Infinity":60,"b:202:4:204:Infinity:undefined:undefined:undefined:undefined":26,"s:202:4:204:Infinity":61,"s:203:6:203:Infinity":62,"b:206:4:218:Infinity:undefined:undefined:undefined:undefined":27,"s:206:4:218:Infinity":63,"s:207:22:207:Infinity":64,"b:209:6:217:Infinity:undefined:undefined:undefined:undefined":28,"s:209:6:217:Infinity":65,"b:210:8:210:Infinity:211:8:214:Infinity":29,"s:216:8:216:Infinity":66,"s:220:4:227:Infinity":67,"f:230:2:230:30":5,"s:231:4:231:Infinity":68,"s:232:4:232:Infinity":69,"f:235:2:235:21":6,"s:239:27:239:Infinity":70,"b:239:27:239:54:239:54:239:Infinity":30,"b:241:4:243:Infinity:undefined:undefined:undefined:undefined":31,"s:241:4:243:Infinity":71,"s:242:6:242:Infinity":72,"b:245:4:247:Infinity:undefined:undefined:undefined:undefined":32,"s:245:4:247:Infinity":73,"s:246:6:246:Infinity":74,"s:249:4:249:Infinity":75,"f:252:2:252:12":7,"b:253:4:255:Infinity:undefined:undefined:undefined:undefined":33,"s:253:4:255:Infinity":76,"s:254:6:254:Infinity":77,"s:257:18:257:Infinity":78,"b:259:4:261:Infinity:undefined:undefined:undefined:undefined":34,"s:259:4:261:Infinity":79,"s:260:6:260:Infinity":80,"s:263:4:263:Infinity":81},"fnNames":{}}}
,"/home/runner/work/ast-v8-to-istanbul/ast-v8-to-istanbul/src/ignore-hints.ts": {"path":"/home/runner/work/ast-v8-to-istanbul/ast-v8-to-istanbul/src/ignore-hints.ts","statementMap":{"0":{"start":{"line":9,"column":2},"end":{"line":9,"column":null}},"1":{"start":{"line":11,"column":29},"end":{"line":11,"column":null}},"2":{"start":{"line":13,"column":20},"end":{"line":13,"column":null}},"3":{"start":{"line":20,"column":36},"end":{"line":20,"column":null}},"4":{"start":{"line":21,"column":17},"end":{"line":21,"column":null}},"5":{"start":{"line":23,"column":16},"end":{"line":23,"column":null}},"6":{"start":{"line":24,"column":35},"end":{"line":24,"column":null}},"7":{"start":{"line":26,"column":2},"end":{"line":68,"column":null}},"8":{"start":{"line":27,"column":4},"end":{"line":40,"column":null}},"9":{"start":{"line":35,"column":23},"end":{"line":35,"column":null}},"10":{"start":{"line":36,"column":6},"end":{"line":38,"column":null}},"11":{"start":{"line":37,"column":8},"end":{"line":37,"column":null}},"12":{"start":{"line":39,"column":6},"end":{"line":39,"column":null}},"13":{"start":{"line":42,"column":4},"end":{"line":65,"column":null}},"14":{"start":{"line":43,"column":18},"end":{"line":43,"column":null}},"15":{"start":{"line":44,"column":22},"end":{"line":52,"column":null}},"16":{"start":{"line":54,"column":21},"end":{"line":54,"column":null}},"17":{"start":{"line":55,"column":19},"end":{"line":55,"column":null}},"18":{"start":{"line":57,"column":6},"end":{"line":59,"column":null}},"19":{"start":{"line":58,"column":8},"end":{"line":58,"column":null}},"20":{"start":{"line":61,"column":6},"end":{"line":64,"column":null}},"21":{"start":{"line":62,"column":8},"end":{"line":62,"column":null}},"22":{"start":{"line":63,"column":8},"end":{"line":63,"column":null}},"23":{"start":{"line":67,"column":4},"end":{"line":67,"column":null}},"24":{"start":{"line":70,"column":2},"end":{"line":70,"column":null}}},"fnMap":{"0":{"name":"getIgnoreHints","decl":{"start":{"line":19,"column":16},"end":{"line":19,"column":31}},"loc":{"start":{"line":19,"column":59},"end":{"line":71,"column":null}},"line":19}},"branchMap":{"0":{"loc":{"start":{"line":27,"column":4},"end":{"line":40,"column":null}},"type":"if","locations":[{"start":{"line":27,"column":4},"end":{"line":40,"column":null}},{"start":{},"end":{}}],"line":27},"1":{"loc":{"start":{"line":28,"column":6},"end":{"line":30,"column":null}},"type":"binary-expr","locations":[{"start":{"line":28,"column":6},"end":{"line":28,"column":null}},{"start":{"line":29,"column":6},"end":{"line":29,"column":null}},{"start":{"line":30,"column":6},"end":{"line":30,"column":null}}],"line":28},"2":{"loc":{"start":{"line":36,"column":6},"end":{"line":38,"column":null}},"type":"if","locations":[{"start":{"line":36,"column":6},"end":{"line":38,"column":null}},{"start":{},"end":{}}],"line":36},"3":{"loc":{"start":{"line":42,"column":4},"end":{"line":65,"column":null}},"type":"if","locations":[{"start":{"line":42,"column":4},"end":{"line":65,"column":null}},{"start":{},"end":{}}],"line":42},"4":{"loc":{"start":{"line":42,"column":8},"end":{"line":42,"column":81}},"type":"binary-expr","locations":[{"start":{"line":42,"column":8},"end":{"line":42,"column":46}},{"start":{"line":42,"column":46},"end":{"line":42,"column":81}}],"line":42},"5":{"loc":{"start":{"line":57,"column":6},"end":{"line":59,"column":null}},"type":"if","locations":[{"start":{"line":57,"column":6},"end":{"line":59,"column":null}},{"start":{},"end":{}}],"line":57},"6":{"loc":{"start":{"line":61,"column":6},"end":{"line":64,"column":null}},"type":"if","locations":[{"start":{"line":61,"column":6},"end":{"line":64,"column":null}},{"start":{},"end":{}}],"line":61},"7":{"loc":{"start":{"line":61,"column":10},"end":{"line":61,"column":63}},"type":"binary-expr","locations":[{"start":{"line":61,"column":10},"end":{"line":61,"column":27}},{"start":{"line":61,"column":27},"end":{"line":61,"column":46}},{"start":{"line":61,"column":46},"end":{"line":61,"column":63}}],"line":61}},"s":{"0":58,"1":58,"2":58,"3":1004,"4":1004,"5":1004,"6":1004,"7":1004,"8":796679,"9":275,"10":275,"11":275,"12":275,"13":796679,"14":7599,"15":7599,"16":7599,"17":7599,"18":7599,"19":24,"20":7575,"21":291,"22":291,"23":796655,"24":980},"f":{"0":1004},"b":{"0":[275,796404],"1":[796679,613,489],"2":[275,0],"3":[7599,789080],"4":[796679,791295],"5":[24,7575],"6":[291,7284],"7":[7575,7522,7458]},"meta":{"lastBranch":8,"lastFunction":1,"lastStatement":25,"seen":{"s:9:2:9:Infinity":0,"s:11:29:11:Infinity":1,"s:13:20:13:Infinity":2,"f:19:16:19:31":0,"s:20:36:20:Infinity":3,"s:21:17:21:Infinity":4,"s:23:16:23:Infinity":5,"s:24:35:24:Infinity":6,"s:26:2:68:Infinity":7,"b:27:4:40:Infinity:undefined:undefined:undefined:undefined":0,"s:27:4:40:Infinity":8,"b:28:6:28:Infinity:29:6:29:Infinity:30:6:30:Infinity":1,"s:35:23:35:Infinity":9,"b:36:6:38:Infinity:undefined:undefined:undefined:undefined":2,"s:36:6:38:Infinity":10,"s:37:8:37:Infinity":11,"s:39:6:39:Infinity":12,"b:42:4:65:Infinity:undefined:undefined:undefined:undefined":3,"s:42:4:65:Infinity":13,"b:42:8:42:46:42:46:42:81":4,"s:43:18:43:Infinity":14,"s:44:22:52:Infinity":15,"s:54:21:54:Infinity":16,"s:55:19:55:Infinity":17,"b:57:6:59:Infinity:undefined:undefined:undefined:undefined":5,"s:57:6:59:Infinity":18,"s:58:8:58:Infinity":19,"b:61:6:64:Infinity:undefined:undefined:undefined:undefined":6,"s:61:6:64:Infinity":20,"b:61:10:61:27:61:27:61:46:61:46:61:63":7,"s:62:8:62:Infinity":21,"s:63:8:63:Infinity":22,"s:67:4:67:Infinity":23,"s:70:2:70:Infinity":24},"fnNames":{}}}
,"/home/runner/work/ast-v8-to-istanbul/ast-v8-to-istanbul/src/index.ts": {"path":"/home/runner/work/ast-v8-to-istanbul/ast-v8-to-istanbul/src/index.ts","statementMap":{"0":{"start":{"line":18,"column":22},"end":{"line":18,"column":null}},"1":{"start":{"line":21,"column":2},"end":{"line":23,"column":null}},"2":{"start":{"line":22,"column":4},"end":{"line":22,"column":null}},"3":{"start":{"line":25,"column":17},"end":{"line":25,"column":27}},"4":{"start":{"line":26,"column":17},"end":{"line":26,"column":null}},"5":{"start":{"line":27,"column":14},"end":{"line":27,"column":null}},"6":{"start":{"line":29,"column":2},"end":{"line":199,"column":null}},"7":{"start":{"line":32,"column":6},"end":{"line":35,"column":null}},"8":{"start":{"line":38,"column":6},"end":{"line":40,"column":null}},"9":{"start":{"line":39,"column":8},"end":{"line":39,"column":null}},"10":{"start":{"line":42,"column":6},"end":{"line":45,"column":null}},"11":{"start":{"line":48,"column":6},"end":{"line":51,"column":null}},"12":{"start":{"line":54,"column":6},"end":{"line":56,"column":null}},"13":{"start":{"line":55,"column":8},"end":{"line":55,"column":null}},"14":{"start":{"line":59,"column":6},"end":{"line":61,"column":null}},"15":{"start":{"line":60,"column":8},"end":{"line":60,"column":null}},"16":{"start":{"line":63,"column":6},"end":{"line":66,"column":null}},"17":{"start":{"line":69,"column":6},"end":{"line":76,"column":null}},"18":{"start":{"line":70,"column":8},"end":{"line":70,"column":null}},"19":{"start":{"line":72,"column":8},"end":{"line":75,"column":null}},"20":{"start":{"line":79,"column":25},"end":{"line":99,"column":null}},"21":{"start":{"line":101,"column":6},"end":{"line":107,"column":null}},"22":{"start":{"line":111,"column":25},"end":{"line":131,"column":null}},"23":{"start":{"line":133,"column":6},"end":{"line":139,"column":null}},"24":{"start":{"line":143,"column":32},"end":{"line":143,"column":null}},"25":{"start":{"line":144,"column":35},"end":{"line":144,"column":null}},"26":{"start":{"line":145,"column":35},"end":{"line":145,"column":null}},"27":{"start":{"line":146,"column":33},"end":{"line":146,"column":null}},"28":{"start":{"line":147,"column":32},"end":{"line":147,"column":null}},"29":{"start":{"line":148,"column":30},"end":{"line":148,"column":null}},"30":{"start":{"line":149,"column":30},"end":{"line":149,"column":null}},"31":{"start":{"line":150,"column":32},"end":{"line":150,"column":null}},"32":{"start":{"line":151,"column":32},"end":{"line":151,"column":null}},"33":{"start":{"line":152,"column":32},"end":{"line":152,"column":null}},"34":{"start":{"line":153,"column":34},"end":{"line":153,"column":null}},"35":{"start":{"line":154,"column":31},"end":{"line":154,"column":null}},"36":{"start":{"line":155,"column":34},"end":{"line":155,"column":null}},"37":{"start":{"line":157,"column":6},"end":{"line":159,"column":null}},"38":{"start":{"line":158,"column":8},"end":{"line":158,"column":null}},"39":{"start":{"line":161,"column":6},"end":{"line":161,"column":null}},"40":{"start":{"line":164,"column":6},"end":{"line":166,"column":null}},"41":{"start":{"line":165,"column":8},"end":{"line":165,"column":null}},"42":{"start":{"line":169,"column":6},"end":{"line":178,"column":null}},"43":{"start":{"line":170,"column":8},"end":{"line":177,"column":null}},"44":{"start":{"line":176,"column":10},"end":{"line":176,"column":null}},"45":{"start":{"line":183,"column":6},"end":{"line":183,"column":null}},"46":{"start":{"line":184,"column":6},"end":{"line":184,"column":null}},"47":{"start":{"line":187,"column":6},"end":{"line":187,"column":null}},"48":{"start":{"line":190,"column":6},"end":{"line":190,"column":null}},"49":{"start":{"line":193,"column":6},"end":{"line":193,"column":null}},"50":{"start":{"line":194,"column":6},"end":{"line":194,"column":null}},"51":{"start":{"line":197,"column":6},"end":{"line":197,"column":null}},"52":{"start":{"line":201,"column":2},"end":{"line":201,"column":null}},"53":{"start":{"line":204,"column":21},"end":{"line":204,"column":null}},"54":{"start":{"line":207,"column":2},"end":{"line":207,"column":null}},"55":{"start":{"line":211,"column":2},"end":{"line":211,"column":null}}},"fnMap":{"0":{"name":"convert","decl":{"start":{"line":15,"column":30},"end":{"line":15,"column":null}},"loc":{"start":{"line":17,"column":28},"end":{"line":202,"column":null}},"line":17},"1":{"name":"onFunctionDeclaration","decl":{"start":{"line":31,"column":4},"end":{"line":31,"column":26}},"loc":{"start":{"line":31,"column":32},"end":{"line":36,"column":null}},"line":31},"2":{"name":"onFunctionExpression","decl":{"start":{"line":37,"column":4},"end":{"line":37,"column":25}},"loc":{"start":{"line":37,"column":31},"end":{"line":46,"column":null}},"line":37},"3":{"name":"onArrowFunctionExpression","decl":{"start":{"line":47,"column":4},"end":{"line":47,"column":30}},"loc":{"start":{"line":47,"column":36},"end":{"line":57,"column":null}},"line":47},"4":{"name":"onMethodDefinition","decl":{"start":{"line":58,"column":4},"end":{"line":58,"column":23}},"loc":{"start":{"line":58,"column":29},"end":{"line":67,"column":null}},"line":58},"5":{"name":"onProperty","decl":{"start":{"line":68,"column":4},"end":{"line":68,"column":15}},"loc":{"start":{"line":68,"column":21},"end":{"line":77,"column":null}},"line":68},"6":{"name":"onClassMethod","decl":{"start":{"line":78,"column":4},"end":{"line":78,"column":18}},"loc":{"start":{"line":78,"column":29},"end":{"line":108,"column":null}},"line":78},"7":{"name":"onObjectMethod","decl":{"start":{"line":110,"column":4},"end":{"line":110,"column":19}},"loc":{"start":{"line":110,"column":30},"end":{"line":140,"column":null}},"line":110},"8":{"name":"(anonymous_8)","decl":{"start":{"line":143,"column":4},"end":{"line":143,"column":23}},"loc":{"start":{"line":143,"column":32},"end":{"line":143,"column":null}},"line":143},"9":{"name":"(anonymous_9)","decl":{"start":{"line":144,"column":4},"end":{"line":144,"column":26}},"loc":{"start":{"line":144,"column":35},"end":{"line":144,"column":null}},"line":144},"10":{"name":"(anonymous_10)","decl":{"start":{"line":145,"column":4},"end":{"line":145,"column":26}},"loc":{"start":{"line":145,"column":35},"end":{"line":145,"column":null}},"line":145},"11":{"name":"(anonymous_11)","decl":{"start":{"line":146,"column":4},"end":{"line":146,"column":24}},"loc":{"start":{"line":146,"column":33},"end":{"line":146,"column":null}},"line":146},"12":{"name":"(anonymous_12)","decl":{"start":{"line":147,"column":4},"end":{"line":147,"column":23}},"loc":{"start":{"line":147,"column":32},"end":{"line":147,"column":null}},"line":147},"13":{"name":"(anonymous_13)","decl":{"start":{"line":148,"column":4},"end":{"line":148,"column":21}},"loc":{"start":{"line":148,"column":30},"end":{"line":148,"column":null}},"line":148},"14":{"name":"(anonymous_14)","decl":{"start":{"line":149,"column":4},"end":{"line":149,"column":21}},"loc":{"start":{"line":149,"column":30},"end":{"line":149,"column":null}},"line":149},"15":{"name":"(anonymous_15)","decl":{"start":{"line":150,"column":4},"end":{"line":150,"column":23}},"loc":{"start":{"line":150,"column":32},"end":{"line":150,"column":null}},"line":150},"16":{"name":"(anonymous_16)","decl":{"start":{"line":151,"column":4},"end":{"line":151,"column":23}},"loc":{"start":{"line":151,"column":32},"end":{"line":151,"column":null}},"line":151},"17":{"name":"(anonymous_17)","decl":{"start":{"line":152,"column":4},"end":{"line":152,"column":23}},"loc":{"start":{"line":152,"column":32},"end":{"line":152,"column":null}},"line":152},"18":{"name":"(anonymous_18)","decl":{"start":{"line":153,"column":4},"end":{"line":153,"column":25}},"loc":{"start":{"line":153,"column":34},"end":{"line":153,"column":null}},"line":153},"19":{"name":"(anonymous_19)","decl":{"start":{"line":154,"column":4},"end":{"line":154,"column":22}},"loc":{"start":{"line":154,"column":31},"end":{"line":154,"column":null}},"line":154},"20":{"name":"(anonymous_20)","decl":{"start":{"line":155,"column":4},"end":{"line":155,"column":25}},"loc":{"start":{"line":155,"column":34},"end":{"line":155,"column":null}},"line":155},"21":{"name":"onExpressionStatement","decl":{"start":{"line":156,"column":4},"end":{"line":156,"column":26}},"loc":{"start":{"line":156,"column":32},"end":{"line":162,"column":null}},"line":156},"22":{"name":"onVariableDeclarator","decl":{"start":{"line":163,"column":4},"end":{"line":163,"column":25}},"loc":{"start":{"line":163,"column":31},"end":{"line":167,"column":null}},"line":163},"23":{"name":"onClassBody","decl":{"start":{"line":168,"column":4},"end":{"line":168,"column":16}},"loc":{"start":{"line":168,"column":22},"end":{"line":179,"column":null}},"line":168},"24":{"name":"onIfStatement","decl":{"start":{"line":182,"column":4},"end":{"line":182,"column":18}},"loc":{"start":{"line":182,"column":34},"end":{"line":185,"column":null}},"line":182},"25":{"name":"onConditionalExpression","decl":{"start":{"line":186,"column":4},"end":{"line":186,"column":28}},"loc":{"start":{"line":186,"column":44},"end":{"line":188,"column":null}},"line":186},"26":{"name":"onLogicalExpression","decl":{"start":{"line":189,"column":4},"end":{"line":189,"column":24}},"loc":{"start":{"line":189,"column":40},"end":{"line":191,"column":null}},"line":189},"27":{"name":"onSwitchStatement","decl":{"start":{"line":192,"column":4},"end":{"line":192,"column":22}},"loc":{"start":{"line":192,"column":35},"end":{"line":195,"column":null}},"line":192},"28":{"name":"onAssignmentPattern","decl":{"start":{"line":196,"column":4},"end":{"line":196,"column":24}},"loc":{"start":{"line":196,"column":30},"end":{"line":198,"column":null}},"line":196},"29":{"name":"setCovered","decl":{"start":{"line":206,"column":9},"end":{"line":206,"column":20}},"loc":{"start":{"line":206,"column":32},"end":{"line":208,"column":null}},"line":206},"30":{"name":"isCovered","decl":{"start":{"line":210,"column":9},"end":{"line":210,"column":19}},"loc":{"start":{"line":210,"column":31},"end":{"line":212,"column":null}},"line":210}},"branchMap":{"0":{"loc":{"start":{"line":21,"column":2},"end":{"line":23,"column":null}},"type":"if","locations":[{"start":{"line":21,"column":2},"end":{"line":23,"column":null}},{"start":{},"end":{}}],"line":21},"1":{"loc":{"start":{"line":21,"column":6},"end":{"line":21,"column":66}},"type":"binary-expr","locations":[{"start":{"line":21,"column":6},"end":{"line":21,"column":34}},{"start":{"line":21,"column":34},"end":{"line":21,"column":66}}],"line":21},"2":{"loc":{"start":{"line":34,"column":14},"end":{"line":34,"column":null}},"type":"binary-expr","locations":[{"start":{"line":34,"column":14},"end":{"line":34,"column":25}},{"start":{"line":34,"column":25},"end":{"line":34,"column":null}}],"line":34},"3":{"loc":{"start":{"line":38,"column":6},"end":{"line":40,"column":null}},"type":"if","locations":[{"start":{"line":38,"column":6},"end":{"line":40,"column":null}},{"start":{},"end":{}}],"line":38},"4":{"loc":{"start":{"line":44,"column":14},"end":{"line":44,"column":null}},"type":"binary-expr","locations":[{"start":{"line":44,"column":14},"end":{"line":44,"column":25}},{"start":{"line":44,"column":25},"end":{"line":44,"column":null}}],"line":44},"5":{"loc":{"start":{"line":54,"column":6},"end":{"line":56,"column":null}},"type":"if","locations":[{"start":{"line":54,"column":6},"end":{"line":56,"column":null}},{"start":{},"end":{}}],"line":54},"6":{"loc":{"start":{"line":59,"column":6},"end":{"line":61,"column":null}},"type":"if","locations":[{"start":{"line":59,"column":6},"end":{"line":61,"column":null}},{"start":{},"end":{}}],"line":59},"7":{"loc":{"start":{"line":69,"column":6},"end":{"line":76,"column":null}},"type":"if","locations":[{"start":{"line":69,"column":6},"end":{"line":76,"column":null}},{"start":{},"end":{}}],"line":69},"8":{"loc":{"start":{"line":91,"column":10},"end":{"line":98,"column":null}},"type":"cond-expr","locations":[{"start":{"line":92,"column":14},"end":{"line":97,"column":null}},{"start":{"line":98,"column":14},"end":{"line":98,"column":null}}],"line":91},"9":{"loc":{"start":{"line":123,"column":10},"end":{"line":130,"column":null}},"type":"cond-expr","locations":[{"start":{"line":124,"column":14},"end":{"line":129,"column":null}},{"start":{"line":130,"column":14},"end":{"line":130,"column":null}}],"line":123},"10":{"loc":{"start":{"line":157,"column":6},"end":{"line":159,"column":null}},"type":"if","locations":[{"start":{"line":157,"column":6},"end":{"line":159,"column":null}},{"start":{},"end":{}}],"line":157},"11":{"loc":{"start":{"line":157,"column":10},"end":{"line":157,"column":88}},"type":"binary-expr","locations":[{"start":{"line":157,"column":10},"end":{"line":157,"column":48}},{"start":{"line":157,"column":48},"end":{"line":157,"column":88}}],"line":157},"12":{"loc":{"start":{"line":164,"column":6},"end":{"line":166,"column":null}},"type":"if","locations":[{"start":{"line":164,"column":6},"end":{"line":166,"column":null}},{"start":{},"end":{}}],"line":164},"13":{"loc":{"start":{"line":170,"column":8},"end":{"line":177,"column":null}},"type":"if","locations":[{"start":{"line":170,"column":8},"end":{"line":177,"column":null}},{"start":{},"end":{}
[...]
,"b:99:4:111:Infinity:101:11:111:Infinity":6,"s:99:4:111:Infinity":37,"s:100:6:100:Infinity":38,"s:102:6:110:Infinity":39,"b:103:8:103:Infinity:undefined:undefined:undefined:undefined":7,"s:103:8:103:Infinity":40,"s:103:35:103:Infinity":41,"s:105:25:105:Infinity":42,"b:106:8:109:Infinity:undefined:undefined:undefined:undefined":8,"s:106:8:109:Infinity":43,"s:107:10:107:Infinity":44,"s:108:10:108:Infinity":45,"s:113:21:113:Infinity":46,"s:114:23:114:Infinity":47,"b:116:4:121:Infinity:undefined:undefined:undefined:undefined":9,"s:116:4:121:Infinity":48,"s:117:22:117:Infinity":49,"s:118:6:118:Infinity":50,"b:118:37:118:48:118:48:118:73":10,"s:120:6:120:Infinity":51,"b:124:4:126:Infinity:undefined:undefined:undefined:undefined":11,"s:124:4:126:Infinity":52,"s:125:6:125:Infinity":53,"s:128:4:128:Infinity":54,"f:131:2:131:17":4,"s:132:18:134:Infinity":55,"f:132:44:132:Infinity":5,"s:133:18:133:Infinity":56,"b:133:18:133:41:133:41:133:Infinity":12,"s:135:27:135:Infinity":57,"b:137:4:139:Infinity:undefined:undefined:undefined:undefined":13,"s:137:4:139:Infinity":58,"s:138:6:138:Infinity":59,"s:141:18:141:Infinity":60,"s:143:4:143:Infinity":61,"s:146:4:146:Infinity":62,"s:148:4:148:Infinity":63,"f:152:9:152:21":6,"s:153:17:153:Infinity":64,"b:155:2:161:Infinity:undefined:undefined:undefined:undefined":14,"s:155:2:161:Infinity":65,"s:156:4:160:Infinity":66,"b:163:2:165:Infinity:undefined:undefined:undefined:undefined":15,"s:163:2:165:Infinity":67,"s:164:4:164:Infinity":68,"s:167:2:171:Infinity":69,"f:174:16:174:37":7,"s:175:41:175:Infinity":70,"s:178:2:189:Infinity":71,"s:179:18:179:Infinity":72,"b:179:18:179:49:179:49:179:Infinity":16,"s:180:41:180:Infinity":73,"s:181:17:181:Infinity":74,"s:183:4:186:Infinity":75,"s:184:6:184:Infinity":76,"s:185:6:185:Infinity":77,"s:188:4:188:Infinity":78,"s:191:2:198:Infinity":79,"f:201:22:201:41":8,"s:202:18:202:Infinity":80,"s:203:16:203:Infinity":81,"b:205:2:205:Infinity:undefined:undefined:undefined:undefined":17,"s:205:2:205:Infinity":82,"s:205:14:205:Infinity":83,"s:207:2:219:Infinity":84,"b:208:4:212:Infinity:undefined:undefined:undefined:undefined":18,"s:208:4:212:Infinity":85,"s:209:22:209:Infinity":86,"b:209:22:209:60:209:60:209:Infinity":19,"s:210:22:210:Infinity":87,"s:211:6:211:Infinity":88,"s:214:22:214:Infinity":89,"s:215:20:215:Infinity":90,"s:216:4:216:Infinity":91,"s:218:4:218:Infinity":92,"f:222:9:222:25":9,"s:223:2:227:Infinity":93,"s:224:4:224:Infinity":94,"s:226:4:226:Infinity":95},"fnNames":{}}}
,"/home/runner/work/ast-v8-to-istanbul/ast-v8-to-istanbul/src/script-coverage.ts": {"path":"/home/runner/work/ast-v8-to-istanbul/ast-v8-to-istanbul/src/script-coverage.ts","statementMap":{"0":{"start":{"line":7,"column":28},"end":{"line":7,"column":null}},"1":{"start":{"line":13,"column":2},"end":{"line":15,"column":null}},"2":{"start":{"line":14,"column":4},"end":{"line":14,"column":null}},"3":{"start":{"line":17,"column":14},"end":{"line":17,"column":null}},"4":{"start":{"line":18,"column":29},"end":{"line":26,"column":null}},"5":{"start":{"line":19,"column":4},"end":{"line":25,"column":null}},"6":{"start":{"line":19,"column":30},"end":{"line":25,"column":6}},"7":{"start":{"line":28,"column":15},"end":{"line":28,"column":null}},"8":{"start":{"line":29,"column":2},"end":{"line":33,"column":null}},"9":{"start":{"line":30,"column":4},"end":{"line":32,"column":null}},"10":{"start":{"line":31,"column":6},"end":{"line":31,"column":null}},"11":{"start":{"line":35,"column":2},"end":{"line":37,"column":null}},"12":{"start":{"line":36,"column":4},"end":{"line":36,"column":null}},"13":{"start":{"line":39,"column":2},"end":{"line":39,"column":null}},"14":{"start":{"line":44,"column":2},"end":{"line":49,"column":null}},"15":{"start":{"line":45,"column":17},"end":{"line":45,"column":null}},"16":{"start":{"line":46,"column":4},"end":{"line":46,"column":null}},"17":{"start":{"line":46,"column":20},"end":{"line":46,"column":null}},"18":{"start":{"line":48,"column":4},"end":{"line":48,"column":null}},"19":{"start":{"line":51,"column":15},"end":{"line":51,"column":null}},"20":{"start":{"line":53,"column":2},"end":{"line":56,"column":null}},"21":{"start":{"line":55,"column":4},"end":{"line":55,"column":null}},"22":{"start":{"line":58,"column":35},"end":{"line":58,"column":null}},"23":{"start":{"line":60,"column":14},"end":{"line":60,"column":null}},"24":{"start":{"line":62,"column":2},"end":{"line":75,"column":null}},"25":{"start":{"line":62,"column":17},"end":{"line":62,"column":20}},"26":{"start":{"line":63,"column":19},"end":{"line":63,"column":null}},"27":{"start":{"line":64,"column":20},"end":{"line":64,"column":null}},"28":{"start":{"line":65,"column":21},"end":{"line":65,"column":null}},"29":{"start":{"line":67,"column":4},"end":{"line":74,"column":null}},"30":{"start":{"line":68,"column":6},"end":{"line":72,"column":null}},"31":{"start":{"line":73,"column":6},"end":{"line":73,"column":null}},"32":{"start":{"line":77,"column":2},"end":{"line":77,"column":null}},"33":{"start":{"line":81,"column":74},"end":{"line":81,"column":null}},"34":{"start":{"line":83,"column":2},"end":{"line":88,"column":null}},"35":{"start":{"line":84,"column":4},"end":{"line":87,"column":null}},"36":{"start":{"line":85,"column":6},"end":{"line":85,"column":null}},"37":{"start":{"line":86,"column":6},"end":{"line":86,"column":null}},"38":{"start":{"line":90,"column":2},"end":{"line":90,"column":null}},"39":{"start":{"line":90,"column":24},"end":{"line":90,"column":43}},"40":{"start":{"line":92,"column":29},"end":{"line":92,"column":null}},"41":{"start":{"line":93,"column":35},"end":{"line":93,"column":null}},"42":{"start":{"line":94,"column":15},"end":{"line":94,"column":null}},"43":{"start":{"line":95,"column":14},"end":{"line":95,"column":null}},"44":{"start":{"line":97,"column":2},"end":{"line":124,"column":null}},"45":{"start":{"line":98,"column":19},"end":{"line":98,"column":null}},"46":{"start":{"line":100,"column":4},"end":{"line":109,"column":null}},"47":{"start":{"line":101,"column":20},"end":{"line":101,"column":null}},"48":{"start":{"line":102,"column":23},"end":{"line":102,"column":null}},"49":{"start":{"line":104,"column":6},"end":{"line":108,"column":null}},"50":{"start":{"line":105,"column":8},"end":{"line":105,"column":null}},"51":{"start":{"line":107,"column":8},"end":{"line":107,"column":null}},"52":{"start":{"line":111,"column":4},"end":{"line":121,"column":null}},"53":{"start":{"line":112,"column":20},"end":{"line":112,"column":null}},"54":{"start":{"line":114,"column":6},"end":{"line":118,"column":null}},"55":{"start":{"line":115,"column":8},"end":{"line":115,"column":null}},"56":{"start":{"line":117,"column":8},"end":{"line":117,"column":null}},"57":{"start":{"line":120,"column":6},"end":{"line":120,"column":null}},"58":{"start":{"line":123,"column":4},"end":{"line":123,"column":null}},"59":{"start":{"line":126,"column":2},"end":{"line":126,"column":null}},"60":{"start":{"line":131,"column":15},"end":{"line":131,"column":null}},"61":{"start":{"line":133,"column":2},"end":{"line":143,"column":null}},"62":{"start":{"line":133,"column":19},"end":{"line":133,"column":22}},"63":{"start":{"line":134,"column":18},"end":{"line":134,"column":null}},"64":{"start":{"line":136,"column":4},"end":{"line":142,"column":null}},"65":{"start":{"line":141,"column":6},"end":{"line":141,"column":null}},"66":{"start":{"line":145,"column":2},"end":{"line":145,"column":null}},"67":{"start":{"line":152,"column":12},"end":{"line":152,"column":null}},"68":{"start":{"line":153,"column":13},"end":{"line":153,"column":null}},"69":{"start":{"line":155,"column":2},"end":{"line":166,"column":null}},"70":{"start":{"line":156,"column":16},"end":{"line":156,"column":null}},"71":{"start":{"line":157,"column":21},"end":{"line":157,"column":null}},"72":{"start":{"line":159,"column":4},"end":{"line":165,"column":null}},"73":{"start":{"line":160,"column":6},"end":{"line":160,"column":null}},"74":{"start":{"line":161,"column":11},"end":{"line":165,"column":null}},"75":{"start":{"line":162,"column":6},"end":{"line":162,"column":null}},"76":{"start":{"line":164,"column":6},"end":{"line":164,"column":null}},"77":{"start":{"line":168,"column":2},"end":{"line":168,"column":null}}},"fnMap":{"0":{"name":"normalize","decl":{"start":{"line":9,"column":16},"end":{"line":9,"column":null}},"loc":{"start":{"line":12,"column":16},"end":{"line":40,"column":null}},"line":12},"1":{"name":"(anonymous_1)","decl":{"start":{"line":18,"column":54},"end":{"line":18,"column":63}},"loc":{"start":{"line":19,"column":4},"end":{"line":25,"column":null}},"line":19},"2":{"name":"(anonymous_2)","decl":{"start":{"line":19,"column":14},"end":{"line":19,"column":19}},"loc":{"start":{"line":19,"column":30},"end":{"line":25,"column":6}},"line":19},"3":{"name":"normalizeWithHitsArray","decl":{"start":{"line":42,"column":9},"end":{"line":42,"column":32}},"loc":{"start":{"line":42,"column":82},"end":{"line":78,"column":null}},"line":42},"4":{"name":"(anonymous_4)","decl":{"start":{"line":44,"column":9},"end":{"line":44,"column":15}},"loc":{"start":{"line":44,"column":24},"end":{"line":49,"column":3}},"line":44},"5":{"name":"normalizeWithEventSweep","decl":{"start":{"line":80,"column":9},"end":{"line":80,"column":33}},"loc":{"start":{"line":80,"column":67},"end":{"line":127,"column":null}},"line":80},"6":{"name":"(anonymous_6)","decl":{"start":{"line":90,"column":9},"end":{"line":90,"column":15}},"loc":{"start":{"line":90,"column":24},"end":{"line":90,"column":43}},"line":90},"7":{"name":"getMostSpecificRange","decl":{"start":{"line":130,"column":9},"end":{"line":130,"column":30}},"loc":{"start":{"line":130,"column":60},"end":{"line":146,"column":null}},"line":130},"8":{"name":"getCount","decl":{"start":{"line":148,"column":16},"end":{"line":148,"column":null}},"loc":{"start":{"line":151,"column":2},"end":{"line":169,"column":null}},"line":151}},"branchMap":{"0":{"loc":{"start":{"line":11,"column":2},"end":{"line":11,"column":null}},"type":"default-arg","locations":[{"start":{"line":11,"column":21},"end":{"line":11,"column":null}}],"line":11},"1":{"loc":{"start":{"line":13,"column":2},"end":{"line":15,"column":null}},"type":"if","locations":[{"start":{"line":13,"column":2},"end":{"line":15,"column":null}},{"start":{},"end":{}}],"line":13},"2":{"loc":{"start":{"line":30,"column":4},"end":{"line":32,"column":null}},"type":"if","locations":[{"start":{"line":30,"column":4},"end":{"line":32,"column":null}},{"start":{},"end":{}}],"line":30},"3":{"loc":{"start":{"line":35,"column":2},"end":{"line":37,"column":null}},"type":"if","locations":[{"start":{"line":35,"column":2},"end":{"line":37,"column":null}},{"start":{},"end":{}}],"line":35},"4":{"loc":{"start":{"line":46,"column":4},"end":{"line":46,"column":null}},"type":"if","locations":[{"start":{"line":46,"column":4},"end":{"line":46,"column":null}},{"start":{},"end":{}}],"line":46},"5":{"loc":{"start":{"line":64,"column":20},"end":{"line":64,"column":null}},"type":"cond-expr","locations":[{"start":{"line":64,"column":29},"end":{"line":64,"column":36}},{"start":{"line":64,"column":36},"end":{"line":64,"column":null}}],"line":64},"6":{"loc":{"start":{"line":67,"column":4},"end":{"line":74,"column":null}},"type":"if","locations":[{"start":{"line":67,"column":4},"end":{"line":74,"column":null}},{"start":{},"end":{}}],"line":67},"7":{"loc":{"start":{"line":67,"column":8},"end":{"line":67,"column":40}},"type":"binary-expr","locations":[{"start":{"line":67,"column":8},"end":{"line":67,"column":32}},{"start":{"line":67,"column":32},"end":{"line":67,"column":40}}],"line":67},"8":{"loc":{"start":{"line":84,"column":4},"end":{"line":87,"column":null}},"type":"if","locations":[{"start":{"line":84,"column":4},"end":{"line":87,"column":null}},{"start":{},"end":{}}],"line":84},"9":{"loc":{"start":{"line":94,"column":15},"end":{"line":94,"column":null}},"type":"cond-expr","locations":[{"start":{"line":94,"column":35},"end":{"line":94,"column":54}},{"start":{"line":94,"column":54},"end":{"line":94,"column":null}}],"line":94},"10":{"loc":{"start":{"line":100,"column":4},"end":{"line":109,"column":null}},"type":"if","locations":[{"start":{"line":100,"column":4},"end":{"line":109,"column":null}},{"start":{},"end":{}}],"line":100},"11":{"loc":{"start":{"line":100,"column":8},"end":{"line":100,"column":46}},"type":"binary-expr","locations":[{"start":{"line":100,"column":8},"end":{"line":100,"column":29}},{"start":{"line":100,"column":29},"end":{"line":100,"column":46}}],"line":100},"12":{"loc":{"start":{"line":104,"column":6},"end":{"line":108,"column":null}},"type":"if","locations":[{"start":{"line":104,"column":6},"end":{"line":108,"column":null}},{"start":{"line":106,"column":13},"end":{"line":108,"column":null}}],"line":104},"13":{"loc":{"start":{"line":104,"column":10},"end":{"line":104,"column":79}},"type":"binary-expr","locations":[{"start":{"line":104,"column":10},"end":{"line":104,"column":22}},{"start":{"line":104,"column":22},"end":{"line":104,"column":53}},{"start":{"line":104,"column":53},"end":{"line":104,"column":79}}],"line":104},"14":{"loc":{"start":{"line":111,"column":11},"end":{"line":111,"column":69}},"type":"binary-expr","locations":[{"start":{"line":111,"column":11},"end":{"line":111,"column":36}},{"start":{"line":111,"column":36},"end":{"line":111,"column":69}}],"line":111},"15":{"loc":{"start":{"line":114,"column":6},"end":{"line":118,"column":null}},"type":"if","locations":[{"start":{"line":114,"column":6},"end":{"line":118,"column":null}},{"start":{"line":116,"column":13},"end":{"line":118,"column":null}}],"line":114},"16":{"loc":{"start":{"line":136,"column":4},"end":{"line":142,"column":null}},"type":"if","locations":[{"start":{"line":136,"column":4},"end":{"line":142,"column":null}},{"start":{},"end":{}}],"line":136},"17":{"loc":{"start":{"line":137,"column":6},"end":{"line":139,"column":null}},"type":"binary-expr","locations":[{"start":{"line":137,"column":6},"end":{"line":137,"column":null}},{"start":{"line":138,"column":7},"end":{"line":138,"column":37}},{"start":{"line":138,"column":37},"end":{"line":138,"column":null}},{"start":{"line":139,"column":7},"end":{"line":139,"column":37}},{"start":{"line":139,"column":37},"end":{"line":139,"column":65}},{"start":{"line":139,"column":65},"end":{"line":139,"column":null}}],"line":137},"18":{"loc":{"start":{"line":159,"column":4},"end":{"line":165,"column":null}},"type":"if","locations":[{"start":{"line":159,"column":4},"end":{"line":165,"column":null}},{"start":{"line":161,"column":11},"end":{"line":165,"column":null}}],"line":159},"19":{"loc":{"start":{"line":159,"column":8},"end":{"line":159,"column":84}},"type":"binary-expr","locations":[{"start":{"line":159,"column":8},"end":{"line":159,"column":48}},{"start":{"line":159,"column":48},"end":{"line":159,"column":84}}],"line":159},"20":{"loc":{"start":{"line":161,"column":11},"end":{"line":165,"column":null}},"type":"if","locations":[{"start":{"line":161,"column":11},"end":{"line":165,"column":null}},{"start":{"line":163,"column":11},"end":{"line":165,"column":null}}],"line":161}},"s":{"0":54,"1":2952,"2":42,"3":2910,"4":2910,"5":32304,"6":42671,"7":2910,"8":2910,"9":42671,"10":5898,"11":2910,"12":1906,"13":1004,"14":1906,"15":104088,"16":104088,"17":38771,"18":65317,"19":1906,"20":1906,"21":27547,"22":1906,"23":1906,"24":1906,"25":1906,"26":9684735,"27":9684735,"28":9684735,"29":9684735,"30":46276,"31":46276,"32":1906,"33":1004,"34":1004,"35":15124,"36":15044,"37":15044,"38":1004,"39":58080,"40":1004,"41":1004,"42":1004,"43":1004,"44":1004,"45":29604,"46":29604,"47":27852,"48":27852,"49":27852,"50":5888,"51":21964,"52":29604,"53":30088,"54":30088,"55":15044,"56":15044,"57":30088,"58":29604,"59":1004,"60":27852,"61":27852,"62":27852,"63":41752,"64":41752,"65":34200,"66":27852,"67":9025032,"68":9025032,"69":9025032,"70":98450778,"71":98450778,"72":98450778,"73":8730016,"74":89720762,"75":15366616,"76":74354146,"77":295016},"f":{"0":2952,"1":32304,"2":42671,"3":1906,"4":104088,"5":1004,"6":58080,"7":27852,"8":9025032},"b":{"0":[2952],"1":[42,2910],"2":[5898,36773],"3":[1906,1004],"4":[38771,65317],"5":[1906,9682829],"6":[46276,9638459],"7":[9684735,9638459],"8":[15044,80],"9":[1004,0],"10":[27852,1752],"11":[29604,27852],"12":[5888,21964],"13":[27852,26848,26100],"14":[29604,58688],"15":[15044,15044],"16":[34200,7552],"17":[41752,7744,192,7584,32,32],"18":[8730016,89720762],"19":[98450778,83084162],"20":[15366616,74354146]},"meta":{"lastBranch":21,"lastFunction":9,"lastStatement":78,"seen":{"s:7:28:7:Infinity":0,"f:9:16:9:Infinity":0,"b:11:21:11:Infinity":0,"b:13:2:15:Infinity:undefined:undefined:undefined:undefined":1,"s:13:2:15:Infinity":1,"s:14:4:14:Infinity":2,"s:17:14:17:Infinity":3,"s:18:29:26:Infinity":4,"f:18:54:18:63":1,"s:19:4:25:Infinity":5,"f:19:14:19:19":2,"s:19:30:25:6":6,"s:28:15:28:Infinity":7,"s:29:2:33:Infinity":8,"b:30:4:32:Infinity:undefined:undefined:undefined:undefined":2,"s:30:4:32:Infinity":9,"s:31:6:31:Infinity":10,"b:35:2:37:Infinity:undefined:undefined:undefined:undefined":3,"s:35:2:37:Infinity":11,"s:36:4:36:Infinity":12,"s:39:2:39:Infinity":13,"f:42:9:42:32":3,"s:44:2:49:Infinity":14,"f:44:9:44:15":4,"s:45:17:45:Infinity":15,"b:46:4:46:Infinity:undefined:undefined:undefined:undefined":4,"s:46:4:46:Infinity":16,"s:46:20:46:Infinity":17,"s:48:4:48:Infinity":18,"s:51:15:51:Infinity":19,"s:53:2:56:Infinity":20,"s:55:4:55:Infinity":21,"s:58:35:58:Infinity":22,"s:60:14:60:Infinity":23,"s:62:2:75:Infinity":24,"s:62:17:62:20":25,"s:63:19:63:Infinity":26,"s:64:20:64:Infinity":27,"b:64:29:64:36:64:36:64:Infinity":5,"s:65:21:65:Infinity":28,"b:67:4:74:Infinity:undefined:undefined:undefined:undefined":6,"s:67:4:74:Infinity":29,"b:67:8:67:32:67:32:67:40":7,"s:68:6:72:Infinity":30,"s:73:6:73:Infinity":31,"s:77:2:77:Infinity":32,"f:80:9:80:33":5,"s:81:74:81:Infinity":33,"s:83:2:88:Infinity":34,"b:84:4:87:Infinity:undefined:undefined:undefined:undefined":8,"s:84:4:87:Infinity":35,"s:85:6:85:Infinity":36,"s:86:6:86:Infinity":37,"s:90:2:90:Infinity":38,"f:90:9:90:15":6,"s:90:24:90:43":39,"s:92:29:92:Infinity":40,"s:93:35:93:Infinity":41,"s:94:15:94:Infinity":42,"b:94:35:94:54:94:54:94:Infinity":9,"s:95:14:95:Infinity":43,"s:97:2:124:Infinity":44,"s:98:19:98:Infinity":45,"b:100:4:109:Infinity:undefined:undefined:undefined:undefined":10,"s:100:4:109:Infinity":46,"b:100:8:100:29:100:29:100:46":11,"s:101:20:101:Infinity":47,"s:102:23:102:Infinity":48,"b:104:6:108:Infinity:106:13:108:Infinity":12,"s:104:6:108:Infinity":49,"b:104:10:104:22:104:22:104:53:104:53:104:79":13,"s:105:8:105:Infinity":50,"s:107:8:107:Infinity":51,"s:111:4:121:Infinity":52,"b:111:11:111:36:111:36:111:69":14,"s:112:20:112:Infinity":53,"b:114:6:118:Infinity:116:13:118:Infinity":15,"s:114:6:118:Infinity":54,"s:115:8:115:Infinity":55,"s:117:8:117:Infinity":56,"s:120:6:120:Infinity":57,"s:123:4:123:Infinity":58,"s:126:2:126:Infinity":59,"f:130:9:130:30":7,"s:131:15:131:Infinity":60,"s:133:2:143:Infinity":61,"s:133:19:133:22":62,"s:134:18:134:Infinity":63,"b:136:4:142:Infinity:undefined:undefined:undefined:undefined":16,"s:136:4:142:Infinity":64,"b:137:6:137:Infinity:138:7:138:37:138:37:138:Infinity:139:7:139:37:139:37:139:65:139:65:139:Infinity":17,"s:141:6:141:Infinity":65,"s:145:2:145:Infinity":66,"f:148:16:148:Infinity":8,"s:152:12:152:Infinity":67,"s:153:13:153:Infinity":68,"s:155:2:166:Infinity":69,"s:156:16:156:Infinity":70,"s:157:21:157:Infinity":71,"b:159:4:165:Infinity:161:11:165:Infinity":18,"s:159:4:165:Infinity":72,"b:159:8:159:48:159:48:159:84":19,"s:160:6:160:Infinity":73,"b:161:11:165:Infinity:163:11:165:Infinity":20,"s:161:11:165:Infinity":74,"s:162:6:162:Infinity":75,"s:164:6:164:Infinity":76,"s:168:2:168:Infinity":77},"fnNames":{}}}
,"/home/runner/work/ast-v8-to-istanbul/ast-v8-to-istanbul/src/types.ts": {"path":"/home/runner/work/ast-v8-to-istanbul/ast-v8-to-istanbul/src/types.ts","statementMap":{},"fnMap":{},"branchMap":{},"s":{},"f":{},"b":{},"meta":{"lastBranch":0,"lastFunction":0,"lastStatement":0,"seen":{},"fnNames":{}}}
}
